#
# A fatal error has been detected by the Java Runtime Environment:
#
#  SIGSEGV (0xb) at pc=0xb77167c0, pid=9979, tid=1164376896
#
# JRE version: OpenJDK Runtime Environment (7.0_79-b14) (build 1.7.0_79-b14)
# Java VM: OpenJDK Server VM (24.79-b02 mixed mode linux-x86 )
# Derivative: IcedTea 2.5.6
# Distribution: Ubuntu 14.04 LTS, package 7u79-2.5.6-0ubuntu1.14.04.1
# Problematic frame:
# C  [libc.so.6+0x1337c0]
#
# Failed to write core dump. Core dumps have been disabled. To enable core dumping, try "ulimit -c unlimited" before starting Java again
#
# If you would like to submit a bug report, please include
# instructions on how to reproduce the bug and visit:
#   http://icedtea.classpath.org/bugzilla
# The crash happened outside the Java Virtual Machine in native code.
# See problematic frame for where to report the bug.
#

---------------  T H R E A D  ---------------

Current thread (0x4584f800):  JavaThread "Thread-33" [_thread_in_native, id=10597, stack(0x4561f000,0x45670000)]

siginfo:si_signo=SIGSEGV: si_errno=0, si_code=2 (SEGV_ACCERR), si_addr=0x44d20f20

Registers:
EAX=0x4acdbc20, EBX=0xb778d000, ECX=0x00000292, EDX=0x44d20f30
ESP=0x4566eed0, EBP=0x4566ef08, ESI=0x44d20f20, EDI=0x00000000
EIP=0xb77167c0, EFLAGS=0x00010246, CR2=0x44d20f20

Top of Stack: (sp=0x4566eed0)
0x4566eed0:   4c67167c 4584f800 4c671680 44d02032
0x4566eee0:   44d20f20 4acdbc10 000002a2 fff80000
0x4566eef0:   4c671680 4c67167c 4584f800 4acdbc10
0x4566ef00:   b340b46b 4584f800 4566ef50 b340b570
0x4566ef10:   4584f928 4566ef6c 00031020 000002a2
0x4566ef20:   4566ef60 6953202d 616c756d 6e6f6974
0x4566ef30:   4566ef30 4c67167c 4566ef6c 4c671828
0x4566ef40:   00000000 4c671680 00000000 4566ef70 

Instructions: (pc=0xb77167c0)
0xb77167a0:   e7 0f 74 1c e8 a2 31 ff ff 81 c3 d7 74 03 00 03
0xb77167b0:   1c bb ff e3 8d b6 00 00 00 00 8d bf 00 00 00 00
0xb77167c0:   f3 0f 7f 06 31 ff 83 f9 7f 0f 87 94 00 00 00 8d
0xb77167d0:   49 e0 66 0f 6f 04 38 66 0f 6f 4c 38 10 83 e9 20 

Register to memory mapping:

EAX=0x4acdbc20 is an unknown value
EBX=0xb778d000: <offset 0x1aa000> in /lib/i386-linux-gnu/libc.so.6 at 0xb75e3000
ECX=0x00000292 is an unknown value
EDX=0x44d20f30: <offset 0x2ff30> in /media/user/Harddisk/Double-MAC/lanada/obj_cooja/mtype800.cooja at 0x44cf1000
ESP=0x4566eed0 is pointing into the stack for thread: 0x4584f800
EBP=0x4566ef08 is pointing into the stack for thread: 0x4584f800
ESI=0x44d20f20: <offset 0x2ff20> in /media/user/Harddisk/Double-MAC/lanada/obj_cooja/mtype800.cooja at 0x44cf1000
EDI=0x00000000 is an unknown value


Stack: [0x4561f000,0x45670000],  sp=0x4566eed0,  free space=319k
Native frames: (J=compiled Java code, j=interpreted, Vv=VM code, C=native code)
C  [libc.so.6+0x1337c0]
j  org.contikios.cooja.corecomm.Lib8.setMemory(II[B)V+0
J 1030 C2 org.contikios.cooja.contikimote.ContikiMoteType.setCoreMemory(Lorg/contikios/cooja/mote/memory/SectionMoteMemory;)V (66 bytes) @ 0xb36283e4 [0xb3628200+0x1e4]
J 1433 C2 org.contikios.cooja.Simulation.run()V (432 bytes) @ 0xb34fd758 [0xb34fd5a0+0x1b8]
j  java.lang.Thread.run()V+11
v  ~StubRoutines::call_stub
V  [libjvm.so+0x4b3206]  JavaCalls::call_helper(JavaValue*, methodHandle*, JavaCallArguments*, Thread*)+0x386

Java frames: (J=compiled Java code, j=interpreted, Vv=VM code)
j  org.contikios.cooja.corecomm.Lib8.setMemory(II[B)V+0
J 1030 C2 org.contikios.cooja.contikimote.ContikiMoteType.setCoreMemory(Lorg/contikios/cooja/mote/memory/SectionMoteMemory;)V (66 bytes) @ 0xb36283e4 [0xb3628200+0x1e4]
J 1433 C2 org.contikios.cooja.Simulation.run()V (432 bytes) @ 0xb34fd758 [0xb34fd5a0+0x1b8]
j  java.lang.Thread.run()V+11
v  ~StubRoutines::call_stub

---------------  P R O C E S S  ---------------

Java Threads: ( => current thread )
=>0x4584f800 JavaThread "Thread-33" [_thread_in_native, id=10597, stack(0x4561f000,0x45670000)]
  0x4ace0000 JavaThread "Thread-32" [_thread_blocked, id=10596, stack(0x44bfe000,0x44c4f000)]
  0x4acde400 JavaThread "Thread-31" [_thread_blocked, id=10586, stack(0x43d3a000,0x43d8b000)]
  0x4ac02000 JavaThread "Thread-30" [_thread_blocked, id=10585, stack(0x442af000,0x44300000)]
  0x4ac01800 JavaThread "Thread-29" [_thread_blocked, id=10538, stack(0x43cdb000,0x43d2c000)]
  0x4ac93400 JavaThread "Thread-28" [_thread_blocked, id=10537, stack(0x44b4e000,0x44b9f000)]
  0x4acd0c00 JavaThread "process reaper" daemon [_thread_blocked, id=10428, stack(0x45604000,0x4561f000)]
  0x4ac1e400 JavaThread "Thread-22" [_thread_blocked, id=10384, stack(0x44424000,0x44475000)]
  0x4ac1b800 JavaThread "Thread-20" [_thread_blocked, id=10336, stack(0x448bc000,0x4490d000)]
  0x46156000 JavaThread "Thread-16" [_thread_blocked, id=10286, stack(0x44d2b000,0x44d7c000)]
  0x46156800 JavaThread "Thread-14" [_thread_blocked, id=10237, stack(0x449af000,0x44a00000)]
  0x461fc800 JavaThread "Thread-9" [_thread_blocked, id=10184, stack(0x4490d000,0x4495e000)]
  0x4465f800 JavaThread "Thread-7" [_thread_blocked, id=10136, stack(0x4495e000,0x449af000)]
  0x45867c00 JavaThread "Thread-6" [_thread_blocked, id=10091, stack(0x44ca0000,0x44cf1000)]
  0x461c4800 JavaThread "Thread-4" [_thread_blocked, id=10080, stack(0x44c4f000,0x44ca0000)]
  0x46cbc000 JavaThread "Thread-3" [_thread_blocked, id=10047, stack(0x44dcd000,0x44e1e000)]
  0x461c0000 JavaThread "Thread-1" [_thread_blocked, id=10036, stack(0x44d7c000,0x44dcd000)]
  0x4586fc00 JavaThread "TimerQueue" daemon [_thread_blocked, id=9999, stack(0x456c9000,0x4571a000)]
  0xb6407800 JavaThread "DestroyJavaVM" [_thread_blocked, id=9981, stack(0xb6599000,0xb65ea000)]
  0x4580b800 JavaThread "AWT-EventQueue-0" [_thread_in_native, id=9998, stack(0x4571a000,0x4576b000)]
  0x466e0c00 JavaThread "AWT-Shutdown" [_thread_blocked, id=9997, stack(0x4576b000,0x457bc000)]
  0x466cb400 JavaThread "AWT-XAWT" daemon [_thread_in_native, id=9996, stack(0x4595b000,0x459ac000)]
  0x466bb800 JavaThread "Java2D Disposer" daemon [_thread_blocked, id=9995, stack(0x459bd000,0x45a0e000)]
  0x46c2c400 JavaThread "Service Thread" daemon [_thread_blocked, id=9993, stack(0x467ba000,0x4680b000)]
  0x46c2a800 JavaThread "C2 CompilerThread1" daemon [_thread_blocked, id=9992, stack(0x4680b000,0x4688c000)]
  0x46c28800 JavaThread "C2 CompilerThread0" daemon [_thread_blocked, id=9991, stack(0x4688c000,0x4690d000)]
  0x46c26c00 JavaThread "Signal Dispatcher" daemon [_thread_blocked, id=9990, stack(0x4690d000,0x4695e000)]
  0x46c14000 JavaThread "Finalizer" daemon [_thread_blocked, id=9988, stack(0x46b5e000,0x46baf000)]
  0x46c12800 JavaThread "Reference Handler" daemon [_thread_blocked, id=9987, stack(0x46baf000,0x46c00000)]

Other Threads:
  0x46c10400 VMThread [stack: 0x46d05000,0x46d86000] [id=9985]
  0x46c2e000 WatcherThread [stack: 0x46739000,0x467ba000] [id=9994]

VM state:not at safepoint (normal execution)

VM Mutex/Monitor currently owned by a thread: None

Heap
 PSYoungGen      total 518144K, used 318818K [0x93340000, 0xb3340000, 0xb3340000)
  eden space 517632K, 61% used [0x93340000,0xa6a18dd0,0xb2cc0000)
  from space 512K, 99% used [0xb32c0000,0xb333fd28,0xb3340000)
  to   space 3328K, 0% used [0xb2cc0000,0xb2cc0000,0xb3000000)
 ParOldGen       total 1048576K, used 212221K [0x53340000, 0x93340000, 0x93340000)
  object space 1048576K, 20% used [0x53340000,0x6027f768,0x93340000)
 PSPermGen       total 19968K, used 19660K [0x4b340000, 0x4c6c0000, 0x53340000)
  object space 19968K, 98% used [0x4b340000,0x4c6733e8,0x4c6c0000)

Card table byte_map: [0x4afff000,0x4b340000] byte_map_base: 0x4ada5600

Polling page: 0xb7797000

Code Cache  [0xb3400000, 0xb3978000, 0xb6400000)
 total_blobs=2287 nmethods=1989 adapters=249 free_code_cache=43661Kb largest_free_block=44608896

Compilation events (10 events):
Event: 1236.391 Thread 0x46c2a800 nmethod 2248 0xb391ff88 code [0xb3920100, 0xb3920744]
Event: 1236.392 Thread 0x46c2a800 2249             javax.swing.text.StyleContext$SmallAttributeSet::isDefined (38 bytes)
Event: 1236.394 Thread 0x46c2a800 nmethod 2249 0xb391d308 code [0xb391d400, 0xb391d570]
Event: 1236.574 Thread 0x46c2a800 2250             java.util.TreeMap::getEntry (84 bytes)
Event: 1236.576 Thread 0x46c2a800 nmethod 2250 0xb391cd48 code [0xb391ce60, 0xb391d110]
Event: 1236.752 Thread 0x46c28800 nmethod 2244 0xb3953f48 code [0xb39554c0, 0xb395f900]
Event: 1238.719 Thread 0x46c2a800 2251             java.util.Arrays::binarySearch0 (72 bytes)
Event: 1238.720 Thread 0x46c2a800 nmethod 2251 0xb39183c8 code [0xb39184c0, 0xb3918570]
Event: 1238.726 Thread 0x46c2a800 2252             javax.swing.text.BoxView::updateChildSizes (90 bytes)
Event: 1238.728 Thread 0x46c2a800 nmethod 2252 0xb383a0c8 code [0xb383a1e0, 0xb383a450]

GC Heap History (10 events):
Event: 1190.782 GC heap before
{Heap before GC invocations=8758 (full 348):
 PSYoungGen      total 523776K, used 523610K [0x93340000, 0xb3340000, 0xb3340000)
  eden space 523264K, 100% used [0x93340000,0xb3240000,0xb3240000)
  from space 512K, 67% used [0xb32c0000,0xb3316848,0xb3340000)
  to   space 512K, 0% used [0xb3240000,0xb3240000,0xb32c0000)
 ParOldGen       total 1048576K, used 349639K [0x53340000, 0x93340000, 0x93340000)
  object space 1048576K, 33% used [0x53340000,0x688b1ee8,0x93340000)
 PSPermGen       total 19712K, used 19549K [0x4b340000, 0x4c680000, 0x53340000)
  object space 19712K, 99% used [0x4b340000,0x4c657530,0x4c680000)
Event: 1190.785 GC heap after
Heap after GC invocations=8758 (full 348):
 PSYoungGen      total 523776K, used 435K [0x93340000, 0xb3340000, 0xb3340000)
  eden space 523264K, 0% used [0x93340000,0x93340000,0xb3240000)
  from space 512K, 85% used [0xb3240000,0xb32acfb8,0xb32c0000)
  to   space 512K, 0% used [0xb32c0000,0xb32c0000,0xb3340000)
 ParOldGen       total 1048576K, used 349639K [0x53340000, 0x93340000, 0x93340000)
  object space 1048576K, 33% used [0x53340000,0x688b1ee8,0x93340000)
 PSPermGen       total 19712K, used 19549K [0x4b340000, 0x4c680000, 0x53340000)
  object space 19712K, 99% used [0x4b340000,0x4c657530,0x4c680000)
}
Event: 1205.969 GC heap before
{Heap before GC invocations=8759 (full 348):
 PSYoungGen      total 523776K, used 523699K [0x93340000, 0xb3340000, 0xb3340000)
  eden space 523264K, 100% used [0x93340000,0xb3240000,0xb3240000)
  from space 512K, 85% used [0xb3240000,0xb32acfb8,0xb32c0000)
  to   space 512K, 0% used [0xb32c0000,0xb32c0000,0xb3340000)
 ParOldGen       total 1048576K, used 349639K [0x53340000, 0x93340000, 0x93340000)
  object space 1048576K, 33% used [0x53340000,0x688b1ee8,0x93340000)
 PSPermGen       total 19712K, used 19638K [0x4b340000, 0x4c680000, 0x53340000)
  object space 19712K, 99% used [0x4b340000,0x4c66db08,0x4c680000)
Event: 1205.971 GC heap after
Heap after GC invocations=8759 (full 348):
 PSYoungGen      total 523776K, used 464K [0x93340000, 0xb3340000, 0xb3340000)
  eden space 523264K, 0% used [0x93340000,0x93340000,0xb3240000)
  from space 512K, 90% used [0xb32c0000,0xb3334178,0xb3340000)
  to   space 512K, 0% used [0xb3240000,0xb3240000,0xb32c0000)
 ParOldGen       total 1048576K, used 349639K [0x53340000, 0x93340000, 0x93340000)
  object space 1048576K, 33% used [0x53340000,0x688b1ee8,0x93340000)
 PSPermGen       total 19712K, used 19638K [0x4b340000, 0x4c680000, 0x53340000)
  object space 19712K, 99% used [0x4b340000,0x4c66db08,0x4c680000)
}
Event: 1230.970 GC heap before
{Heap before GC invocations=8760 (full 348):
 PSYoungGen      total 523776K, used 494999K [0x93340000, 0xb3340000, 0xb3340000)
  eden space 523264K, 94% used [0x93340000,0xb1631d00,0xb3240000)
  from space 512K, 90% used [0xb32c0000,0xb3334178,0xb3340000)
  to   space 512K, 0% used [0xb3240000,0xb3240000,0xb32c0000)
 ParOldGen       total 1048576K, used 349639K [0x53340000, 0x93340000, 0x93340000)
  object space 1048576K, 33% used [0x53340000,0x688b1ee8,0x93340000)
 PSPermGen       total 19712K, used 19651K [0x4b340000, 0x4c680000, 0x53340000)
  object space 19712K, 99% used [0x4b340000,0x4c670cd8,0x4c680000)
Event: 1230.974 GC heap after
Heap after GC invocations=8760 (full 348):
 PSYoungGen      total 523776K, used 502K [0x93340000, 0xb3340000, 0xb3340000)
  eden space 523264K, 0% used [0x93340000,0x93340000,0xb3240000)
  from space 512K, 98% used [0xb3240000,0xb32bd930,0xb32c0000)
  to   space 512K, 0% used [0xb32c0000,0xb32c0000,0xb3340000)
 ParOldGen       total 1048576K, used 357171K [0x53340000, 0x93340000, 0x93340000)
  object space 1048576K, 34% used [0x53340000,0x6900cf10,0x93340000)
 PSPermGen       total 19712K, used 19651K [0x4b340000, 0x4c680000, 0x53340000)
  object space 19712K, 99% used [0x4b340000,0x4c670cd8,0x4c680000)
}
Event: 1230.974 GC heap before
{Heap before GC invocations=8761 (full 349):
 PSYoungGen      total 523776K, used 502K [0x93340000, 0xb3340000, 0xb3340000)
  eden space 523264K, 0% used [0x93340000,0x93340000,0xb3240000)
  from space 512K, 98% used [0xb3240000,0xb32bd930,0xb32c0000)
  to   space 512K, 0% used [0xb32c0000,0xb32c0000,0xb3340000)
 ParOldGen       total 1048576K, used 357171K [0x53340000, 0x93340000, 0x93340000)
  object space 1048576K, 34% used [0x53340000,0x6900cf10,0x93340000)
 PSPermGen       total 19712K, used 19651K [0x4b340000, 0x4c680000, 0x53340000)
  object space 19712K, 99% used [0x4b340000,0x4c670cd8,0x4c680000)
Event: 1231.602 GC heap after
Heap after GC invocations=8761 (full 349):
 PSYoungGen      total 523776K, used 0K [0x93340000, 0xb3340000, 0xb3340000)
  eden space 523264K, 0% used [0x93340000,0x93340000,0xb3240000)
  from space 512K, 0% used [0xb3240000,0xb3240000,0xb32c0000)
  to   space 512K, 0% used [0xb32c0000,0xb32c0000,0xb3340000)
 ParOldGen       total 1048576K, used 212117K [0x53340000, 0x93340000, 0x93340000)
  object space 1048576K, 20% used [0x53340000,0x60265768,0x93340000)
 PSPermGen       total 19968K, used 19651K [0x4b340000, 0x4c6c0000, 0x53340000)
  object space 19968K, 98% used [0x4b340000,0x4c670c28,0x4c6c0000)
}
Event: 1235.466 GC heap before
{Heap before GC invocations=8762 (full 349):
 PSYoungGen      total 523776K, used 523264K [0x93340000, 0xb3340000, 0xb3340000)
  eden space 523264K, 100% used [0x93340000,0xb3240000,0xb3240000)
  from space 512K, 0% used [0xb3240000,0xb3240000,0xb32c0000)
  to   space 512K, 0% used [0xb32c0000,0xb32c0000,0xb3340000)
 ParOldGen       total 1048576K, used 212117K [0x53340000, 0x93340000, 0x93340000)
  object space 1048576K, 20% used [0x53340000,0x60265768,0x93340000)
 PSPermGen       total 19968K, used 19654K [0x4b340000, 0x4c6c0000, 0x53340000)
  object space 19968K, 98% used [0x4b340000,0x4c671878,0x4c6c0000)
Event: 1235.468 GC heap after
Heap after GC invocations=8762 (full 349):
 PSYoungGen      total 518144K, used 511K [0x93340000, 0xb3340000, 0xb3340000)
  eden space 517632K, 0% used [0x93340000,0x93340000,0xb2cc0000)
  from space 512K, 99% used [0xb32c0000,0xb333fd28,0xb3340000)
  to   space 3328K, 0% used [0xb2cc0000,0xb2cc0000,0xb3000000)
 ParOldGen       total 1048576K, used 212221K [0x53340000, 0x93340000, 0x93340000)
  object space 1048576K, 20% used [0x53340000,0x6027f768,0x93340000)
 PSPermGen       total 19968K, used 19654K [0x4b340000, 0x4c6c0000, 0x53340000)
  object space 19968K, 98% used [0x4b340000,0x4c671878,0x4c6c0000)
}

Deoptimization events (10 events):
Event: 1236.344 Thread 0x45856000 Uncommon trap: reason=class_check action=maybe_recompile pc=0xb34e614c method=java.util.regex.Pattern$BnM.match(Ljava/util/regex/Matcher;ILjava/lang/CharSequence;)Z @ 111
Event: 1236.345 Thread 0x45856000 Uncommon trap: reason=class_check action=maybe_recompile pc=0xb38abf70 method=com.sun.script.javascript.ExternalScriptable.jsToJava(Ljava/lang/Object;)Ljava/lang/Object; @ 1
Event: 1236.347 Thread 0x45856000 Uncommon trap: reason=class_check action=maybe_recompile pc=0xb38abf70 method=com.sun.script.javascript.ExternalScriptable.jsToJava(Ljava/lang/Object;)Ljava/lang/Object; @ 1
Event: 1236.347 Thread 0x45856000 Uncommon trap: reason=class_check action=maybe_recompile pc=0xb38abf70 method=com.sun.script.javascript.ExternalScriptable.jsToJava(Ljava/lang/Object;)Ljava/lang/Object; @ 1
Event: 1236.348 Thread 0x45856000 Uncommon trap: reason=unreached action=reinterpret pc=0xb386ed00 method=sun.org.mozilla.javascript.Interpreter.initFrame(Lsun/org/mozilla/javascript/Context;Lsun/org/mozilla/javascript/Scriptable;Lsun/org/mozilla/javascript/Scriptable;[Ljava/lang/Object;[
Event: 1236.348 Thread 0x45856000 Uncommon trap: reason=class_check action=maybe_recompile pc=0xb38abf70 method=com.sun.script.javascript.ExternalScriptable.jsToJava(Ljava/lang/Object;)Ljava/lang/Object; @ 1
Event: 1236.348 Thread 0x45856000 Uncommon trap: reason=class_check action=maybe_recompile pc=0xb38a1cd0 method=com.sun.script.javascript.ExternalScriptable.jsToJava(Ljava/lang/Object;)Ljava/lang/Object; @ 1
Event: 1236.371 Thread 0x4ace0000 Uncommon trap: reason=unreached action=reinterpret pc=0xb36f54e0 method=sun.org.mozilla.javascript.ClassCache.getClassCacheMap()Ljava/util/Map; @ 4
Event: 1236.371 Thread 0x4ace0000 Uncommon trap: reason=unreached action=reinterpret pc=0xb36ee2d0 method=sun.org.mozilla.javascript.NativeJavaMethod.findCachedFunction(Lsun/org/mozilla/javascript/Context;[Ljava/lang/Object;)I @ 13
Event: 1236.376 Thread 0x4580b800 Uncommon trap: reason=unreached action=reinterpret pc=0xb37a0460 method=javax.swing.text.PlainView.updateMetrics()V @ 15

Internal exceptions (10 events):
Event: 1236.055 Thread 0x4580b800 Implicit null exception at 0xb38f035a to 0xb38f0641
Event: 1236.057 Thread 0x4580b800 Implicit null exception at 0xb38be0dd to 0xb38be439
Event: 1236.184 Thread 0x45856000 Threw 0xa1181088 at /build/openjdk-7-OXg_HK/openjdk-7-7u79-2.5.6/build/openjdk/hotspot/src/share/vm/prims/jvm.cpp:1284
Event: 1236.184 Thread 0x45856000 Threw 0xa1182ad8 at /build/openjdk-7-OXg_HK/openjdk-7-7u79-2.5.6/build/openjdk/hotspot/src/share/vm/prims/jvm.cpp:1284
Event: 1236.184 Thread 0x45856000 Threw 0xa11831d8 at /build/openjdk-7-OXg_HK/openjdk-7-7u79-2.5.6/build/openjdk/hotspot/src/share/vm/prims/jvm.cpp:1284
Event: 1236.184 Thread 0x45856000 Threw 0xa1184c28 at /build/openjdk-7-OXg_HK/openjdk-7-7u79-2.5.6/build/openjdk/hotspot/src/share/vm/prims/jvm.cpp:1284
Event: 1236.342 Thread 0x45856000 Implicit null exception at 0xb38a37c2 to 0xb38a3ab5
Event: 1236.343 Thread 0x45856000 Implicit null exception at 0xb37978a2 to 0xb3797c01
Event: 1236.343 Thread 0x45856000 Implicit null exception at 0xb37e7982 to 0xb37e7c41
Event: 1236.371 Thread 0x4ace0000 Implicit null exception at 0xb36ec18f to 0xb36ee2b9

Events (10 events):
Event: 1236.631 Executing VM operation: RevokeBias
Event: 1236.631 Executing VM operation: RevokeBias done
Event: 1238.720 Thread 0x46c2a800 flushing nmethod 0xb383a0c8
Event: 1238.830 Thread 0x4584f800 Thread added: 0x4584f800
Event: 1238.830 Executing VM operation: RevokeBias
Event: 1238.830 Executing VM operation: RevokeBias done
Event: 1238.830 Executing VM operation: RevokeBias
Event: 1238.830 Executing VM operation: RevokeBias done
Event: 1238.831 Executing VM operation: RevokeBias
Event: 1238.831 Executing VM operation: RevokeBias done


Dynamic libraries:
08048000-08049000 r-xp 00000000 08:01 282989     /usr/lib/jvm/java-7-openjdk-i386/jre/bin/java
08049000-0804a000 r--p 00000000 08:01 282989     /usr/lib/jvm/java-7-openjdk-i386/jre/bin/java
0804a000-0804b000 rw-p 00001000 08:01 282989     /usr/lib/jvm/java-7-openjdk-i386/jre/bin/java
08e91000-0a1ad000 rw-p 00000000 00:00 0          [heap]
42f00000-42f29000 rw-p 00000000 00:00 0 
42f29000-43000000 ---p 00000000 00:00 0 
43000000-43074000 rw-p 00000000 00:00 0 
43074000-43100000 ---p 00000000 00:00 0 
43100000-43200000 rw-p 00000000 00:00 0 
43300000-433fc000 rw-p 00000000 00:00 0 
433fc000-43400000 ---p 00000000 00:00 0 
43500000-43600000 rw-p 00000000 00:00 0 
43800000-438fb000 rw-p 00000000 00:00 0 
438fb000-43900000 ---p 00000000 00:00 0 
43998000-43b00000 rw-p 00000000 00:00 0 
43b00000-43be5000 rw-p 00000000 00:00 0 
43be5000-43c00000 ---p 00000000 00:00 0 
43cdb000-43cde000 ---p 00000000 00:00 0 
43cde000-43d2c000 rw-p 00000000 00:00 0          [stack:10538]
43d2c000-43d3a000 r--s 0010f000 08:01 138889     /usr/lib/jvm/java-7-openjdk-i386/jre/lib/rhino.jar
43d3a000-43d3d000 ---p 00000000 00:00 0 
43d3d000-43d8b000 rw-p 00000000 00:00 0          [stack:10586]
43e57000-43f00000 rw-p 00000000 00:00 0 
43f00000-43feb000 rw-p 00000000 00:00 0 
43feb000-44000000 ---p 00000000 00:00 0 
4408a000-440ba000 r-xp 00000000 08:10 143505     /media/user/Harddisk/Double-MAC/lanada/obj_cooja/mtype604.cooja
440ba000-440bb000 r--p 0002f000 08:10 143505     /media/user/Harddisk/Double-MAC/lanada/obj_cooja/mtype604.cooja
440bb000-440bc000 rw-p 00030000 08:10 143505     /media/user/Harddisk/Double-MAC/lanada/obj_cooja/mtype604.cooja
440bc000-440c6000 rw-p 00000000 00:00 0 
440c6000-440f5000 r-xp 00000000 08:10 143501     /media/user/Harddisk/Double-MAC/lanada/obj_cooja/mtype623.cooja
440f5000-440f6000 r--p 0002e000 08:10 143501     /media/user/Harddisk/Double-MAC/lanada/obj_cooja/mtype623.cooja
440f6000-440f7000 rw-p 0002f000 08:10 143501     /media/user/Harddisk/Double-MAC/lanada/obj_cooja/mtype623.cooja
440f7000-44100000 rw-p 00000000 00:00 0 
44100000-441fc000 rw-p 00000000 00:00 0 
441fc000-44200000 ---p 00000000 00:00 0 
44273000-442a3000 r-xp 00000000 08:10 143497     /media/user/Harddisk/Double-MAC/lanada/obj_cooja/mtype748.cooja
442a3000-442a4000 r--p 0002f000 08:10 143497     /media/user/Harddisk/Double-MAC/lanada/obj_cooja/mtype748.cooja
442a4000-442a5000 rw-p 00030000 08:10 143497     /media/user/Harddisk/Double-MAC/lanada/obj_cooja/mtype748.cooja
442a5000-442af000 rw-p 00000000 00:00 0 
442af000-442b2000 ---p 00000000 00:00 0 
442b2000-44300000 rw-p 00000000 00:00 0          [stack:10585]
44300000-443fc000 rw-p 00000000 00:00 0 
443fc000-44400000 ---p 00000000 00:00 0 
44424000-44427000 ---p 00000000 00:00 0 
44427000-44475000 rw-p 00000000 00:00 0          [stack:10384]
44475000-444a4000 r-xp 00000000 08:10 143198     /media/user/Harddisk/Double-MAC/lanada/obj_cooja/mtype183.cooja
444a4000-444a5000 r--p 0002e000 08:10 143198     /media/user/Harddisk/Double-MAC/lanada/obj_cooja/mtype183.cooja
444a5000-444a6000 rw-p 0002f000 08:10 143198     /media/user/Harddisk/Double-MAC/lanada/obj_cooja/mtype183.cooja
444a6000-444af000 rw-p 00000000 00:00 0 
444af000-444b2000 ---p 00000000 00:00 0 
444b2000-44500000 rw-p 00000000 00:00 0 
44500000-445e1000 rw-p 00000000 00:00 0 
445e1000-44600000 ---p 00000000 00:00 0 
44600000-446fa000 rw-p 00000000 00:00 0 
446fa000-44700000 ---p 00000000 00:00 0 
44700000-447f1000 rw-p 00000000 00:00 0 
447f1000-44800000 ---p 00000000 00:00 0 
4480a000-4483a000 r-xp 00000000 08:10 143172     /media/user/Harddisk/Double-MAC/lanada/obj_cooja/mtype524.cooja
4483a000-4483b000 r--p 0002f000 08:10 143172     /media/user/Harddisk/Double-MAC/lanada/obj_cooja/mtype524.cooja
4483b000-4483c000 rw-p 00030000 08:10 143172     /media/user/Harddisk/Double-MAC/lanada/obj_cooja/mtype524.cooja
4483c000-44846000 rw-p 00000000 00:00 0 
44846000-44875000 r-xp 00000000 08:10 143168     /media/user/Harddisk/Double-MAC/lanada/obj_cooja/mtype995.cooja
44875000-44876000 r--p 0002e000 08:10 143168     /media/user/Harddisk/Double-MAC/lanada/obj_cooja/mtype995.cooja
44876000-44877000 rw-p 0002f000 08:10 143168     /media/user/Harddisk/Double-MAC/lanada/obj_cooja/mtype995.cooja
44877000-44880000 rw-p 00000000 00:00 0 
44880000-448b0000 r-xp 00000000 08:10 143164     /media/user/Harddisk/Double-MAC/lanada/obj_cooja/mtype706.cooja
448b0000-448b1000 r--p 0002f000 08:10 143164     /media/user/Harddisk/Double-MAC/lanada/obj_cooja/mtype706.cooja
448b1000-448b2000 rw-p 00030000 08:10 143164     /media/user/Harddisk/Double-MAC/lanada/obj_cooja/mtype706.cooja
448b2000-448bc000 rw-p 00000000 00:00 0 
448bc000-448bf000 ---p 00000000 00:00 0 
448bf000-4490d000 rw-p 00000000 00:00 0          [stack:10336]
4490d000-44910000 ---p 00000000 00:00 0 
44910000-4495e000 rw-p 00000000 00:00 0          [stack:10184]
4495e000-44961000 ---p 00000000 00:00 0 
44961000-449af000 rw-p 00000000 00:00 0          [stack:10136]
449af000-449b2000 ---p 00000000 00:00 0 
449b2000-44a00000 rw-p 00000000 00:00 0          [stack:10237]
44a00000-44aff000 rw-p 00000000 00:00 0 
44aff000-44b00000 ---p 00000000 00:00 0 
44b14000-44b43000 r-xp 00000000 08:10 143160     /media/user/Harddisk/Double-MAC/lanada/obj_cooja/mtype792.cooja
44b43000-44b44000 r--p 0002e000 08:10 143160     /media/user/Harddisk/Double-MAC/lanada/obj_cooja/mtype792.cooja
44b44000-44b45000 rw-p 0002f000 08:10 143160     /media/user/Harddisk/Double-MAC/lanada/obj_cooja/mtype792.cooja
44b45000-44b4e000 rw-p 00000000 00:00 0 
44b4e000-44b51000 ---p 00000000 00:00 0 
44b51000-44b9f000 rw-p 00000000 00:00 0          [stack:10537]
44bc4000-44bf3000 r-xp 00000000 08:10 143074     /media/user/Harddisk/Double-MAC/lanada/obj_cooja/mtype910.cooja
44bf3000-44bf4000 r--p 0002e000 08:10 143074     /media/user/Harddisk/Double-MAC/lanada/obj_cooja/mtype910.cooja
44bf4000-44bf5000 rw-p 0002f000 08:10 143074     /media/user/Harddisk/Double-MAC/lanada/obj_cooja/mtype910.cooja
44bf5000-44bfe000 rw-p 00000000 00:00 0 
44bfe000-44c01000 ---p 00000000 00:00 0 
44c01000-44c4f000 rw-p 00000000 00:00 0          [stack:10596]
44c4f000-44c52000 ---p 00000000 00:00 0 
44c52000-44ca0000 rw-p 00000000 00:00 0          [stack:10080]
44ca0000-44ca3000 ---p 00000000 00:00 0 
44ca3000-44cf1000 rw-p 00000000 00:00 0          [stack:10091]
44cf1000-44d20000 r-xp 00000000 08:10 143156     /media/user/Harddisk/Double-MAC/lanada/obj_cooja/mtype800.cooja
44d20000-44d21000 r--p 0002e000 08:10 143156     /media/user/Harddisk/Double-MAC/lanada/obj_cooja/mtype800.cooja
44d21000-44d22000 rw-p 0002f000 08:10 143156     /media/user/Harddisk/Double-MAC/lanada/obj_cooja/mtype800.cooja
44d22000-44d2b000 rw-p 00000000 00:00 0 
44d2b000-44d2e000 ---p 00000000 00:00 0 
44d2e000-44d7c000 rw-p 00000000 00:00 0          [stack:10286]
44d7c000-44d7f000 ---p 00000000 00:00 0 
44d7f000-44dcd000 rw-p 00000000 00:00 0          [stack:10036]
44dcd000-44dd0000 ---p 00000000 00:00 0 
44dd0000-44e1e000 rw-p 00000000 00:00 0          [stack:10047]
44e30000-44e55000 rw-s 00000000 00:04 120979482  /SYSV00000000 (deleted)
44e5c000-44e86000 rw-p 00000000 00:00 0 
44e86000-45500000 rw-s 00000000 00:04 113573913  /SYSV00000000 (deleted)
45500000-455fd000 rw-p 00000000 00:00 0 
455fd000-45600000 ---p 00000000 00:00 0 
45600000-45604000 rw-p 00000000 00:00 0 
45604000-45607000 ---p 00000000 00:00 0 
45607000-4561f000 rw-p 00000000 00:00 0          [stack:10428]
4561f000-45622000 ---p 00000000 00:00 0 
45622000-45671000 rw-p 00000000 00:00 0          [stack:10597]
45671000-45674000 rw-p 00000000 00:00 0 
45674000-45676000 r--s 00003000 08:10 276594     /media/user/Harddisk/Double-MAC/tools/cooja/apps/powertracker/lib/powertracker.jar
45676000-45677000 r--s 00002000 08:10 262276     /media/user/Harddisk/Double-MAC/tools/cooja/apps/collect-view/cooja-collect-view.jar
45677000-45679000 r--s 00008000 08:10 276593     /media/user/Harddisk/Double-MAC/tools/cooja/apps/serial_socket/lib/serial_socket.jar
45679000-456b3000 r--s 001e1000 08:10 279313     /media/user/Harddisk/Double-MAC/tools/cooja/apps/avrora/lib/avrora-small.jar
456b3000-456b4000 r--s 00008000 08:10 262269     /media/user/Harddisk/Double-MAC/tools/cooja/apps/avrora/lib/cooja_avrora.jar
456b4000-456b6000 r--s 00010000 08:10 279672     /media/user/Harddisk/Double-MAC/tools/cooja/apps/mspsim/lib/jipv6.jar
456b6000-456b7000 r--s 00004000 08:10 276595     /media/user/Harddisk/Double-MAC/tools/cooja/apps/mspsim/lib/coffee.jar
456b7000-456c3000 r--s 000eb000 08:10 276575     /media/user/Harddisk/Double-MAC/tools/cooja/apps/mspsim/lib/mspsim.jar
456c3000-456c9000 r--s 00062000 08:10 276574     /media/user/Harddisk/Double-MAC/tools/cooja/apps/mspsim/lib/cooja_mspsim.jar
456c9000-456cc000 ---p 00000000 00:00 0 
456cc000-4571a000 rw-p 00000000 00:00 0          [stack:9999]
4571a000-4571d000 ---p 00000000 00:00 0 
4571d000-4576b000 rw-p 00000000 00:00 0          [stack:9998]
4576b000-4576e000 ---p 00000000 00:00 0 
4576e000-457bc000 rw-p 00000000 00:00 0          [stack:9997]
457bc000-457bd000 r--s 00000000 08:01 395215     /var/cache/fontconfig/c05880de57d1f5e948fdfacc138775d9-le32d4.cache-4
457bd000-457c5000 r--s 00000000 08:01 395167     /var/cache/fontconfig/945677eb7aeaf62f1d50efc3fb3ec7d8-le32d4.cache-4
457c5000-457c7000 r--s 00000000 08:01 395164     /var/cache/fontconfig/99e8ed0e538f840c565b6ed5dad60d56-le32d4.cache-4
457c7000-457cb000 r--s 00000000 08:01 395159     /var/cache/fontconfig/2cd17615ca594fa2959ae173292e504c-le32d4.cache-4
457cb000-457cc000 r--s 00000000 08:01 395064     /var/cache/fontconfig/e7071f4a29fa870f4323321c154eba04-le32d4.cache-4
457cc000-457d1000 r--s 00000000 08:01 394968     /var/cache/fontconfig/a755afe4a08bf5b97852ceb7400b47bc-le32d4.cache-4
457d1000-457da000 r--s 00000000 08:01 394962     /var/cache/fontconfig/6d41288fd70b0be22e8c3a91e032eec0-le32d4.cache-4
457da000-457e9000 r--s 00000000 08:01 394955     /var/cache/fontconfig/04aabc0a78ac019cf9454389977116d2-le32d4.cache-4
457e9000-457ec000 r--s 00000000 08:01 394928     /var/cache/fontconfig/385c0604a188198f04d133e54aba7fe7-le32d4.cache-4
457ec000-457f0000 r--s 00000000 08:01 394858     /var/cache/fontconfig/8801497958630a81b71ace7c5f9b32a8-le32d4.cache-4
457f0000-45800000 r--s 00000000 08:01 394737     /var/cache/fontconfig/d52a8644073d54c13679302ca1180695-le32d4.cache-4
45800000-458f9000 rw-p 00000000 00:00 0 
458f9000-45900000 ---p 00000000 00:00 0 
45900000-45901000 r--s 00000000 08:01 394991     /var/cache/fontconfig/0d8c3b2ac0904cb8a57a757ad11a4a08-le32d4.cache-4
45901000-45902000 r--s 00000000 08:01 394954     /var/cache/fontconfig/1ac9eb803944fde146138c791f5cc56a-le32d4.cache-4
45902000-45903000 r--s 00000000 08:01 394926     /var/cache/fontconfig/dc05db6664285cc2f12bf69c139ae4c3-le32d4.cache-4
45903000-45908000 r--s 00000000 08:01 394798     /var/cache/fontconfig/3047814df9a2f067bd2d96a2b9c36e5a-le32d4.cache-4
45908000-45958000 r-xp 00000000 08:01 138960     /usr/lib/jvm/java-7-openjdk-i386/jre/lib/i386/libfontmanager.so
45958000-4595a000 r--p 0004f000 08:01 138960     /usr/lib/jvm/java-7-openjdk-i386/jre/lib/i386/libfontmanager.so
4595a000-4595b000 rw-p 00051000 08:01 138960     /usr/lib/jvm/java-7-openjdk-i386/jre/lib/i386/libfontmanager.so
4595b000-4595e000 ---p 00000000 00:00 0 
4595e000-459ac000 rw-p 00000000 00:00 0          [stack:9996]
459ac000-459b0000 r-xp 00000000 08:01 7640       /usr/lib/i386-linux-gnu/libXfixes.so.3.1.0
459b0000-459b1000 r--p 00003000 08:01 7640       /usr/lib/i386-linux-gnu/libXfixes.so.3.1.0
459b1000-459b2000 rw-p 00004000 08:01 7640       /usr/lib/i386-linux-gnu/libXfixes.so.3.1.0
459b2000-459bb000 r-xp 00000000 08:01 9790       /usr/lib/i386-linux-gnu/libXcursor.so.1.0.2
459bb000-459bc000 r--p 00008000 08:01 9790       /usr/lib/i386-linux-gnu/libXcursor.so.1.0.2
459bc000-459bd000 rw-p 00009000 08:01 9790       /usr/lib/i386-linux-gnu/libXcursor.so.1.0.2
459bd000-459c0000 ---p 00000000 00:00 0 
459c0000-45a0e000 rw-p 00000000 00:00 0          [stack:9995]
45a0e000-45a11000 r-xp 00000000 08:01 131371     /lib/i386-linux-gnu/libgpg-error.so.0.10.0
45a11000-45a12000 r--p 00002000 08:01 131371     /lib/i386-linux-gnu/libgpg-error.so.0.10.0
45a12000-45a13000 rw-p 00003000 08:01 131371     /lib/i386-linux-gnu/libgpg-error.so.0.10.0
45a13000-45a15000 r-xp 00000000 08:01 132278     /lib/i386-linux-gnu/libkeyutils.so.1.4
45a15000-45a16000 r--p 00002000 08:01 132278     /lib/i386-linux-gnu/libkeyutils.so.1.4
45a16000-45a17000 rw-p 00003000 08:01 132278     /lib/i386-linux-gnu/libkeyutils.so.1.4
45a17000-45a3d000 r-xp 00000000 08:01 158418     /lib/i386-linux-gnu/libpng12.so.0.50.0
45a3d000-45a3e000 r--p 00025000 08:01 158418     /lib/i386-linux-gnu/libpng12.so.0.50.0
45a3e000-45a3f000 rw-p 00026000 08:01 158418     /lib/i386-linux-gnu/libpng12.so.0.50.0
45a3f000-45a88000 r-xp 00000000 08:01 131443     /lib/i386-linux-gnu/libdbus-1.so.3.7.6
45a88000-45a89000 r--p 00048000 08:01 131443     /lib/i386-linux-gnu/libdbus-1.so.3.7.6
45a89000-45a8a000 rw-p 00049000 08:01 131443     /lib/i386-linux-gnu/libdbus-1.so.3.7.6
45a8a000-45ac1000 r-xp 00000000 08:01 712        /usr/lib/i386-linux-gnu/libp11-kit.so.0.0.0
45ac1000-45ac2000 ---p 00037000 08:01 712        /usr/lib/i386-linux-gnu/libp11-kit.so.0.0.0
45ac2000-45ac5000 r--p 00037000 08:01 712        /usr/lib/i386-linux-gnu/libp11-kit.so.0.0.0
45ac5000-45ac6000 rw-p 0003a000 08:01 712        /usr/lib/i386-linux-gnu/libp11-kit.so.0.0.0
45ac6000-45ad8000 r-xp 00000000 08:01 38286      /usr/lib/i386-linux-gnu/libtasn1.so.6.2.0
45ad8000-45ad9000 r--p 00011000 08:01 38286      /usr/lib/i386-linux-gnu/libtasn1.so.6.2.0
45ad9000-45ada000 rw-p 00012000 08:01 38286      /usr/lib/i386-linux-gnu/libtasn1.so.6.2.0
45ada000-45b5c000 r-xp 00000000 08:01 131206     /lib/i386-linux-gnu/libgcrypt.so.11.8.2
45b5c000-45b5d000 r--p 00082000 08:01 131206     /lib/i386-linux-gnu/libgcrypt.so.11.8.2
45b5d000-45b5f000 rw-p 00083000 08:01 131206     /lib/i386-linux-gnu/libgcrypt.so.11.8.2
45b5f000-45b60000 rw-p 00000000 00:00 0 
45b60000-45b6a000 r-xp 00000000 08:01 56557      /usr/lib/i386-linux-gnu/libkrb5support.so.0.1
45b6a000-45b6b000 r--p 00009000 08:01 56557      /usr/lib/i386-linux-gnu/libkrb5support.so.0.1
45b6b000-45b6c000 rw-p 0000a000 08:01 56557      /usr/lib/i386-linux-gnu/libkrb5support.so.0.1
45b6c000-45b9a000 r-xp 00000000 08:01 56585      /usr/lib/i386-linux-gnu/libk5crypto.so.3.1
45b9a000-45b9b000 r--p 0002d000 08:01 56585      /usr/lib/i386-linux-gnu/libk5crypto.so.3.1
45b9b000-45b9c000 rw-p 0002e000 08:01 56585      /usr/lib/i386-linux-gnu/libk5crypto.so.3.1
45b9c000-45c53000 r-xp 00000000 08:01 56629      /usr/lib/i386-linux-gnu/libkrb5.so.3.3
45c53000-45c59000 r--p 000b7000 08:01 56629      /usr/lib/i386-linux-gnu/libkrb5.so.3.3
45c59000-45c5a000 rw-p 000bd000 08:01 56629      /usr/lib/i386-linux-gnu/libkrb5.so.3.3
45c5a000-45c5f000 r-xp 00000000 08:01 5406       /usr/lib/i386-linux-gnu/libXdmcp.so.6.0.0
45c5f000-45c60000 r--p 00004000 08:01 5406       /usr/lib/i386-linux-gnu/libXdmcp.so.6.0.0
45c60000-45c61000 rw-p 00005000 08:01 5406       /usr/lib/i386-linux-gnu/libXdmcp.so.6.0.0
45c61000-45c86000 r-xp 00000000 08:01 131422     /lib/i386-linux-gnu/libexpat.so.1.6.0
45c86000-45c87000 ---p 00025000 08:01 131422     /lib/i386-linux-gnu/libexpat.so.1.6.0
45c87000-45c89000 r--p 00025000 08:01 131422     /lib/i386-linux-gnu/libexpat.so.1.6.0
45c89000-45c8a000 rw-p 00027000 08:01 131422     /lib/i386-linux-gnu/libexpat.so.1.6.0
45c8a000-45d25000 r-xp 00000000 08:01 5308       /usr/lib/i386-linux-gnu/libfreetype.so.6.11.1
45d25000-45d29000 r--p 0009a000 08:01 5308       /usr/lib/i386-linux-gnu/libfreetype.so.6.11.1
45d29000-45d2a000 rw-p 0009e000 08:01 5308       /usr/lib/i386-linux-gnu/libfreetype.so.6.11.1
45d2a000-45d3a000 r-xp 00000000 08:01 10788      /usr/lib/i386-linux-gnu/libavahi-client.so.3.2.9
45d3a000-45d3b000 r--p 0000f000 08:01 10788      /usr/lib/i386-linux-gnu/libavahi-client.so.3.2.9
45d3b000-45d3c000 rw-p 00010000 08:01 10788      /usr/lib/i386-linux-gnu/libavahi-client.so.3.2.9
45d3c000-45dfd000 r-xp 00000000 08:01 43756      /usr/lib/i386-linux-gnu/libgnutls.so.26.22.6
45dfd000-45e01000 r--p 000c0000 08:01 43756      /usr/lib/i386-linux-gnu/libgnutls.so.26.22.6
45e01000-45e02000 rw-p 000c4000 08:01 43756      /usr/lib/i386-linux-gnu/libgnutls.so.26.22.6
45e02000-45e45000 r-xp 00000000 08:01 56613      /usr/lib/i386-linux-gnu/libgssapi_krb5.so.2.2
45e45000-45e46000 r--p 00042000 08:01 56613      /usr/lib/i386-linux-gnu/libgssapi_krb5.so.2.2
45e46000-45e47000 rw-p 00043000 08:01 56613      /usr/lib/i386-linux-gnu/libgssapi_krb5.so.2.2
45e47000-45e67000 r-xp 00000000 08:01 66655      /usr/lib/i386-linux-gnu/libxcb.so.1.1.0
45e67000-45e68000 r--p 0001f000 08:01 66655      /usr/lib/i386-linux-gnu/libxcb.so.1.1.0
45e68000-45e69000 rw-p 00020000 08:01 66655      /usr/lib/i386-linux-gnu/libxcb.so.1.1.0
45e69000-45ea2000 r-xp 00000000 08:01 10898      /usr/lib/i386-linux-gnu/libfontconfig.so.1.8.0
45ea2000-45ea3000 r--p 00039000 08:01 10898      /usr/lib/i386-linux-gnu/libfontconfig.so.1.8.0
45ea3000-45ea4000 rw-p 0003a000 08:01 10898      /usr/lib/i386-linux-gnu/libfontconfig.so.1.8.0
45ea4000-45f0b000 r-xp 00000000 08:01 6693       /usr/lib/i386-linux-gnu/libcups.so.2
45f0b000-45f0c000 ---p 00067000 08:01 6693       /usr/lib/i386-linux-gnu/libcups.so.2
45f0c000-45f10000 r--p 00067000 08:01 6693       /usr/lib/i386-linux-gnu/libcups.so.2
45f10000-45f11000 rw-p 0006b000 08:01 6693       /usr/lib/i386-linux-gnu/libcups.so.2
45f11000-46041000 r-xp 00000000 08:01 10842      /usr/lib/i386-linux-gnu/libX11.so.6.3.0
46041000-46042000 r--p 00130000 08:01 10842      /usr/lib/i386-linux-gnu/libX11.so.6.3.0
46042000-46044000 rw-p 00131000 08:01 10842      /usr/lib/i386-linux-gnu/libX11.so.6.3.0
46044000-46045000 rw-p 00000000 00:00 0 
46045000-460d4000 r-xp 00000000 08:01 138964     /usr/lib/jvm/java-7-openjdk-i386/jre/lib/i386/libawt.so
460d4000-460d5000 r--p 0008f000 08:01 138964     /usr/lib/jvm/java-7-openjdk-i386/jre/lib/i386/libawt.so
460d5000-460dc000 rw-p 00090000 08:01 138964     /usr/lib/jvm/java-7-openjdk-i386/jre/lib/i386/libawt.so
460dc000-46100000 rw-p 00000000 00:00 0 
46100000-461ff000 rw-p 00000000 00:00 0 
461ff000-46200000 ---p 00000000 00:00 0 
46200000-46202000 r--s 00000000 08:01 394921     /var/cache/fontconfig/767a8244fc0220cfb567a839d0392e0b-le32d4.cache-4
46202000-4620e000 r-xp 00000000 08:01 8766       /usr/lib/i386-linux-gnu/libavahi-common.so.3.5.3
4620e000-4620f000 r--p 0000b000 08:01 8766       /usr/lib/i386-linux-gnu/libavahi-common.so.3.5.3
4620f000-46210000 rw-p 0000c000 08:01 8766       /usr/lib/i386-linux-gnu/libavahi-common.so.3.5.3
46210000-4621e000 r-xp 00000000 08:01 7577       /usr/lib/i386-linux-gnu/libXi.so.6.1.0
4621e000-4621f000 r--p 0000e000 08:01 7577       /usr/lib/i386-linux-gnu/libXi.so.6.1.0
4621f000-46220000 rw-p 0000f000 08:01 7577       /usr/lib/i386-linux-gnu/libXi.so.6.1.0
46220000-46225000 r-xp 00000000 08:01 10292      /usr/lib/i386-linux-gnu/libXtst.so.6.1.0
46225000-46226000 r--p 00004000 08:01 10292      /usr/lib/i386-linux-gnu/libXtst.so.6.1.0
46226000-46227000 rw-p 00005000 08:01 10292      /usr/lib/i386-linux-gnu/libXtst.so.6.1.0
46227000-46230000 r-xp 00000000 08:01 6199       /usr/lib/i386-linux-gnu/libXrender.so.1.3.0
46230000-46231000 r--p 00008000 08:01 6199       /usr/lib/i386-linux-gnu/libXrender.so.1.3.0
46231000-46232000 rw-p 00009000 08:01 6199       /usr/lib/i386-linux-gnu/libXrender.so.1.3.0
46232000-46243000 r-xp 00000000 08:01 6183       /usr/lib/i386-linux-gnu/libXext.so.6.4.0
46243000-46244000 r--p 00010000 08:01 6183       /usr/lib/i386-linux-gnu/libXext.so.6.4.0
46244000-46245000 rw-p 00011000 08:01 6183       /usr/lib/i386-linux-gnu/libXext.so.6.4.0
46245000-4628d000 r-xp 00000000 08:01 136828     /usr/lib/jvm/java-7-openjdk-i386/jre/lib/i386/xawt/libmawt.so
4628d000-4628e000 r--p 00047000 08:01 136828     /usr/lib/jvm/java-7-openjdk-i386/jre/lib/i386/xawt/libmawt.so
4628e000-46290000 rw-p 00048000 08:01 136828     /usr/lib/jvm/java-7-openjdk-i386/jre/lib/i386/xawt/libmawt.so
46290000-46291000 rw-p 00000000 00:00 0 
46291000-462cd000 r-xp 00000000 08:01 136082     /lib/i386-linux-gnu/libpcre.so.3.13.1
462cd000-462ce000 r--p 0003b000 08:01 136082     /lib/i386-linux-gnu/libpcre.so.3.13.1
462ce000-462cf000 rw-p 0003c000 08:01 136082     /lib/i386-linux-gnu/libpcre.so.3.13.1
462cf000-462e2000 r-xp 00000000 08:01 159740     /lib/i386-linux-gnu/libresolv-2.19.so
462e2000-462e3000 ---p 00013000 08:01 159740     /lib/i386-linux-gnu/libresolv-2.19.so
462e3000-462e4000 r--p 00013000 08:01 159740     /lib/i386-linux-gnu/libresolv-2.19.so
462e4000-462e5000 rw-p 00014000 08:01 159740     /lib/i386-linux-gnu/libresolv-2.19.so
462e5000-462e7000 rw-p 00000000 00:00 0 
462e7000-46307000 r-xp 00000000 08:01 131406     /lib/i386-linux-gnu/libselinux.so.1
46307000-46308000 r--p 0001f000 08:01 131406     /lib/i386-linux-gnu/libselinux.so.1
46308000-46309000 rw-p 00020000 08:01 131406     /lib/i386-linux-gnu/libselinux.so.1
46309000-4630a000 rw-p 00000000 00:00 0 
4630a000-46414000 r-xp 00000000 08:01 136564     /lib/i386-linux-gnu/libglib-2.0.so.0.4002.0
46414000-46415000 r--p 00109000 08:01 136564     /lib/i386-linux-gnu/libglib-2.0.so.0.4002.0
46415000-46416000 rw-p 0010a000 08:01 136564     /lib/i386-linux-gnu/libglib-2.0.so.0.4002.0
46416000-46466000 r-xp 00000000 08:01 1672       /usr/lib/i386-linux-gnu/libgobject-2.0.so.0.4002.0
46466000-46467000 r--p 0004f000 08:01 1672       /usr/lib/i386-linux-gnu/libgobject-2.0.so.0.4002.0
46467000-46468000 rw-p 00050000 08:01 1672       /usr/lib/i386-linux-gnu/libgobject-2.0.so.0.4002.0
46468000-465e5000 r-xp 00000000 08:01 1674       /usr/lib/i386-linux-gnu/libgio-2.0.so.0.4002.0
465e5000-465e7000 r--p 0017d000 08:01 1674       /usr/lib/i386-linux-gnu/libgio-2.0.so.0.4002.0
465e7000-465e8000 rw-p 0017f000 08:01 1674       /usr/lib/i386-linux-gnu/libgio-2.0.so.0.4002.0
465e8000-465e9000 rw-p 00000000 00:00 0 
465e9000-465ed000 r--s 00000000 08:01 394795     /var/cache/fontconfig/b47c4e1ecd0709278f4910c18777a504-le32d4.cache-4
465ed000-465f4000 r--s 00000000 08:01 394735     /var/cache/fontconfig/3f7329c5293ffd510edef78f73874cfd-le32d4.cache-4
465f4000-465fd000 r--s 00000000 08:01 394733     /var/cache/fontconfig/d589a48862398ed80a3d6066f4f56f4c-le32d4.cache-4
465fd000-46600000 r--s 00000000 08:01 394715     /var/cache/fontconfig/7ef2298fde41cc6eeb7af42e48b7d293-le32d4.cache-4
46600000-466ff000 rw-p 00000000 00:00 0 
466ff000-46700000 ---p 00000000 00:00 0 
46700000-46701000 r--s 00000000 08:01 394913     /var/cache/fontconfig/4794a0821666d79190d59a36cb4f44b5-le32d4.cache-4
46701000-46704000 r-xp 00000000 08:01 138844     /lib/i386-linux-gnu/libcom_err.so.2.1
46704000-46705000 r--p 00002000 08:01 138844     /lib/i386-linux-gnu/libcom_err.so.2.1
46705000-46706000 rw-p 00003000 08:01 138844     /lib/i386-linux-gnu/libcom_err.so.2.1
46706000-4670b000 r-xp 00000000 08:01 1818       /usr/lib/i386-linux-gnu/libffi.so.6.0.1
4670b000-4670c000 r--p 00005000 08:01 1818       /usr/lib/i386-linux-gnu/libffi.so.6.0.1
4670c000-4670d000 rw-p 00006000 08:01 1818       /usr/lib/i386-linux-gnu/libffi.so.6.0.1
4670d000-46724000 r-xp 00000000 08:01 138987     /usr/lib/jvm/java-7-openjdk-i386/jre/lib/i386/libnet.so
46724000-46725000 r--p 00017000 08:01 138987     /usr/lib/jvm/java-7-openjdk-i386/jre/lib/i386/libnet.so
46725000-46726000 rw-p 00018000 08:01 138987     /usr/lib/jvm/java-7-openjdk-i386/jre/lib/i386/libnet.so
46726000-46737000 r-xp 00000000 08:01 138994     /usr/lib/jvm/java-7-openjdk-i386/jre/lib/i386/libnio.so
46737000-46738000 r--p 00010000 08:01 138994     /usr/lib/jvm/java-7-openjdk-i386/jre/lib/i386/libnio.so
46738000-46739000 rw-p 00011000 08:01 138994     /usr/lib/jvm/java-7-openjdk-i386/jre/lib/i386/libnio.so
46739000-4673a000 ---p 00000000 00:00 0 
4673a000-467ba000 rw-p 00000000 00:00 0          [stack:9994]
467ba000-467bd000 ---p 00000000 00:00 0 
467bd000-4680b000 rw-p 00000000 00:00 0          [stack:9993]
4680b000-4680e000 ---p 00000000 00:00 0 
4680e000-4688c000 rw-p 00000000 00:00 0          [stack:9992]
4688c000-4688f000 ---p 00000000 00:00 0 
4688f000-4690d000 rw-p 00000000 00:00 0          [stack:9991]
4690d000-46910000 ---p 00000000 00:00 0 
46910000-4695e000 rw-p 00000000 00:00 0          [stack:9990]
4695e000-46b5e000 r--p 00000000 08:01 369        /usr/lib/locale/locale-archive
46b5e000-46b61000 ---p 00000000 00:00 0 
46b61000-46baf000 rw-p 00000000 00:00 0          [stack:9988]
46baf000-46bb2000 ---p 00000000 00:00 0 
46bb2000-46c00000 rw-p 00000000 00:00 0          [stack:9987]
46c00000-46d00000 rw-p 00000000 00:00 0 
46d00000-46d01000 r--s 00000000 08:01 394797     /var/cache/fontconfig/56cf4f4769d0f4abc89a4895d7bd3ae1-le32d4.cache-4
46d01000-46d03000 r-xp 00000000 08:01 5352       /usr/lib/i386-linux-gnu/libXau.so.6.0.0
46d03000-46d04000 r--p 00001000 08:01 5352       /usr/lib/i386-linux-gnu/libXau.so.6.0.0
46d04000-46d05000 rw-p 00002000 08:01 5352       /usr/lib/i386-linux-gnu/libXau.so.6.0.0
46d05000-46d06000 ---p 00000000 00:00 0 
46d06000-46dcf000 rw-p 00000000 00:00 0          [stack:9985]
46dcf000-46f80000 r--s 01d29000 08:01 136944     /usr/lib/jvm/java-7-openjdk-i386/jre/lib/rt.jar
46f80000-4aa00000 rw-p 00000000 00:00 0 
4aa00000-4aafe000 rw-p 00000000 00:00 0 
4aafe000-4ab00000 ---p 00000000 00:00 0 
4ab00000-4ab01000 r--s 00000000 08:01 394796     /var/cache/fontconfig/b9d506c9ac06c20b433354fa67a72993-le32d4.cache-4
4ab01000-4ab02000 r--s 00000000 08:01 394716     /var/cache/fontconfig/0c9eb80ebd1c36541ebe2852d3bb0c49-le32d4.cache-4
4ab02000-4ab05000 r-xp 00000000 08:01 1675       /usr/lib/i386-linux-gnu/libgmodule-2.0.so.0.4002.0
4ab05000-4ab06000 r--p 00002000 08:01 1675       /usr/lib/i386-linux-gnu/libgmodule-2.0.so.0.4002.0
4ab06000-4ab07000 rw-p 00003000 08:01 1675       /usr/lib/i386-linux-gnu/libgmodule-2.0.so.0.4002.0
4ab07000-4ab24000 r--s 0014f000 08:10 280467     /media/user/Harddisk/Double-MAC/tools/cooja/lib/swingx-all-1.6.4.jar
4ab24000-4ab7f000 rw-p 00000000 00:00 0 
4ab7f000-4ab80000 ---p 00000000 00:00 0 
4ab80000-4ac00000 rw-p 00000000 00:00 0          [stack:9983]
4ac00000-4acf6000 rw-p 00000000 00:00 0 
4acf6000-4ad00000 ---p 00000000 00:00 0 
4ad00000-4ad02000 r--s 00000000 08:01 393797     /var/cache/fontconfig/e13b20fdb08344e0e664864cc2ede53d-le32d4.cache-4
4ad02000-4ad0c000 r--s 000ae000 08:01 136954     /usr/lib/jvm/java-7-openjdk-i386/jre/lib/resources.jar
4ad0c000-4ad10000 r--s 00035000 08:10 276573     /media/user/Harddisk/Double-MAC/tools/cooja/apps/mrm/lib/mrm.jar
4ad10000-4ad17000 r--s 0005b000 08:10 280465     /media/user/Harddisk/Double-MAC/tools/cooja/lib/jsyntaxpane.jar
4ad17000-4ad3e000 rw-p 00000000 00:00 0 
4ad3e000-4ad3f000 ---p 00000000 00:00 0 
4ad3f000-4adc9000 rw-p 00000000 00:00 0          [stack:9982]
4adc9000-4add0000 ---p 00000000 00:00 0 
4add0000-4adff000 rw-p 00000000 00:00 0 
4adff000-4afff000 rw-p 00000000 00:00 0 
4afff000-4b009000 rw-p 00000000 00:00 0 
4b009000-4b010000 ---p 00000000 00:00 0 
4b010000-4b03f000 rw-p 00000000 00:00 0 
4b03f000-4b23f000 rw-p 00000000 00:00 0 
4b23f000-4b33f000 rw-p 00000000 00:00 0 
4b33f000-4c6c0000 rw-p 00000000 00:00 0 
4c6c0000-4d4c0000 ---p 00000000 00:00 0 
4d4c0000-53340000 rw-p 00000000 00:00 0 
53340000-93340000 rw-p 00000000 00:00 0 
93340000-b3340000 rw-p 00000000 00:00 0 
b3340000-b3356000 rw-p 00000000 00:00 0 
b3356000-b3400000 rw-p 00000000 00:00 0 
b3400000-b3978000 rwxp 00000000 00:00 0 
b3978000-b64fd000 rw-p 00000000 00:00 0 
b64fd000-b6500000 ---p 00000000 00:00 0 
b6500000-b6507000 r--s 0004f000 08:10 280466     /media/user/Harddisk/Double-MAC/tools/cooja/lib/log4j.jar
b6507000-b650a000 r--s 00022000 08:10 280464     /media/user/Harddisk/Double-MAC/tools/cooja/lib/jdom.jar
b650a000-b650e000 r--s 00085000 08:01 144112     /usr/lib/jvm/java-7-openjdk-i386/jre/lib/ext/localedata.jar
b650e000-b6512000 r--s 00034000 08:01 144116     /usr/lib/jvm/java-7-openjdk-i386/jre/lib/ext/sunjce_provider.jar
b6512000-b6515000 r--s 0000f000 08:01 144120     /usr/lib/jvm/java-7-openjdk-i386/jre/lib/ext/icedtea-sound.jar
b6515000-b6520000 r-xp 00000000 08:01 159744     /lib/i386-linux-gnu/libnss_files-2.19.so
b6520000-b6521000 r--p 0000a000 08:01 159744     /lib/i386-linux-gnu/libnss_files-2.19.so
b6521000-b6522000 rw-p 0000b000 08:01 159744     /lib/i386-linux-gnu/libnss_files-2.19.so
b6522000-b652c000 r-xp 00000000 08:01 159715     /lib/i386-linux-gnu/libnss_nis-2.19.so
b652c000-b652d000 r--p 00009000 08:01 159715     /lib/i386-linux-gnu/libnss_nis-2.19.so
b652d000-b652e000 rw-p 0000a000 08:01 159715     /lib/i386-linux-gnu/libnss_nis-2.19.so
b652e000-b6543000 r-xp 00000000 08:01 159717     /lib/i386-linux-gnu/libnsl-2.19.so
b6543000-b6544000 r--p 00015000 08:01 159717     /lib/i386-linux-gnu/libnsl-2.19.so
b6544000-b6545000 rw-p 00016000 08:01 159717     /lib/i386-linux-gnu/libnsl-2.19.so
b6545000-b6547000 rw-p 00000000 00:00 0 
b6547000-b654e000 r-xp 00000000 08:01 159727     /lib/i386-linux-gnu/libnss_compat-2.19.so
b654e000-b654f000 r--p 00006000 08:01 159727     /lib/i386-linux-gnu/libnss_compat-2.19.so
b654f000-b6550000 rw-p 00007000 08:01 159727     /lib/i386-linux-gnu/libnss_compat-2.19.so
b6550000-b6551000 r--s 00002000 08:01 144114     /usr/lib/jvm/java-7-openjdk-i386/jre/lib/ext/dnsns.jar
b6551000-b6555000 r--s 0003c000 08:01 144118     /usr/lib/jvm/java-7-openjdk-i386/jre/lib/ext/sunpkcs11.jar
b6555000-b655d000 r-xp 00000000 08:01 138893     /usr/lib/jvm/java-7-openjdk-i386/jre/lib/i386/libzip.so
b655d000-b655e000 r--p 00007000 08:01 138893     /usr/lib/jvm/java-7-openjdk-i386/jre/lib/i386/libzip.so
b655e000-b655f000 rw-p 00008000 08:01 138893     /usr/lib/jvm/java-7-openjdk-i386/jre/lib/i386/libzip.so
b655f000-b6567000 rw-s 00000000 08:01 137504     /tmp/hsperfdata_user/9979
b6567000-b658e000 r-xp 00000000 08:01 144073     /usr/lib/jvm/java-7-openjdk-i386/jre/lib/i386/libjava.so
b658e000-b658f000 r--p 00026000 08:01 144073     /usr/lib/jvm/java-7-openjdk-i386/jre/lib/i386/libjava.so
b658f000-b6590000 rw-p 00027000 08:01 144073     /usr/lib/jvm/java-7-openjdk-i386/jre/lib/i386/libjava.so
b6590000-b6597000 r-xp 00000000 08:01 159746     /lib/i386-linux-gnu/librt-2.19.so
b6597000-b6598000 r--p 00006000 08:01 159746     /lib/i386-linux-gnu/librt-2.19.so
b6598000-b6599000 rw-p 00007000 08:01 159746     /lib/i386-linux-gnu/librt-2.19.so
b6599000-b659c000 ---p 00000000 00:00 0 
b659c000-b65ea000 rw-p 00000000 00:00 0          [stack:9981]
b65ea000-b6606000 r-xp 00000000 08:01 131544     /lib/i386-linux-gnu/libgcc_s.so.1
b6606000-b6607000 rw-p 0001b000 08:01 131544     /lib/i386-linux-gnu/libgcc_s.so.1
b6607000-b664b000 r-xp 00000000 08:01 159725     /lib/i386-linux-gnu/libm-2.19.so
b664b000-b664c000 r--p 00043000 08:01 159725     /lib/i386-linux-gnu/libm-2.19.so
b664c000-b664d000 rw-p 00044000 08:01 159725     /lib/i386-linux-gnu/libm-2.19.so
b664d000-b6729000 r-xp 00000000 08:01 540        /usr/lib/i386-linux-gnu/libstdc++.so.6.0.19
b6729000-b672d000 r--p 000dc000 08:01 540        /usr/lib/i386-linux-gnu/libstdc++.so.6.0.19
b672d000-b672e000 rw-p 000e0000 08:01 540        /usr/lib/i386-linux-gnu/libstdc++.so.6.0.19
b672e000-b6735000 rw-p 00000000 00:00 0 
b6735000-b7124000 r-xp 00000000 08:01 138935     /usr/lib/jvm/java-7-openjdk-i386/jre/lib/i386/server/libjvm.so
b7124000-b7176000 r--p 009ee000 08:01 138935     /usr/lib/jvm/java-7-openjdk-i386/jre/lib/i386/server/libjvm.so
b7176000-b718a000 rw-p 00a40000 08:01 138935     /usr/lib/jvm/java-7-openjdk-i386/jre/lib/i386/server/libjvm.so
b718a000-b75a8000 rw-p 00000000 00:00 0 
b75a8000-b75c0000 r-xp 00000000 08:01 158556     /lib/i386-linux-gnu/libz.so.1.2.8
b75c0000-b75c1000 r--p 00017000 08:01 158556     /lib/i386-linux-gnu/libz.so.1.2.8
b75c1000-b75c2000 rw-p 00018000 08:01 158556     /lib/i386-linux-gnu/libz.so.1.2.8
b75c2000-b75da000 r-xp 00000000 08:01 159736     /lib/i386-linux-gnu/libpthread-2.19.so
b75da000-b75db000 r--p 00018000 08:01 159736     /lib/i386-linux-gnu/libpthread-2.19.so
b75db000-b75dc000 rw-p 00019000 08:01 159736     /lib/i386-linux-gnu/libpthread-2.19.so
b75dc000-b75de000 rw-p 00000000 00:00 0 
b75de000-b75e1000 r-xp 00000000 08:01 159003     /lib/i386-linux-gnu/libdl-2.19.so
b75e1000-b75e2000 r--p 00002000 08:01 159003     /lib/i386-linux-gnu/libdl-2.19.so
b75e2000-b75e3000 rw-p 00003000 08:01 159003     /lib/i386-linux-gnu/libdl-2.19.so
b75e3000-b778b000 r-xp 00000000 08:01 159001     /lib/i386-linux-gnu/libc-2.19.so
b778b000-b778d000 r--p 001a8000 08:01 159001     /lib/i386-linux-gnu/libc-2.19.so
b778d000-b778e000 rw-p 001aa000 08:01 159001     /lib/i386-linux-gnu/libc-2.19.so
b778e000-b7791000 rw-p 00000000 00:00 0 
b7791000-b7793000 r--s 00006000 08:01 276693     /usr/share/java/java-atk-wrapper.jar
b7793000-b7795000 r--s 00012000 08:01 144121     /usr/lib/jvm/java-7-openjdk-i386/jre/lib/ext/zipfs.jar
b7795000-b7796000 r--p 002c5000 08:01 369        /usr/lib/locale/locale-archive
b7796000-b7797000 rw-p 00000000 00:00 0 
b7797000-b7798000 r--p 00000000 00:00 0 
b7798000-b77a6000 r-xp 00000000 08:01 138970     /usr/lib/jvm/java-7-openjdk-i386/jre/lib/i386/libverify.so
b77a6000-b77a7000 r--p 0000d000 08:01 138970     /usr/lib/jvm/java-7-openjdk-i386/jre/lib/i386/libverify.so
b77a7000-b77a8000 rw-p 0000e000 08:01 138970     /usr/lib/jvm/java-7-openjdk-i386/jre/lib/i386/libverify.so
b77a8000-b77b4000 r-xp 00000000 08:01 138927     /usr/lib/jvm/java-7-openjdk-i386/jre/lib/i386/jli/libjli.so
b77b4000-b77b5000 r--p 0000c000 08:01 138927     /usr/lib/jvm/java-7-openjdk-i386/jre/lib/i386/jli/libjli.so
b77b5000-b77b6000 rw-p 0000d000 08:01 138927     /usr/lib/jvm/java-7-openjdk-i386/jre/lib/i386/jli/libjli.so
b77b6000-b77b9000 rw-p 00000000 00:00 0 
b77b9000-b77ba000 r-xp 00000000 00:00 0          [vdso]
b77ba000-b77da000 r-xp 00000000 08:01 159713     /lib/i386-linux-gnu/ld-2.19.so
b77da000-b77db000 r--p 0001f000 08:01 159713     /lib/i386-linux-gnu/ld-2.19.so
b77db000-b77dc000 rw-p 00020000 08:01 159713     /lib/i386-linux-gnu/ld-2.19.so
bfee5000-bfee6000 rwxp 00000000 00:00 0 
bff18000-bff39000 rw-p 00000000 00:00 0          [stack]

VM Arguments:
jvm_args: -Xmx1536m 
java_command: org.contikios.cooja.Cooja
Launcher Type: SUN_STANDARD

Environment Variables:
JAVA_HOME=/usr/lib/jvm/java-7-openjdk-i386
PATH=/usr/local/sdcc/bin:/usr/local/sbin:/usr/local/bin:/usr/sbin:/usr/bin:/sbin:/bin:/usr/games:/usr/local/games:/home/user/CodeSourcery/Sourcery_G++_Lite/bin:/usr/local/msp430/bin:/home/user/CodeSourcery/Sourcery_G++_Lite/bin
LD_LIBRARY_PATH=.
SHELL=/bin/bash
DISPLAY=:0

Signal Handlers:
SIGSEGV: [libjvm.so+0x80cb90], sa_mask[0]=0x7ffbfeff, sa_flags=0x10000004
SIGBUS: [libjvm.so+0x80cb90], sa_mask[0]=0x7ffbfeff, sa_flags=0x10000004
SIGFPE: [libjvm.so+0x684e30], sa_mask[0]=0x7ffbfeff, sa_flags=0x10000004
SIGPIPE: [libjvm.so+0x684e30], sa_mask[0]=0x7ffbfeff, sa_flags=0x10000004
SIGXFSZ: [libjvm.so+0x684e30], sa_mask[0]=0x7ffbfeff, sa_flags=0x10000004
SIGILL: [libjvm.so+0x684e30], sa_mask[0]=0x7ffbfeff, sa_flags=0x10000004
SIGUSR1: SIG_DFL, sa_mask[0]=0x00000000, sa_flags=0x00000000
SIGUSR2: [libjvm.so+0x684cc0], sa_mask[0]=0x00000004, sa_flags=0x10000004
SIGHUP: [libjvm.so+0x684ef0], sa_mask[0]=0x7ffbfeff, sa_flags=0x10000004
SIGINT: [libjvm.so+0x684ef0], sa_mask[0]=0x7ffbfeff, sa_flags=0x10000004
SIGTERM: [libjvm.so+0x684ef0], sa_mask[0]=0x7ffbfeff, sa_flags=0x10000004
SIGQUIT: [libjvm.so+0x684ef0], sa_mask[0]=0x7ffbfeff, sa_flags=0x10000004
SIGTRAP: SIG_DFL, sa_mask[0]=0x00000000, sa_flags=0x00000000


---------------  S Y S T E M  ---------------

OS:Ubuntu 14.04 (trusty)
uname:Linux 3.13.0-62-generic #102-Ubuntu SMP Tue Aug 11 14:28:35 UTC 2015 i686
libc:glibc 2.19 NPTL 2.19 
rlimit: STACK 8192k, CORE 0k, NPROC 32159, NOFILE 4096, AS infinity
load average:5.44 6.05 5.61

/proc/meminfo:
MemTotal:        4135720 kB
MemFree:          220404 kB
Buffers:           74292 kB
Cached:           907612 kB
SwapCached:         6040 kB
Active:          2657636 kB
Inactive:        1091656 kB
Active(anon):    2160948 kB
Inactive(anon):   636776 kB
Active(file):     496688 kB
Inactive(file):   454880 kB
Unevictable:          32 kB
Mlocked:              32 kB
HighTotal:       3280840 kB
HighFree:          61056 kB
LowTotal:         854880 kB
LowFree:          159348 kB
SwapTotal:       1046524 kB
SwapFree:         985920 kB
Dirty:              2360 kB
Writeback:             0 kB
AnonPages:       2762232 kB
Mapped:            89684 kB
Shmem:             30336 kB
Slab:             139124 kB
SReclaimable:     120888 kB
SUnreclaim:        18236 kB
KernelStack:        4008 kB
PageTables:        12668 kB
NFS_Unstable:          0 kB
Bounce:                0 kB
WritebackTmp:          0 kB
CommitLimit:     3114384 kB
Committed_AS:    5046024 kB
VmallocTotal:     122880 kB
VmallocUsed:        9204 kB
VmallocChunk:     108036 kB
HardwareCorrupted:     0 kB
AnonHugePages:   2238464 kB
HugePages_Total:       0
HugePages_Free:        0
HugePages_Rsvd:        0
HugePages_Surp:        0
Hugepagesize:       2048 kB
DirectMap4k:       22520 kB
DirectMap2M:      890880 kB


CPU:total 2 (2 cores per cpu, 1 threads per core) family 6 model 158 stepping 9, cmov, cx8, fxsr, mmx, sse, sse2, sse3, ssse3, sse4.1, sse4.2, popcnt, avx, aes, tsc, tscinvbit

/proc/cpuinfo:
processor	: 0
vendor_id	: GenuineIntel
cpu family	: 6
model		: 158
model name	: Intel(R) Core(TM) i5-7500 CPU @ 3.40GHz
stepping	: 9
cpu MHz		: 3407.998
cache size	: 6144 KB
physical id	: 0
siblings	: 2
core id		: 0
cpu cores	: 2
apicid		: 0
initial apicid	: 0
fdiv_bug	: no
f00f_bug	: no
coma_bug	: no
fpu		: yes
fpu_exception	: yes
cpuid level	: 22
wp		: yes
flags		: fpu vme de pse tsc msr pae mce cx8 apic sep mtrr pge mca cmov pat pse36 clflush mmx fxsr sse sse2 ht nx rdtscp constant_tsc xtopology nonstop_tsc pni pclmulqdq ssse3 cx16 sse4_1 sse4_2 x2apic movbe popcnt aes xsave avx rdrand hypervisor lahf_lm abm 3dnowprefetch rdseed
bogomips	: 6815.99
clflush size	: 64
cache_alignment	: 64
address sizes	: 39 bits physical, 48 bits virtual
power management:

processor	: 1
vendor_id	: GenuineIntel
cpu family	: 6
model		: 158
model name	: Intel(R) Core(TM) i5-7500 CPU @ 3.40GHz
stepping	: 9
cpu MHz		: 3407.998
cache size	: 6144 KB
physical id	: 0
siblings	: 2
core id		: 1
cpu cores	: 2
apicid		: 1
initial apicid	: 1
fdiv_bug	: no
f00f_bug	: no
coma_bug	: no
fpu		: yes
fpu_exception	: yes
cpuid level	: 22
wp		: yes
flags		: fpu vme de pse tsc msr pae mce cx8 apic sep mtrr pge mca cmov pat pse36 clflush mmx fxsr sse sse2 ht nx rdtscp constant_tsc xtopology nonstop_tsc pni pclmulqdq ssse3 cx16 sse4_1 sse4_2 x2apic movbe popcnt aes xsave avx rdrand hypervisor lahf_lm abm 3dnowprefetch rdseed
bogomips	: 6815.99
clflush size	: 64
cache_alignment	: 64
address sizes	: 39 bits physical, 48 bits virtual
power management:



Memory: 4k page, physical 4135720k(220404k free), swap 1046524k(985920k free)

vm_info: OpenJDK Server VM (24.79-b02) for linux-x86 JRE (1.7.0_79-b14), built on Jul 24 2015 08:25:15 by "buildd" with gcc 4.8.2

time: Tue Sep 12 16:14:27 2017
elapsed time: 1238 seconds

