#
# A fatal error has been detected by the Java Runtime Environment:
#
#  SIGSEGV (0xb) at pc=0x859d69a6, pid=16635, tid=2249911104
#
# JRE version: OpenJDK Runtime Environment (7.0_79-b14) (build 1.7.0_79-b14)
# Java VM: OpenJDK Server VM (24.79-b02 mixed mode linux-x86 )
# Derivative: IcedTea 2.5.6
# Distribution: Ubuntu 14.04 LTS, package 7u79-2.5.6-0ubuntu1.14.04.1
# Problematic frame:
# C  [mtype249.cooja+0x109a6]  send_packet+0x3a5
#
# Failed to write core dump. Core dumps have been disabled. To enable core dumping, try "ulimit -c unlimited" before starting Java again
#
# If you would like to submit a bug report, please include
# instructions on how to reproduce the bug and visit:
#   http://icedtea.classpath.org/bugzilla
# The crash happened outside the Java Virtual Machine in native code.
# See problematic frame for where to report the bug.
#

---------------  T H R E A D  ---------------

Current thread (0x86015c00):  JavaThread "Thread-75" [_thread_in_native, id=13732, stack(0x8615e000,0x861af000)]

siginfo:si_signo=SIGSEGV: si_errno=0, si_code=1 (SEGV_MAPERR), si_addr=0x86a06baf

Registers:
EAX=0x010106ef, EBX=0x859f610c, ECX=0x00000010, EDX=0x000106ef
ESP=0x859f8a4c, EBP=0x859f8ac4, ESI=0x00000000, EDI=0x00000000
EIP=0x859d69a6, EFLAGS=0x00010212, CR2=0x86a06baf

Top of Stack: (sp=0x859f8a4c)
0x859f8a4c:   859fb4a0 000000f4 859f8a74 859d9c82
0x859f8a5c:   859ff100 859ee9c0 00000000 00000000
0x859f8a6c:   000000ed 0000008b 859f8a94 859de30c
0x859f8a7c:   859ff100 000000f4 859ea159 21a24400
0x859f8a8c:   00000014 859f6194 859f8ab4 859da792
0x859f8a9c:   859ff100 0000003e 00000000 00079a12
0x859f8aac:   859fc700 859f6088 859f8ae4 21a24400
0x859f8abc:   859f610c 00000000 859f8af4 859d9736 

Instructions: (pc=0x859d69a6)
0x859d6986:   9f 85 8d 50 01 a1 ac 6a 9f 85 39 c2 7d 64 a1 ac
0x859d6996:   6a 9f 85 83 e8 01 a3 74 db 9f 85 a1 74 db 9f 85
0x859d69a6:   0f b6 80 c0 64 9f 85 0f b6 c0 c1 e0 08 89 45 bc
0x859d69b6:   a1 24 db 9f 85 83 f8 ff 75 0a 8b 45 bc a3 24 db 

Register to memory mapping:

EAX=0x010106ef is an unknown value
EBX=0x859f610c: ctimer_process+0xc in /media/user/Harddisk/Double-MAC/lanada/obj_cooja/mtype249.cooja at 0x859c6000
ECX=0x00000010 is an unknown value
EDX=0x000106ef is an unknown value
ESP=0x859f8a4c: <offset 0x32a4c> in /media/user/Harddisk/Double-MAC/lanada/obj_cooja/mtype249.cooja at 0x859c6000
EBP=0x859f8ac4: <offset 0x32ac4> in /media/user/Harddisk/Double-MAC/lanada/obj_cooja/mtype249.cooja at 0x859c6000
ESI=0x00000000 is an unknown value
EDI=0x00000000 is an unknown value


Stack: [0x8615e000,0x861af000],  sp=0x859f8a4c,  free space=4186730k
Native frames: (J=compiled Java code, j=interpreted, Vv=VM code, C=native code)
C  [mtype249.cooja+0x109a6]  send_packet+0x3a5
C  [mtype249.cooja+0x13736]  process_thread_ctimer_process+0xe7
C  [mtype249.cooja+0x14178]  call_process+0x57
C  [mtype249.cooja+0x1439c]  do_event+0x141
C  [mtype249.cooja+0x143b9]  process_run+0x1b
C  [mtype249.cooja+0x1179b]  process_run_thread_loop+0x1f

Java frames: (J=compiled Java code, j=interpreted, Vv=VM code)
J 2361  org.contikios.cooja.corecomm.Lib22.tick()V (0 bytes) @ 0xb348a6e0 [0xb348a6a0+0x40]

[error occurred during error reporting (printing Java stack), id 0xb]


---------------  P R O C E S S  ---------------

Java Threads: ( => current thread )
=>0x86015c00 JavaThread "Thread-75" [_thread_in_native, id=13732, stack(0x8615e000,0x861af000)]
  0x87ff5000 JavaThread "Thread-74" [_thread_blocked, id=532, stack(0x8640a000,0x8645b000)]
  0x87ff1800 JavaThread "Thread-72" [_thread_blocked, id=28599, stack(0x85d07000,0x85d58000)]
  0x86e7f400 JavaThread "Thread-70" [_thread_blocked, id=24422, stack(0x8685e000,0x868af000)]
  0x86f59400 JavaThread "Thread-62" [_thread_blocked, id=28810, stack(0x85e6d000,0x85ebe000)]
  0x87372c00 JavaThread "Thread-60" [_thread_blocked, id=26470, stack(0x861af000,0x86200000)]
  0x86e9f000 JavaThread "Thread-55" [_thread_blocked, id=30404, stack(0x8633c000,0x8638d000)]
  0x8acd1400 JavaThread "Thread-53" [_thread_blocked, id=30353, stack(0x8679a000,0x867eb000)]
  0x86025c00 JavaThread "Thread-51" [_thread_blocked, id=30313, stack(0x864ce000,0x8651f000)]
  0x87013000 JavaThread "Thread-48" [_thread_blocked, id=30280, stack(0x86baf000,0x86c00000)]
  0x87012000 JavaThread "Thread-46" [_thread_blocked, id=30230, stack(0x865a9000,0x865fa000)]
  0x86fa0c00 JavaThread "Thread-41" [_thread_blocked, id=1606, stack(0x8651f000,0x86570000)]
  0x86ef2800 JavaThread "Thread-39" [_thread_blocked, id=31863, stack(0x86634000,0x86685000)]
  0x87b5b400 JavaThread "Thread-35" [_thread_blocked, id=21727, stack(0x86685000,0x866d6000)]
  0x87b5fc00 JavaThread "Thread-33" [_thread_blocked, id=20005, stack(0x86749000,0x8679a000)]
  0x8acb9400 JavaThread "Thread-29" [_thread_blocked, id=18322, stack(0x8725e000,0x872af000)]
  0x86f8a000 JavaThread "Thread-27" [_thread_blocked, id=16476, stack(0x86a83000,0x86ad4000)]
  0x87366c00 JavaThread "Thread-23" [_thread_blocked, id=8275, stack(0x868af000,0x86900000)]
  0x87364400 JavaThread "Thread-21" [_thread_blocked, id=6475, stack(0x86b0d000,0x86b5e000)]
  0x87b59000 JavaThread "Thread-16" [_thread_blocked, id=1002, stack(0x87435000,0x87486000)]
  0x87b37400 JavaThread "Thread-14" [_thread_blocked, id=948, stack(0x871bc000,0x8720d000)]
  0x8ae14000 JavaThread "Thread-10" [_thread_blocked, id=3913, stack(0x86b5e000,0x86baf000)]
  0x8ae11400 JavaThread "Thread-8" [_thread_blocked, id=1995, stack(0x87caf000,0x87d00000)]
  0x87ff0800 JavaThread "Thread-3" [_thread_blocked, id=14726, stack(0x8720d000,0x8725e000)]
  0x87f3e000 JavaThread "Thread-1" [_thread_blocked, id=4577, stack(0x872af000,0x87300000)]
  0x87d39400 JavaThread "TimerQueue" daemon [_thread_blocked, id=20034, stack(0x87e5e000,0x87eaf000)]
  0xb6307800 JavaThread "DestroyJavaVM" [_thread_blocked, id=16724, stack(0xb64d6000,0xb6527000)]
  0x88ce4400 JavaThread "AWT-EventQueue-0" [_thread_in_Java, id=19398, stack(0x87eaf000,0x87f00000)]
  0x88ce3c00 JavaThread "AWT-Shutdown" [_thread_blocked, id=19384, stack(0x88019000,0x8806a000)]
  0x88ca6c00 JavaThread "AWT-XAWT" daemon [_thread_in_native, id=18793, stack(0x8810e000,0x8815f000)]
  0x88c97000 JavaThread "Java2D Disposer" daemon [_thread_blocked, id=18686, stack(0x88170000,0x881c1000)]
  0x8922c400 JavaThread "Service Thread" daemon [_thread_blocked, id=17150, stack(0x88e5c000,0x88ead000)]
  0x8922a800 JavaThread "C2 CompilerThread1" daemon [_thread_blocked, id=17147, stack(0x88ead000,0x88f2e000)]
  0x89228800 JavaThread "C2 CompilerThread0" daemon [_thread_blocked, id=17130, stack(0x88f2e000,0x88faf000)]
  0x89226c00 JavaThread "Signal Dispatcher" daemon [_thread_blocked, id=17129, stack(0x88faf000,0x89000000)]
  0x89214000 JavaThread "Finalizer" daemon [_thread_blocked, id=16864, stack(0x8932d000,0x8937e000)]
  0x89212800 JavaThread "Reference Handler" daemon [_thread_blocked, id=16863, stack(0x8937e000,0x893cf000)]

Other Threads:
  0x89210400 VMThread [stack: 0x8ad24000,0x8ada5000] [id=16844]
  0x8922e000 WatcherThread [stack: 0x88ddb000,0x88e5c000] [id=17151]

VM state:not at safepoint (normal execution)

VM Mutex/Monitor currently owned by a thread: None

Heap
 PSYoungGen      total 173568K, used 33534K [0xa8780000, 0xb3240000, 0xb3240000)
  eden space 172288K, 18% used [0xa8780000,0xaa731a88,0xb2fc0000)
  from space 1280K, 84% used [0xb3100000,0xb320de38,0xb3240000)
  to   space 1280K, 0% used [0xb2fc0000,0xb2fc0000,0xb3100000)
 ParOldGen       total 251392K, used 202435K [0x93240000, 0xa27c0000, 0xa8780000)
  object space 251392K, 80% used [0x93240000,0x9f7f0db8,0xa27c0000)
 PSPermGen       total 23808K, used 19951K [0x8b240000, 0x8c980000, 0x93240000)
  object space 23808K, 83% used [0x8b240000,0x8c5bbfd0,0x8c980000)

Card table byte_map: [0x8b0ff000,0x8b240000] byte_map_base: 0x8aca5e00

Polling page: 0xb76d4000

Code Cache  [0xb3300000, 0xb38e8000, 0xb6300000)
 total_blobs=2309 nmethods=2008 adapters=251 free_code_cache=43171Kb largest_free_block=44154816

Compilation events (10 events):
Event: 11976.240 Thread 0x8922a800 2412             sun.org.mozilla.javascript.NativeJavaPackage::get (8 bytes)
Event: 11976.248 Thread 0x89228800 2413  s          sun.org.mozilla.javascript.NativeJavaPackage::getPkgProperty (270 bytes)
Event: 11976.278 Thread 0x8922a800 nmethod 2412 0xb38d60c8 code [0xb38d6300, 0xb38d7140]
Event: 11976.309 Thread 0x89228800 nmethod 2413 0xb38d1a88 code [0xb38d1cc0, 0xb38d2b40]
Event: 11981.770 Thread 0x8922a800 2414             javax.swing.undo.CompoundEdit::addEdit (75 bytes)
Event: 11981.788 Thread 0x8922a800 nmethod 2414 0xb38ce208 code [0xb38ce400, 0xb38cee98]
Event: 12007.614 Thread 0x89228800 2415             javax.swing.JTable::adjustSizes (192 bytes)
Event: 12007.663 Thread 0x89228800 nmethod 2415 0xb38d8248 code [0xb38d84c0, 0xb38d95d0]
Event: 12015.451 Thread 0x8922a800 2416   !         javax.swing.JViewport::setViewPosition (322 bytes)
Event: 12015.637 Thread 0x8922a800 nmethod 2416 0xb38ddd88 code [0xb38de2a0, 0xb38e03fc]

GC Heap History (10 events):
Event: 12045.564 GC heap before
{Heap before GC invocations=610 (full 16):
 PSYoungGen      total 173312K, used 171746K [0xa8780000, 0xb3240000, 0xb3240000)
  eden space 172032K, 99% used [0xa8780000,0xb2e80cb8,0xb2f80000)
  from space 1280K, 57% used [0xb2f80000,0xb3037ca0,0xb30c0000)
  to   space 1280K, 0% used [0xb3100000,0xb3100000,0xb3240000)
 ParOldGen       total 251392K, used 197516K [0x93240000, 0xa27c0000, 0xa8780000)
  object space 251392K, 78% used [0x93240000,0x9f3230f8,0xa27c0000)
 PSPermGen       total 23808K, used 19951K [0x8b240000, 0x8c980000, 0x93240000)
  object space 23808K, 83% used [0x8b240000,0x8c5bbfd0,0x8c980000)
Event: 12045.579 GC heap after
Heap after GC invocations=610 (full 16):
 PSYoungGen      total 173568K, used 895K [0xa8780000, 0xb3240000, 0xb3240000)
  eden space 172288K, 0% used [0xa8780000,0xa8780000,0xb2fc0000)
  from space 1280K, 69% used [0xb3100000,0xb31dfdb0,0xb3240000)
  to   space 1280K, 0% used [0xb2fc0000,0xb2fc0000,0xb3100000)
 ParOldGen       total 251392K, used 198168K [0x93240000, 0xa27c0000, 0xa8780000)
  object space 251392K, 78% used [0x93240000,0x9f3c6248,0xa27c0000)
 PSPermGen       total 23808K, used 19951K [0x8b240000, 0x8c980000, 0x93240000)
  object space 23808K, 83% used [0x8b240000,0x8c5bbfd0,0x8c980000)
}
Event: 12046.368 GC heap before
{Heap before GC invocations=611 (full 16):
 PSYoungGen      total 173568K, used 173136K [0xa8780000, 0xb3240000, 0xb3240000)
  eden space 172288K, 99% used [0xa8780000,0xb2fb45b0,0xb2fc0000)
  from space 1280K, 69% used [0xb3100000,0xb31dfdb0,0xb3240000)
  to   space 1280K, 0% used [0xb2fc0000,0xb2fc0000,0xb3100000)
 ParOldGen       total 251392K, used 198168K [0x93240000, 0xa27c0000, 0xa8780000)
  object space 251392K, 78% used [0x93240000,0x9f3c6248,0xa27c0000)
 PSPermGen       total 23808K, used 19951K [0x8b240000, 0x8c980000, 0x93240000)
  object space 23808K, 83% used [0x8b240000,0x8c5bbfd0,0x8c980000)
Event: 12046.380 GC heap after
Heap after GC invocations=611 (full 16):
 PSYoungGen      total 173568K, used 742K [0xa8780000, 0xb3240000, 0xb3240000)
  eden space 172288K, 0% used [0xa8780000,0xa8780000,0xb2fc0000)
  from space 1280K, 58% used [0xb2fc0000,0xb3079b58,0xb3100000)
  to   space 1280K, 0% used [0xb3100000,0xb3100000,0xb3240000)
 ParOldGen       total 251392K, used 198988K [0x93240000, 0xa27c0000, 0xa8780000)
  object space 251392K, 79% used [0x93240000,0x9f493398,0xa27c0000)
 PSPermGen       total 23808K, used 19951K [0x8b240000, 0x8c980000, 0x93240000)
  object space 23808K, 83% used [0x8b240000,0x8c5bbfd0,0x8c980000)
}
Event: 12047.381 GC heap before
{Heap before GC invocations=612 (full 16):
 PSYoungGen      total 173568K, used 173030K [0xa8780000, 0xb3240000, 0xb3240000)
  eden space 172288K, 100% used [0xa8780000,0xb2fc0000,0xb2fc0000)
  from space 1280K, 58% used [0xb2fc0000,0xb3079b58,0xb3100000)
  to   space 1280K, 0% used [0xb3100000,0xb3100000,0xb3240000)
 ParOldGen       total 251392K, used 198988K [0x93240000, 0xa27c0000, 0xa8780000)
  object space 251392K, 79% used [0x93240000,0x9f493398,0xa27c0000)
 PSPermGen       total 23808K, used 19951K [0x8b240000, 0x8c980000, 0x93240000)
  object space 23808K, 83% used [0x8b240000,0x8c5bbfd0,0x8c980000)
Event: 12047.390 GC heap after
Heap after GC invocations=612 (full 16):
 PSYoungGen      total 173568K, used 895K [0xa8780000, 0xb3240000, 0xb3240000)
  eden space 172288K, 0% used [0xa8780000,0xa8780000,0xb2fc0000)
  from space 1280K, 69% used [0xb3100000,0xb31dffc8,0xb3240000)
  to   space 1280K, 0% used [0xb2fc0000,0xb2fc0000,0xb3100000)
 ParOldGen       total 251392K, used 199661K [0x93240000, 0xa27c0000, 0xa8780000)
  object space 251392K, 79% used [0x93240000,0x9f53b4e8,0xa27c0000)
 PSPermGen       total 23808K, used 19951K [0x8b240000, 0x8c980000, 0x93240000)
  object space 23808K, 83% used [0x8b240000,0x8c5bbfd0,0x8c980000)
}
Event: 12048.273 GC heap before
{Heap before GC invocations=613 (full 16):
 PSYoungGen      total 173568K, used 172379K [0xa8780000, 0xb3240000, 0xb3240000)
  eden space 172288K, 99% used [0xa8780000,0xb2ef6c90,0xb2fc0000)
  from space 1280K, 69% used [0xb3100000,0xb31dffc8,0xb3240000)
  to   space 1280K, 0% used [0xb2fc0000,0xb2fc0000,0xb3100000)
 ParOldGen       total 251392K, used 199661K [0x93240000, 0xa27c0000, 0xa8780000)
  object space 251392K, 79% used [0x93240000,0x9f53b4e8,0xa27c0000)
 PSPermGen       total 23808K, used 19951K [0x8b240000, 0x8c980000, 0x93240000)
  object space 23808K, 83% used [0x8b240000,0x8c5bbfd0,0x8c980000)
Event: 12048.282 GC heap after
Heap after GC invocations=613 (full 16):
 PSYoungGen      total 173568K, used 784K [0xa8780000, 0xb3240000, 0xb3240000)
  eden space 172288K, 0% used [0xa8780000,0xa8780000,0xb2fc0000)
  from space 1280K, 61% used [0xb2fc0000,0xb30840e0,0xb3100000)
  to   space 1280K, 0% used [0xb3100000,0xb3100000,0xb3240000)
 ParOldGen       total 251392K, used 200465K [0x93240000, 0xa27c0000, 0xa8780000)
  object space 251392K, 79% used [0x93240000,0x9f604638,0xa27c0000)
 PSPermGen       total 23808K, used 19951K [0x8b240000, 0x8c980000, 0x93240000)
  object space 23808K, 83% used [0x8b240000,0x8c5bbfd0,0x8c980000)
}
Event: 12049.990 GC heap before
{Heap before GC invocations=614 (full 16):
 PSYoungGen      total 173568K, used 171993K [0xa8780000, 0xb3240000, 0xb3240000)
  eden space 172288K, 99% used [0xa8780000,0xb2eb2588,0xb2fc0000)
  from space 1280K, 61% used [0xb2fc0000,0xb30840e0,0xb3100000)
  to   space 1280K, 0% used [0xb3100000,0xb3100000,0xb3240000)
 ParOldGen       total 251392K, used 201727K [0x93240000, 0xa27c0000, 0xa8780000)
  object space 251392K, 80% used [0x93240000,0x9f73fc68,0xa27c0000)
 PSPermGen       total 23808K, used 19951K [0x8b240000, 0x8c980000, 0x93240000)
  object space 23808K, 83% used [0x8b240000,0x8c5bbfd0,0x8c980000)
Event: 12050.011 GC heap after
Heap after GC invocations=614 (full 16):
 PSYoungGen      total 173568K, used 1079K [0xa8780000, 0xb3240000, 0xb3240000)
  eden space 172288K, 0% used [0xa8780000,0xa8780000,0xb2fc0000)
  from space 1280K, 84% used [0xb3100000,0xb320de38,0xb3240000)
  to   space 1280K, 0% used [0xb2fc0000,0xb2fc0000,0xb3100000)
 ParOldGen       total 251392K, used 202435K [0x93240000, 0xa27c0000, 0xa8780000)
  object space 251392K, 80% used [0x93240000,0x9f7f0db8,0xa27c0000)
 PSPermGen       total 23808K, used 19951K [0x8b240000, 0x8c980000, 0x93240000)
  object space 23808K, 83% used [0x8b240000,0x8c5bbfd0,0x8c980000)
}

Deoptimization events (10 events):
Event: 11903.129 Thread 0x88ce4400 Uncommon trap: reason=bimorphic action=maybe_recompile pc=0xb349b600 method=java.awt.Component.getToolkitImpl()Ljava/awt/Toolkit; @ 17
Event: 11903.129 Thread 0x88ce4400 Uncommon trap: reason=bimorphic action=maybe_recompile pc=0xb349b610 method=java.awt.Component.getToolkitImpl()Ljava/awt/Toolkit; @ 17
Event: 11903.129 Thread 0x88ce4400 Uncommon trap: reason=class_check action=maybe_recompile pc=0xb34014c4 method=java.awt.Container.findComponentAtImpl(IIZ)Ljava/awt/Component; @ 76
Event: 11903.129 Thread 0x88ce4400 Uncommon trap: reason=bimorphic action=maybe_recompile pc=0xb386a848 method=java.awt.Container.validate()V @ 54
Event: 11903.130 Thread 0x88ce4400 Uncommon trap: reason=class_check action=maybe_recompile pc=0xb34014c4 method=java.awt.Container.findComponentAtImpl(IIZ)Ljava/awt/Component; @ 76
Event: 11903.132 Thread 0x88ce4400 Uncommon trap: reason=class_check action=maybe_recompile pc=0xb34014c4 method=java.awt.Container.findComponentAtImpl(IIZ)Ljava/awt/Component; @ 76
Event: 11903.136 Thread 0x88ce4400 Uncommon trap: reason=class_check action=maybe_recompile pc=0xb34014c4 method=java.awt.Container.findComponentAtImpl(IIZ)Ljava/awt/Component; @ 76
Event: 11903.288 Thread 0x88ce4400 Uncommon trap: reason=class_check action=maybe_recompile pc=0xb36ff310 method=sun.java2d.x11.X11SurfaceData$X11WindowSurfaceData.getBounds()Ljava/awt/Rectangle; @ 4
Event: 11903.371 Thread 0x88ce4400 Uncommon trap: reason=class_check action=maybe_recompile pc=0xb373a884 method=java.awt.Container.getMouseEventTargetImpl(IIZLjava/awt/Container$EventTargetFilter;ZZ)Ljava/awt/Component; @ 64
Event: 11903.375 Thread 0x88ce4400 Uncommon trap: reason=bimorphic action=maybe_recompile pc=0xb3411df4 method=java.awt.Container.removeAll()V @ 99

Internal exceptions (10 events):
Event: 11855.748 Thread 0x87ff5000 Threw 0xa937f738 at /build/openjdk-7-OXg_HK/openjdk-7-7u79-2.5.6/build/openjdk/hotspot/src/share/vm/prims/jvm.cpp:1284
Event: 11855.748 Thread 0x87ff5000 Threw 0xa9380718 at /build/openjdk-7-OXg_HK/openjdk-7-7u79-2.5.6/build/openjdk/hotspot/src/share/vm/prims/jvm.cpp:1284
Event: 11855.748 Thread 0x87ff5000 Threw 0xa9380e98 at /build/openjdk-7-OXg_HK/openjdk-7-7u79-2.5.6/build/openjdk/hotspot/src/share/vm/prims/jvm.cpp:1284
Event: 11855.748 Thread 0x87ff5000 Threw 0xa9381de0 at /build/openjdk-7-OXg_HK/openjdk-7-7u79-2.5.6/build/openjdk/hotspot/src/share/vm/prims/jvm.cpp:1284
Event: 11855.748 Thread 0x87ff5000 Threw 0xa93825b8 at /build/openjdk-7-OXg_HK/openjdk-7-7u79-2.5.6/build/openjdk/hotspot/src/share/vm/prims/jvm.cpp:1284
Event: 11855.748 Thread 0x87ff5000 Threw 0xa9383500 at /build/openjdk-7-OXg_HK/openjdk-7-7u79-2.5.6/build/openjdk/hotspot/src/share/vm/prims/jvm.cpp:1284
Event: 11855.748 Thread 0x87ff5000 Threw 0xa9383c80 at /build/openjdk-7-OXg_HK/openjdk-7-7u79-2.5.6/build/openjdk/hotspot/src/share/vm/prims/jvm.cpp:1284
Event: 11855.748 Thread 0x87ff5000 Threw 0xa9384bc8 at /build/openjdk-7-OXg_HK/openjdk-7-7u79-2.5.6/build/openjdk/hotspot/src/share/vm/prims/jvm.cpp:1284
Event: 11870.510 Thread 0x88ce4400 Implicit null exception at 0xb38a7b9e to 0xb38a9ed5
Event: 11903.109 Thread 0x88ce4400 Implicit null exception at 0xb36ee5de to 0xb36ef5f9

Events (10 events):
Event: 12046.366 Executing VM operation: ParallelGCFailedAllocation
Event: 12046.380 Executing VM operation: ParallelGCFailedAllocation done
Event: 12047.381 Executing VM operation: ParallelGCFailedAllocation
Event: 12047.390 Executing VM operation: ParallelGCFailedAllocation done
Event: 12048.273 Executing VM operation: ParallelGCFailedAllocation
Event: 12048.282 Executing VM operation: ParallelGCFailedAllocation done
Event: 12049.982 Executing VM operation: ParallelGCFailedAllocation
Event: 12049.982 Executing VM operation: ParallelGCFailedAllocation done
Event: 12049.986 Executing VM operation: ParallelGCSystemGC
Event: 12050.011 Executing VM operation: ParallelGCSystemGC done


Dynamic libraries:
08048000-08049000 r-xp 00000000 08:01 282989     /usr/lib/jvm/java-7-openjdk-i386/jre/bin/java
08049000-0804a000 r--p 00000000 08:01 282989     /usr/lib/jvm/java-7-openjdk-i386/jre/bin/java
0804a000-0804b000 rw-p 00001000 08:01 282989     /usr/lib/jvm/java-7-openjdk-i386/jre/bin/java
0933c000-0a6d4000 rw-p 00000000 00:00 0          [heap]
84300000-843b0000 rw-p 00000000 00:00 0 
843b0000-84400000 ---p 00000000 00:00 0 
84500000-845fe000 rw-p 00000000 00:00 0 
845fe000-84600000 ---p 00000000 00:00 0 
84600000-846fc000 rw-p 00000000 00:00 0 
846fc000-84700000 ---p 00000000 00:00 0 
84700000-847ff000 rw-p 00000000 00:00 0 
847ff000-84800000 ---p 00000000 00:00 0 
84900000-849fa000 rw-p 00000000 00:00 0 
849fa000-84a00000 ---p 00000000 00:00 0 
84c00000-84cfd000 rw-p 00000000 00:00 0 
84cfd000-84d00000 ---p 00000000 00:00 0 
84d00000-84dfa000 rw-p 00000000 00:00 0 
84dfa000-84e00000 ---p 00000000 00:00 0 
84e00000-85000000 rw-p 00000000 00:00 0 
85000000-850fd000 rw-p 00000000 00:00 0 
850fd000-85100000 ---p 00000000 00:00 0 
85100000-85200000 rw-p 00000000 00:00 0 
85200000-852fc000 rw-p 00000000 00:00 0 
852fc000-85300000 ---p 00000000 00:00 0 
85300000-853fa000 rw-p 00000000 00:00 0 
853fa000-85400000 ---p 00000000 00:00 0 
85400000-854fa000 rw-p 00000000 00:00 0 
854fa000-85500000 ---p 00000000 00:00 0 
85800000-858fa000 rw-p 00000000 00:00 0 
858fa000-85900000 ---p 00000000 00:00 0 
859c6000-859f5000 r-xp 00000000 08:10 151726     /media/user/Harddisk/Double-MAC/lanada/obj_cooja/mtype249.cooja
859f5000-859f6000 r--p 0002f000 08:10 151726     /media/user/Harddisk/Double-MAC/lanada/obj_cooja/mtype249.cooja
859f6000-859f7000 rw-p 00030000 08:10 151726     /media/user/Harddisk/Double-MAC/lanada/obj_cooja/mtype249.cooja
859f7000-85a00000 rw-p 00000000 00:00 0          [stack:13732]
85a00000-85ab9000 rw-p 00000000 00:00 0 
85ab9000-85b00000 ---p 00000000 00:00 0 
85b00000-85bee000 rw-p 00000000 00:00 0 
85bee000-85c00000 ---p 00000000 00:00 0 
85c00000-85cf5000 rw-p 00000000 00:00 0 
85cf5000-85d00000 ---p 00000000 00:00 0 
85d07000-85d0a000 ---p 00000000 00:00 0 
85d0a000-85d58000 rw-p 00000000 00:00 0          [stack:28599]
85d58000-85d5b000 ---p 00000000 00:00 0 
85d5b000-85da9000 rw-p 00000000 00:00 0 
85da9000-85dd7000 r-xp 00000000 08:10 151722     /media/user/Harddisk/Double-MAC/lanada/obj_cooja/mtype570.cooja
85dd7000-85dd8000 r--p 0002e000 08:10 151722     /media/user/Harddisk/Double-MAC/lanada/obj_cooja/mtype570.cooja
85dd8000-85dd9000 rw-p 0002f000 08:10 151722     /media/user/Harddisk/Double-MAC/lanada/obj_cooja/mtype570.cooja
85dd9000-85de2000 rw-p 00000000 00:00 0 
85de2000-85e11000 r-xp 00000000 08:10 151718     /media/user/Harddisk/Double-MAC/lanada/obj_cooja/mtype188.cooja
85e11000-85e12000 r--p 0002f000 08:10 151718     /media/user/Harddisk/Double-MAC/lanada/obj_cooja/mtype188.cooja
85e12000-85e13000 rw-p 00030000 08:10 151718     /media/user/Harddisk/Double-MAC/lanada/obj_cooja/mtype188.cooja
85e13000-85e1c000 rw-p 00000000 00:00 0 
85e1c000-85e1f000 ---p 00000000 00:00 0 
85e1f000-85e6d000 rw-p 00000000 00:00 0 
85e6d000-85e70000 ---p 00000000 00:00 0 
85e70000-85ebe000 rw-p 00000000 00:00 0          [stack:28810]
85ebe000-86000000 rw-s 00000000 00:04 39944213   /SYSV00000000 (deleted)
86000000-860fd000 rw-p 00000000 00:00 0 
860fd000-86100000 ---p 00000000 00:00 0 
86124000-86153000 r-xp 00000000 08:10 151713     /media/user/Harddisk/Double-MAC/lanada/obj_cooja/mtype683.cooja
86153000-86154000 r--p 0002f000 08:10 151713     /media/user/Harddisk/Double-MAC/lanada/obj_cooja/mtype683.cooja
86154000-86155000 rw-p 00030000 08:10 151713     /media/user/Harddisk/Double-MAC/lanada/obj_cooja/mtype683.cooja
86155000-8615e000 rw-p 00000000 00:00 0 
8615e000-86161000 ---p 00000000 00:00 0 
86161000-861af000 rw-p 00000000 00:00 0 
861af000-861b2000 ---p 00000000 00:00 0 
861b2000-86200000 rw-p 00000000 00:00 0          [stack:26470]
86200000-862f7000 rw-p 00000000 00:00 0 
862f7000-86300000 ---p 00000000 00:00 0 
86303000-86331000 r-xp 00000000 08:10 151709     /media/user/Harddisk/Double-MAC/lanada/obj_cooja/mtype213.cooja
86331000-86332000 r--p 0002e000 08:10 151709     /media/user/Harddisk/Double-MAC/lanada/obj_cooja/mtype213.cooja
86332000-86333000 rw-p 0002f000 08:10 151709     /media/user/Harddisk/Double-MAC/lanada/obj_cooja/mtype213.cooja
86333000-8633c000 rw-p 00000000 00:00 0 
8633c000-8633f000 ---p 00000000 00:00 0 
8633f000-8638d000 rw-p 00000000 00:00 0          [stack:30404]
86397000-863c5000 r-xp 00000000 08:10 151714     /media/user/Harddisk/Double-MAC/lanada/obj_cooja/mtype70.cooja
863c5000-863c6000 r--p 0002e000 08:10 151714     /media/user/Harddisk/Double-MAC/lanada/obj_cooja/mtype70.cooja
863c6000-863c7000 rw-p 0002f000 08:10 151714     /media/user/Harddisk/Double-MAC/lanada/obj_cooja/mtype70.cooja
863c7000-863d0000 rw-p 00000000 00:00 0 
863d0000-863ff000 r-xp 00000000 08:10 151704     /media/user/Harddisk/Double-MAC/lanada/obj_cooja/mtype876.cooja
863ff000-86400000 r--p 0002f000 08:10 151704     /media/user/Harddisk/Double-MAC/lanada/obj_cooja/mtype876.cooja
86400000-86401000 rw-p 00030000 08:10 151704     /media/user/Harddisk/Double-MAC/lanada/obj_cooja/mtype876.cooja
86401000-8640a000 rw-p 00000000 00:00 0 
8640a000-8640d000 ---p 00000000 00:00 0 
8640d000-8645b000 rw-p 00000000 00:00 0          [stack:532]
8645b000-86489000 r-xp 00000000 08:10 151700     /media/user/Harddisk/Double-MAC/lanada/obj_cooja/mtype238.cooja
86489000-8648a000 r--p 0002e000 08:10 151700     /media/user/Harddisk/Double-MAC/lanada/obj_cooja/mtype238.cooja
8648a000-8648b000 rw-p 0002f000 08:10 151700     /media/user/Harddisk/Double-MAC/lanada/obj_cooja/mtype238.cooja
8648b000-86494000 rw-p 00000000 00:00 0 
86494000-864c3000 r-xp 00000000 08:10 152075     /media/user/Harddisk/Double-MAC/lanada/obj_cooja/mtype527.cooja (deleted)
864c3000-864c4000 r--p 0002f000 08:10 152075     /media/user/Harddisk/Double-MAC/lanada/obj_cooja/mtype527.cooja (deleted)
864c4000-864c5000 rw-p 00030000 08:10 152075     /media/user/Harddisk/Double-MAC/lanada/obj_cooja/mtype527.cooja (deleted)
864c5000-864ce000 rw-p 00000000 00:00 0 
864ce000-864d1000 ---p 00000000 00:00 0 
864d1000-8651f000 rw-p 00000000 00:00 0          [stack:30313]
8651f000-86522000 ---p 00000000 00:00 0 
86522000-86570000 rw-p 00000000 00:00 0          [stack:1606]
86570000-8659e000 r-xp 00000000 08:10 152065     /media/user/Harddisk/Double-MAC/lanada/obj_cooja/mtype525.cooja (deleted)
8659e000-8659f000 r--p 0002e000 08:10 152065     /media/user/Harddisk/Double-MAC/lanada/obj_cooja/mtype525.cooja (deleted)
8659f000-865a0000 rw-p 0002f000 08:10 152065     /media/user/Harddisk/Double-MAC/lanada/obj_cooja/mtype525.cooja (deleted)
865a0000-865a9000 rw-p 00000000 00:00 0 
865a9000-865ac000 ---p 00000000 00:00 0 
865ac000-865fa000 rw-p 00000000 00:00 0          [stack:30230]
865fa000-86629000 r-xp 00000000 08:10 152061     /media/user/Harddisk/Double-MAC/lanada/obj_cooja/mtype722.cooja (deleted)
86629000-8662a000 r--p 0002f000 08:10 152061     /media/user/Harddisk/Double-MAC/lanada/obj_cooja/mtype722.cooja (deleted)
8662a000-8662b000 rw-p 00030000 08:10 152061     /media/user/Harddisk/Double-MAC/lanada/obj_cooja/mtype722.cooja (deleted)
8662b000-86634000 rw-p 00000000 00:00 0 
86634000-86637000 ---p 00000000 00:00 0 
86637000-86685000 rw-p 00000000 00:00 0          [stack:31863]
86685000-86688000 ---p 00000000 00:00 0 
86688000-866d6000 rw-p 00000000 00:00 0          [stack:21727]
866d6000-86704000 r-xp 00000000 08:10 152057     /media/user/Harddisk/Double-MAC/lanada/obj_cooja/mtype259.cooja (deleted)
86704000-86705000 r--p 0002e000 08:10 152057     /media/user/Harddisk/Double-MAC/lanada/obj_cooja/mtype259.cooja (deleted)
86705000-86706000 rw-p 0002f000 08:10 152057     /media/user/Harddisk/Double-MAC/lanada/obj_cooja/mtype259.cooja (deleted)
86706000-8670f000 rw-p 00000000 00:00 0 
8670f000-8673e000 r-xp 00000000 08:10 152053     /media/user/Harddisk/Double-MAC/lanada/obj_cooja/mtype108.cooja (deleted)
8673e000-8673f000 r--p 0002f000 08:10 152053     /media/user/Harddisk/Double-MAC/lanada/obj_cooja/mtype108.cooja (deleted)
8673f000-86740000 rw-p 00030000 08:10 152053     /media/user/Harddisk/Double-MAC/lanada/obj_cooja/mtype108.cooja (deleted)
86740000-86749000 rw-p 00000000 00:00 0 
86749000-8674c000 ---p 00000000 00:00 0 
8674c000-8679a000 rw-p 00000000 00:00 0          [stack:20005]
8679a000-8679d000 ---p 00000000 00:00 0 
8679d000-867eb000 rw-p 00000000 00:00 0          [stack:30353]
867eb000-86819000 r-xp 00000000 08:10 152049     /media/user/Harddisk/Double-MAC/lanada/obj_cooja/mtype994.cooja (deleted)
86819000-8681a000 r--p 0002e000 08:10 152049     /media/user/Harddisk/Double-MAC/lanada/obj_cooja/mtype994.cooja (deleted)
8681a000-8681b000 rw-p 0002f000 08:10 152049     /media/user/Harddisk/Double-MAC/lanada/obj_cooja/mtype994.cooja (deleted)
8681b000-86824000 rw-p 00000000 00:00 0 
86824000-86853000 r-xp 00000000 08:10 152045     /media/user/Harddisk/Double-MAC/lanada/obj_cooja/mtype742.cooja (deleted)
86853000-86854000 r--p 0002f000 08:10 152045     /media/user/Harddisk/Double-MAC/lanada/obj_cooja/mtype742.cooja (deleted)
86854000-86855000 rw-p 00030000 08:10 152045     /media/user/Harddisk/Double-MAC/lanada/obj_cooja/mtype742.cooja (deleted)
86855000-8685e000 rw-p 00000000 00:00 0 
8685e000-86861000 ---p 00000000 00:00 0 
86861000-868af000 rw-p 00000000 00:00 0          [stack:24422]
868af000-868b2000 ---p 00000000 00:00 0 
868b2000-86900000 rw-p 00000000 00:00 0          [stack:8275]
86900000-869fe000 rw-p 00000000 00:00 0 
869fe000-86a00000 ---p 00000000 00:00 0 
86a10000-86a3e000 r-xp 00000000 08:10 152041     /media/user/Harddisk/Double-MAC/lanada/obj_cooja/mtype419.cooja (deleted)
86a3e000-86a3f000 r--p 0002e000 08:10 152041     /media/user/Harddisk/Double-MAC/lanada/obj_cooja/mtype419.cooja (deleted)
86a3f000-86a40000 rw-p 0002f000 08:10 152041     /media/user/Harddisk/Double-MAC/lanada/obj_cooja/mtype419.cooja (deleted)
86a40000-86a49000 rw-p 00000000 00:00 0 
86a49000-86a78000 r-xp 00000000 08:10 152037     /media/user/Harddisk/Double-MAC/lanada/obj_cooja/mtype664.cooja (deleted)
86a78000-86a79000 r--p 0002f000 08:10 152037     /media/user/Harddisk/Double-MAC/lanada/obj_cooja/mtype664.cooja (deleted)
86a79000-86a7a000 rw-p 00030000 08:10 152037     /media/user/Harddisk/Double-MAC/lanada/obj_cooja/mtype664.cooja (deleted)
86a7a000-86a83000 rw-p 00000000 00:00 0 
86a83000-86a86000 ---p 00000000 00:00 0 
86a86000-86ad4000 rw-p 00000000 00:00 0          [stack:16476]
86ad4000-86b02000 r-xp 00000000 08:10 152032     /media/user/Harddisk/Double-MAC/lanada/obj_cooja/mtype894.cooja (deleted)
86b02000-86b03000 r--p 0002e000 08:10 152032     /media/user/Harddisk/Double-MAC/lanada/obj_cooja/mtype894.cooja (deleted)
86b03000-86b04000 rw-p 0002f000 08:10 152032     /media/user/Harddisk/Double-MAC/lanada/obj_cooja/mtype894.cooja (deleted)
86b04000-86b0d000 rw-p 00000000 00:00 0 
86b0d000-86b10000 ---p 00000000 00:00 0 
86b10000-86b5e000 rw-p 00000000 00:00 0          [stack:6475]
86b5e000-86b61000 ---p 00000000 00:00 0 
86b61000-86baf000 rw-p 00000000 00:00 0          [stack:3913]
86baf000-86bb2000 ---p 00000000 00:00 0 
86bb2000-86c00000 rw-p 00000000 00:00 0          [stack:30280]
86c00000-86dfa000 rw-p 00000000 00:00 0 
86dfa000-86e00000 ---p 00000000 00:00 0 
86e00000-86ef3000 rw-p 00000000 00:00 0 
86ef3000-86f00000 ---p 00000000 00:00 0 
86f00000-86ff4000 rw-p 00000000 00:00 0 
86ff4000-87000000 ---p 00000000 00:00 0 
87000000-87100000 rw-p 00000000 00:00 0 
8710e000-8713d000 r-xp 00000000 08:10 152034     /media/user/Harddisk/Double-MAC/lanada/obj_cooja/mtype917.cooja (deleted)
8713d000-8713e000 r--p 0002f000 08:10 152034     /media/user/Harddisk/Double-MAC/lanada/obj_cooja/mtype917.cooja (deleted)
8713e000-8713f000 rw-p 00030000 08:10 152034     /media/user/Harddisk/Double-MAC/lanada/obj_cooja/mtype917.cooja (deleted)
8713f000-87148000 rw-p 00000000 00:00 0 
87148000-87176000 r-xp 00000000 08:10 152030     /media/user/Harddisk/Double-MAC/lanada/obj_cooja/mtype13.cooja (deleted)
87176000-87177000 r--p 0002e000 08:10 152030     /media/user/Harddisk/Double-MAC/lanada/obj_cooja/mtype13.cooja (deleted)
87177000-87178000 rw-p 0002f000 08:10 152030     /media/user/Harddisk/Double-MAC/lanada/obj_cooja/mtype13.cooja (deleted)
87178000-87181000 rw-p 00000000 00:00 0 
87181000-871b1000 r-xp 00000000 08:10 281661     /media/user/Harddisk/Double-MAC/lanada/obj_cooja/mtype166.cooja (deleted)
871b1000-871b2000 r--p 0002f000 08:10 281661     /media/user/Harddisk/Double-MAC/lanada/obj_cooja/mtype166.cooja (deleted)
871b2000-871b3000 rw-p 00030000 08:10 281661     /media/user/Harddisk/Double-MAC/lanada/obj_cooja/mtype166.cooja (deleted)
871b3000-871bc000 rw-p 00000000 00:00 0 
871bc000-871bf000 ---p 00000000 00:00 0 
871bf000-8720d000 rw-p 00000000 00:00 0          [stack:948]
8720d000-87210000 ---p 00000000 00:00 0 
87210000-8725e000 rw-p 00000000 00:00 0          [stack:14726]
8725e000-87261000 ---p 00000000 00:00 0 
87261000-872af000 rw-p 00000000 00:00 0          [stack:18322]
872af000-872b2000 ---p 00000000 00:00 0 
872b2000-87300000 rw-p 00000000 00:00 0          [stack:4577]
87300000-87400000 rw-p 00000000 00:00 0 
87411000-87435000 rw-s 00000000 00:04 40566808   /SYSV00000000 (deleted)
87435000-87438000 ---p 00000000 00:00 0 
87438000-87486000 rw-p 00000000 00:00 0          [stack:1002]
87486000-87b00000 rw-s 00000000 00:04 8093715    /SYSV00000000 (deleted)
87b00000-87c00000 rw-p 00000000 00:00 0 
87c0d000-87c3c000 r-xp 00000000 08:10 281657     /media/user/Harddisk/Double-MAC/lanada/obj_cooja/mtype38.cooja (deleted)
87c3c000-87c3d000 r--p 0002e000 08:10 281657     /media/user/Harddisk/Double-MAC/lanada/obj_cooja/mtype38.cooja (deleted)
87c3d000-87c3e000 rw-p 0002f000 08:10 281657     /media/user/Harddisk/Double-MAC/lanada/obj_cooja/mtype38.cooja (deleted)
87c3e000-87c47000 rw-p 00000000 00:00 0 
87c69000-87c8e000 rw-s 00000000 00:04 40534036   /SYSV00000000 (deleted)
87c8e000-87c9c000 r--s 0010f000 08:01 138889     /usr/lib/jvm/java-7-openjdk-i386/jre/lib/rhino.jar
87caf000-87cb2000 ---p 00000000 00:00 0 
87cb2000-87d00000 rw-p 00000000 00:00 0          [stack:1995]
87d00000-87dff000 rw-p 00000000 00:00 0 
87dff000-87e00000 ---p 00000000 00:00 0 
87e03000-87e04000 rw-p 00000000 00:00 0 
87e04000-87e07000 ---p 00000000 00:00 0 
87e07000-87e1f000 rw-p 00000000 00:00 0 
87e1f000-87e21000 r--s 00003000 08:10 279785     /media/user/Harddisk/Double-MAC/tools/cooja/apps/powertracker/lib/powertracker.jar
87e21000-87e22000 r--s 00002000 08:10 279333     /media/user/Harddisk/Double-MAC/tools/cooja/apps/collect-view/cooja-collect-view.jar
87e22000-87e24000 r--s 00008000 08:10 279831     /media/user/Harddisk/Double-MAC/tools/cooja/apps/serial_socket/lib/serial_socket.jar
87e24000-87e5e000 r--s 001e1000 08:10 279313     /media/user/Harddisk/Double-MAC/tools/cooja/apps/avrora/lib/avrora-small.jar
87e5e000-87e61000 ---p 00000000 00:00 0 
87e61000-87eaf000 rw-p 00000000 00:00 0          [stack:20034]
87eaf000-87eb2000 ---p 00000000 00:00 0 
87eb2000-87f00000 rw-p 00000000 00:00 0          [stack:19398]
87f00000-87ffc000 rw-p 00000000 00:00 0 
87ffc000-88000000 ---p 00000000 00:00 0 
88000000-88001000 r--s 00008000 08:10 279314     /media/user/Harddisk/Double-MAC/tools/cooja/apps/avrora/lib/cooja_avrora.jar
88001000-88003000 r--s 00010000 08:10 279672     /media/user/Harddisk/Double-MAC/tools/cooja/apps/mspsim/lib/jipv6.jar
88003000-88004000 r--s 00004000 08:10 279670     /media/user/Harddisk/Double-MAC/tools/cooja/apps/mspsim/lib/coffee.jar
88004000-88010000 r--s 000eb000 08:10 279673     /media/user/Harddisk/Double-MAC/tools/cooja/apps/mspsim/lib/mspsim.jar
88010000-88016000 r--s 00062000 08:10 279671     /media/user/Harddisk/Double-MAC/tools/cooja/apps/mspsim/lib/cooja_mspsim.jar
88016000-88019000 r--s 0001e000 08:10 279455     /media/user/Harddisk/Double-MAC/tools/cooja/apps/mrm/lib/mrm.jar
88019000-8801c000 ---p 00000000 00:00 0 
8801c000-8806a000 rw-p 00000000 00:00 0          [stack:19384]
8806a000-8806b000 r--s 00000000 08:01 395215     /var/cache/fontconfig/c05880de57d1f5e948fdfacc138775d9-le32d4.cache-4
8806b000-88073000 r--s 00000000 08:01 395167     /var/cache/fontconfig/945677eb7aeaf62f1d50efc3fb3ec7d8-le32d4.cache-4
88073000-88075000 r--s 00000000 08:01 395164     /var/cache/fontconfig/99e8ed0e538f840c565b6ed5dad60d56-le32d4.cache-4
88075000-88079000 r--s 00000000 08:01 395159     /var/cache/fontconfig/2cd17615ca594fa2959ae173292e504c-le32d4.cache-4
88079000-8807a000 r--s 00000000 08:01 395064     /var/cache/fontconfig/e7071f4a29fa870f4323321c154eba04-le32d4.cache-4
8807a000-8807b000 r--s 00000000 08:01 394991     /var/cache/fontconfig/0d8c3b2ac0904cb8a57a757ad11a4a08-le32d4.cache-4
8807b000-88080000 r--s 00000000 08:01 394968     /var/cache/fontconfig/a755afe4a08bf5b97852ceb7400b47bc-le32d4.cache-4
88080000-88089000 r--s 00000000 08:01 394962     /var/cache/fontconfig/6d41288fd70b0be22e8c3a91e032eec0-le32d4.cache-4
88089000-88098000 r--s 00000000 08:01 394955     /var/cache/fontconfig/04aabc0a78ac019cf9454389977116d2-le32d4.cache-4
88098000-88099000 r--s 00000000 08:01 394954     /var/cache/fontconfig/1ac9eb803944fde146138c791f5cc56a-le32d4.cache-4
88099000-8809c000 r--s 00000000 08:01 394928     /var/cache/fontconfig/385c0604a188198f04d133e54aba7fe7-le32d4.cache-4
8809c000-8809d000 r--s 00000000 08:01 394926     /var/cache/fontconfig/dc05db6664285cc2f12bf69c139ae4c3-le32d4.cache-4
8809d000-8809f000 r--s 00000000 08:01 394921     /var/cache/fontconfig/767a8244fc0220cfb567a839d0392e0b-le32d4.cache-4
8809f000-880a0000 r--s 00000000 08:01 394913     /var/cache/fontconfig/4794a0821666d79190d59a36cb4f44b5-le32d4.cache-4
880a0000-880a4000 r--s 00000000 08:01 394858     /var/cache/fontconfig/8801497958630a81b71ace7c5f9b32a8-le32d4.cache-4
880a4000-880a9000 r--s 00000000 08:01 394798     /var/cache/fontconfig/3047814df9a2f067bd2d96a2b9c36e5a-le32d4.cache-4
880a9000-880aa000 r--s 00000000 08:01 394797     /var/cache/fontconfig/56cf4f4769d0f4abc89a4895d7bd3ae1-le32d4.cache-4
880aa000-880ab000 r--s 00000000 08:01 394796     /var/cache/fontconfig/b9d506c9ac06c20b433354fa67a72993-le32d4.cache-4
880ab000-880bb000 r--s 00000000 08:01 394737     /var/cache/fontconfig/d52a8644073d54c13679302ca1180695-le32d4.cache-4
880bb000-8810b000 r-xp 00000000 08:01 138960     /usr/lib/jvm/java-7-openjdk-i386/jre/lib/i386/libfontmanager.so
8810b000-8810d000 r--p 0004f000 08:01 138960     /usr/lib/jvm/java-7-openjdk-i386/jre/lib/i386/libfontmanager.so
8810d000-8810e000 rw-p 00051000 08:01 138960     /usr/lib/jvm/java-7-openjdk-i386/jre/lib/i386/libfontmanager.so
8810e000-88111000 ---p 00000000 00:00 0 
88111000-8815f000 rw-p 00000000 00:00 0          [stack:18793]
8815f000-88163000 r-xp 00000000 08:01 7640       /usr/lib/i386-linux-gnu/libXfixes.so.3.1.0
88163000-88164000 r--p 00003000 08:01 7640       /usr/lib/i386-linux-gnu/libXfixes.so.3.1.0
88164000-88165000 rw-p 00004000 08:01 7640       /usr/lib/i386-linux-gnu/libXfixes.so.3.1.0
88165000-8816e000 r-xp 00000000 08:01 9790       /usr/lib/i386-linux-gnu/libXcursor.so.1.0.2
8816e000-8816f000 r--p 00008000 08:01 9790       /usr/lib/i386-linux-gnu/libXcursor.so.1.0.2
8816f000-88170000 rw-p 00009000 08:01 9790       /usr/lib/i386-linux-gnu/libXcursor.so.1.0.2
88170000-88173000 ---p 00000000 00:00 0 
88173000-881c1000 rw-p 00000000 00:00 0          [stack:18686]
881c1000-881c4000 r-xp 00000000 08:01 131371     /lib/i386-linux-gnu/libgpg-error.so.0.10.0
881c4000-881c5000 r--p 00002000 08:01 131371     /lib/i386-linux-gnu/libgpg-error.so.0.10.0
881c5000-881c6000 rw-p 00003000 08:01 131371     /lib/i386-linux-gnu/libgpg-error.so.0.10.0
881c6000-881c8000 r-xp 00000000 08:01 132278     /lib/i386-linux-gnu/libkeyutils.so.1.4
881c8000-881c9000 r--p 00002000 08:01 132278     /lib/i386-linux-gnu/libkeyutils.so.1.4
881c9000-881ca000 rw-p 00003000 08:01 132278     /lib/i386-linux-gnu/libkeyutils.so.1.4
881ca000-881f0000 r-xp 00000000 08:01 158418     /lib/i386-linux-gnu/libpng12.so.0.50.0
881f0000-881f1000 r--p 00025000 08:01 158418     /lib/i386-linux-gnu/libpng12.so.0.50.0
881f1000-881f2000 rw-p 00026000 08:01 158418     /lib/i386-linux-gnu/libpng12.so.0.50.0
881f2000-8823b000 r-xp 00000000 08:01 131443     /lib/i386-linux-gnu/libdbus-1.so.3.7.6
8823b000-8823c000 r--p 00048000 08:01 131443     /lib/i386-linux-gnu/libdbus-1.so.3.7.6
8823c000-8823d000 rw-p 00049000 08:01 131443     /lib/i386-linux-gnu/libdbus-1.so.3.7.6
8823d000-88274000 r-xp 00000000 08:01 712        /usr/lib/i386-linux-gnu/libp11-kit.so.0.0.0
88274000-88275000 ---p 00037000 08:01 712        /usr/lib/i386-linux-gnu/libp11-kit.so.0.0.0
88275000-88278000 r--p 00037000 08:01 712        /usr/lib/i386-linux-gnu/libp11-kit.so.0.0.0
88278000-88279000 rw-p 0003a000 08:01 712        /usr/lib/i386-linux-gnu/libp11-kit.so.0.0.0
88279000-8828b000 r-xp 00000000 08:01 38286      /usr/lib/i386-linux-gnu/libtasn1.so.6.2.0
8828b000-8828c000 r--p 00011000 08:01 38286      /usr/lib/i386-linux-gnu/libtasn1.so.6.2.0
8828c000-8828d000 rw-p 00012000 08:01 38286      /usr/lib/i386-linux-gnu/libtasn1.so.6.2.0
8828d000-8830f000 r-xp 00000000 08:01 131206     /lib/i386-linux-gnu/libgcrypt.so.11.8.2
8830f000-88310000 r--p 00082000 08:01 131206     /lib/i386-linux-gnu/libgcrypt.so.11.8.2
88310000-88312000 rw-p 00083000 08:01 131206     /lib/i386-linux-gnu/libgcrypt.so.11.8.2
88312000-88313000 rw-p 00000000 00:00 0 
88313000-8831d000 r-xp 00000000 08:01 56557      /usr/lib/i386-linux-gnu/libkrb5support.so.0.1
8831d000-8831e000 r--p 00009000 08:01 56557      /usr/lib/i386-linux-gnu/libkrb5support.so.0.1
8831e000-8831f000 rw-p 0000a000 08:01 56557      /usr/lib/i386-linux-gnu/libkrb5support.so.0.1
8831f000-88322000 r-xp 00000000 08:01 138844     /lib/i386-linux-gnu/libcom_err.so.2.1
88322000-88323000 r--p 00002000 08:01 138844     /lib/i386-linux-gnu/libcom_err.so.2.1
88323000-88324000 rw-p 00003000 08:01 138844     /lib/i386-linux-gnu/libcom_err.so.2.1
88324000-88352000 r-xp 00000000 08:01 56585      /usr/lib/i386-linux-gnu/libk5crypto.so.3.1
88352000-88353000 r--p 0002d000 08:01 56585      /usr/lib/i386-linux-gnu/libk5crypto.so.3.1
88353000-88354000 rw-p 0002e000 08:01 56585      /usr/lib/i386-linux-gnu/libk5crypto.so.3.1
88354000-8840b000 r-xp 00000000 08:01 56629      /usr/lib/i386-linux-gnu/libkrb5.so.3.3
8840b000-88411000 r--p 000b7000 08:01 56629      /usr/lib/i386-linux-gnu/libkrb5.so.3.3
88411000-88412000 rw-p 000bd000 08:01 56629      /usr/lib/i386-linux-gnu/libkrb5.so.3.3
88412000-88417000 r-xp 00000000 08:01 5406       /usr/lib/i386-linux-gnu/libXdmcp.so.6.0.0
88417000-88418000 r--p 00004000 08:01 5406       /usr/lib/i386-linux-gnu/libXdmcp.so.6.0.0
88418000-88419000 rw-p 00005000 08:01 5406       /usr/lib/i386-linux-gnu/libXdmcp.so.6.0.0
88419000-8843e000 r-xp 00000000 08:01 131422     /lib/i386-linux-gnu/libexpat.so.1.6.0
8843e000-8843f000 ---p 00025000 08:01 131422     /lib/i386-linux-gnu/libexpat.so.1.6.0
8843f000-88441000 r--p 00025000 08:01 131422     /lib/i386-linux-gnu/libexpat.so.1.6.0
88441000-88442000 rw-p 00027000 08:01 131422     /lib/i386-linux-gnu/libexpat.so.1.6.0
88442000-884dd000 r-xp 00000000 08:01 5308       /usr/lib/i386-linux-gnu/libfreetype.so.6.11.1
884dd000-884e1000 r--p 0009a000 08:01 5308       /usr/lib/i386-linux-gnu/libfreetype.so.6.11.1
884e1000-884e2000 rw-p 0009e000 08:01 5308       /usr/lib/i386-linux-gnu/libfreetype.so.6.11.1
884e2000-884f2000 r-xp 00000000 08:01 10788      /usr/lib/i386-linux-gnu/libavahi-client.so.3.2.9
884f2000-884f3000 r--p 0000f000 08:01 10788      /usr/lib/i386-linux-gnu/libavahi-client.so.3.2.9
884f3000-884f4000 rw-p 00010000 08:01 10788      /usr/lib/i386-linux-gnu/libavahi-client.so.3.2.9
884f4000-88500000 r-xp 00000000 08:01 8766       /usr/lib/i386-linux-gnu/libavahi-common.so.3.5.3
88500000-88501000 r--p 0000b000 08:01 8766       /usr/lib/i386-linux-gnu/libavahi-common.so.3.5.3
88501000-88502000 rw-p 0000c000 08:01 8766       /usr/lib/i386-linux-gnu/libavahi-common.so.3.5.3
88502000-885c3000 r-xp 00000000 08:01 43756      /usr/lib/i386-linux-gnu/libgnutls.so.26.22.6
885c3000-885c7000 r--p 000c0000 08:01 43756      /usr/lib/i386-linux-gnu/libgnutls.so.26.22.6
885c7000-885c8000 rw-p 000c4000 08:01 43756      /usr/lib/i386-linux-gnu/libgnutls.so.26.22.6
885c8000-8860b000 r-xp 00000000 08:01 56613      /usr/lib/i386-linux-gnu/libgssapi_krb5.so.2.2
8860b000-8860c000 r--p 00042000 08:01 56613      /usr/lib/i386-linux-gnu/libgssapi_krb5.so.2.2
8860c000-8860d000 rw-p 00043000 08:01 56613      /usr/lib/i386-linux-gnu/libgssapi_krb5.so.2.2
8860d000-8862d000 r-xp 00000000 08:01 66655      /usr/lib/i386-linux-gnu/libxcb.so.1.1.0
8862d000-8862e000 r--p 0001f000 08:01 66655      /usr/lib/i386-linux-gnu/libxcb.so.1.1.0
8862e000-8862f000 rw-p 00020000 08:01 66655      /usr/lib/i386-linux-gnu/libxcb.so.1.1.0
8862f000-88668000 r-xp 00000000 08:01 10898      /usr/lib/i386-linux-gnu/libfontconfig.so.1.8.0
88668000-88669000 r--p 00039000 08:01 10898      /usr/lib/i386-linux-gnu/libfontconfig.so.1.8.0
88669000-8866a000 rw-p 0003a000 08:01 10898      /usr/lib/i386-linux-gnu/libfontconfig.so.1.8.0
8866a000-886d1000 r-xp 00000000 08:01 6693       /usr/lib/i386-linux-gnu/libcups.so.2
886d1000-886d2000 ---p 00067000 08:01 6693       /usr/lib/i386-linux-gnu/libcups.so.2
886d2000-886d6000 r--p 00067000 08:01 6693       /usr/lib/i386-linux-gnu/libcups.so.2
886d6000-886d7000 rw-p 0006b000 08:01 6693       /usr/lib/i386-linux-gnu/libcups.so.2
886d7000-886e5000 r-xp 00000000 08:01 7577       /usr/lib/i386-linux-gnu/libXi.so.6.1.0
886e5000-886e6000 r--p 0000e000 08:01 7577       /usr/lib/i386-linux-gnu/libXi.so.6.1.0
886e6000-886e7000 rw-p 0000f000 08:01 7577       /usr/lib/i386-linux-gnu/libXi.so.6.1.0
886e7000-88817000 r-xp 00000000 08:01 10842      /usr/lib/i386-linux-gnu/libX11.so.6.3.0
88817000-88818000 r--p 00130000 08:01 10842      /usr/lib/i386-linux-gnu/libX11.so.6.3.0
88818000-8881a000 rw-p 00131000 08:01 10842      /usr/lib/i386-linux-gnu/libX11.so.6.3.0
8881a000-8881b000 rw-p 00000000 00:00 0 
8881b000-8882c000 r-xp 00000000 08:01 6183       /usr/lib/i386-linux-gnu/libXext.so.6.4.0
8882c000-8882d000 r--p 00010000 08:01 6183       /usr/lib/i386-linux-gnu/libXext.so.6.4.0
8882d000-8882e000 rw-p 00011000 08:01 6183       /usr/lib/i386-linux-gnu/libXext.so.6.4.0
8882e000-88876000 r-xp 00000000 08:01 136828     /usr/lib/jvm/java-7-openjdk-i386/jre/lib/i386/xawt/libmawt.so
88876000-88877000 r--p 00047000 08:01 136828     /usr/lib/jvm/java-7-openjdk-i386/jre/lib/i386/xawt/libmawt.so
88877000-88879000 rw-p 00048000 08:01 136828     /usr/lib/jvm/java-7-openjdk-i386/jre/lib/i386/xawt/libmawt.so
88879000-8887a000 rw-p 00000000 00:00 0 
8887a000-88909000 r-xp 00000000 08:01 138964     /usr/lib/jvm/java-7-openjdk-i386/jre/lib/i386/libawt.so
88909000-8890a000 r--p 0008f000 08:01 138964     /usr/lib/jvm/java-7-openjdk-i386/jre/lib/i386/libawt.so
8890a000-88911000 rw-p 00090000 08:01 138964     /usr/lib/jvm/java-7-openjdk-i386/jre/lib/i386/libawt.so
88911000-88935000 rw-p 00000000 00:00 0 
88935000-88971000 r-xp 00000000 08:01 136082     /lib/i386-linux-gnu/libpcre.so.3.13.1
88971000-88972000 r--p 0003b000 08:01 136082     /lib/i386-linux-gnu/libpcre.so.3.13.1
88972000-88973000 rw-p 0003c000 08:01 136082     /lib/i386-linux-gnu/libpcre.so.3.13.1
88973000-88a7d000 r-xp 00000000 08:01 136564     /lib/i386-linux-gnu/libglib-2.0.so.0.4002.0
88a7d000-88a7e000 r--p 00109000 08:01 136564     /lib/i386-linux-gnu/libglib-2.0.so.0.4002.0
88a7e000-88a7f000 rw-p 0010a000 08:01 136564     /lib/i386-linux-gnu/libglib-2.0.so.0.4002.0
88a7f000-88bfc000 r-xp 00000000 08:01 1674       /usr/lib/i386-linux-gnu/libgio-2.0.so.0.4002.0
88bfc000-88bfe000 r--p 0017d000 08:01 1674       /usr/lib/i386-linux-gnu/libgio-2.0.so.0.4002.0
88bfe000-88bff000 rw-p 0017f000 08:01 1674       /usr/lib/i386-linux-gnu/libgio-2.0.so.0.4002.0
88bff000-88c00000 rw-p 00000000 00:00 0 
88c00000-88cff000 rw-p 00000000 00:00 0 
88cff000-88d00000 ---p 00000000 00:00 0 
88d00000-88d09000 r-xp 00000000 08:01 6199       /usr/lib/i386-linux-gnu/libXrender.so.1.3.0
88d09000-88d0a000 r--p 00008000 08:01 6199       /usr/lib/i386-linux-gnu/libXrender.so.1.3.0
88d0a000-88d0b000 rw-p 00009000 08:01 6199       /usr/lib/i386-linux-gnu/libXrender.so.1.3.0
88d0b000-88d1e000 r-xp 00000000 08:01 159740     /lib/i386-linux-gnu/libresolv-2.19.so
88d1e000-88d1f000 ---p 00013000 08:01 159740     /lib/i386-linux-gnu/libresolv-2.19.so
88d1f000-88d20000 r--p 00013000 08:01 159740     /lib/i386-linux-gnu/libresolv-2.19.so
88d20000-88d21000 rw-p 00014000 08:01 159740     /lib/i386-linux-gnu/libresolv-2.19.so
88d21000-88d23000 rw-p 00000000 00:00 0 
88d23000-88d43000 r-xp 00000000 08:01 131406     /lib/i386-linux-gnu/libselinux.so.1
88d43000-88d44000 r--p 0001f000 08:01 131406     /lib/i386-linux-gnu/libselinux.so.1
88d44000-88d45000 rw-p 00020000 08:01 131406     /lib/i386-linux-gnu/libselinux.so.1
88d45000-88d46000 rw-p 00000000 00:00 0 
88d46000-88d96000 r-xp 00000000 08:01 1672       /usr/lib/i386-linux-gnu/libgobject-2.0.so.0.4002.0
88d96000-88d97000 r--p 0004f000 08:01 1672       /usr/lib/i386-linux-gnu/libgobject-2.0.so.0.4002.0
88d97000-88d98000 rw-p 00050000 08:01 1672       /usr/lib/i386-linux-gnu/libgobject-2.0.so.0.4002.0
88d98000-88d9c000 r--s 00000000 08:01 394795     /var/cache/fontconfig/b47c4e1ecd0709278f4910c18777a504-le32d4.cache-4
88d9c000-88da3000 r--s 00000000 08:01 394735     /var/cache/fontconfig/3f7329c5293ffd510edef78f73874cfd-le32d4.cache-4
88da3000-88dac000 r--s 00000000 08:01 394733     /var/cache/fontconfig/d589a48862398ed80a3d6066f4f56f4c-le32d4.cache-4
88dac000-88daf000 r--s 00000000 08:01 394715     /var/cache/fontconfig/7ef2298fde41cc6eeb7af42e48b7d293-le32d4.cache-4
88daf000-88dc6000 r-xp 00000000 08:01 138987     /usr/lib/jvm/java-7-openjdk-i386/jre/lib/i386/libnet.so
88dc6000-88dc7000 r--p 00017000 08:01 138987     /usr/lib/jvm/java-7-openjdk-i386/jre/lib/i386/libnet.so
88dc7000-88dc8000 rw-p 00018000 08:01 138987     /usr/lib/jvm/java-7-openjdk-i386/jre/lib/i386/libnet.so
88dc8000-88dd9000 r-xp 00000000 08:01 138994     /usr/lib/jvm/java-7-openjdk-i386/jre/lib/i386/libnio.so
88dd9000-88dda000 r--p 00010000 08:01 138994     /usr/lib/jvm/java-7-openjdk-i386/jre/lib/i386/libnio.so
88dda000-88ddb000 rw-p 00011000 08:01 138994     /usr/lib/jvm/java-7-openjdk-i386/jre/lib/i386/libnio.so
88ddb000-88ddc000 ---p 00000000 00:00 0 
88ddc000-88e5c000 rw-p 00000000 00:00 0          [stack:17151]
88e5c000-88e5f000 ---p 00000000 00:00 0 
88e5f000-88ead000 rw-p 00000000 00:00 0          [stack:17150]
88ead000-88eb0000 ---p 00000000 00:00 0 
88eb0000-88f2e000 rw-p 00000000 00:00 0          [stack:17147]
88f2e000-88f31000 ---p 00000000 00:00 0 
88f31000-88faf000 rw-p 00000000 00:00 0          [stack:17130]
88faf000-88fb2000 ---p 00000000 00:00 0 
88fb2000-89000000 rw-p 00000000 00:00 0          [stack:17129]
89000000-89200000 r--p 00000000 08:01 369        /usr/lib/locale/locale-archive
89200000-892fa000 rw-p 00000000 00:00 0 
892fa000-89300000 ---p 00000000 00:00 0 
89300000-89302000 r--s 00000000 08:01 393797     /var/cache/fontconfig/e13b20fdb08344e0e664864cc2ede53d-le32d4.cache-4
89302000-89307000 r-xp 00000000 08:01 10292      /usr/lib/i386-linux-gnu/libXtst.so.6.1.0
89307000-89308000 r--p 00004000 08:01 10292      /usr/lib/i386-linux-gnu/libXtst.so.6.1.0
89308000-89309000 rw-p 00005000 08:01 10292      /usr/lib/i386-linux-gnu/libXtst.so.6.1.0
89309000-8930e000 r-xp 00000000 08:01 1818       /usr/lib/i386-linux-gnu/libffi.so.6.0.1
8930e000-8930f000 r--p 00005000 08:01 1818       /usr/lib/i386-linux-gnu/libffi.so.6.0.1
8930f000-89310000 rw-p 00006000 08:01 1818       /usr/lib/i386-linux-gnu/libffi.so.6.0.1
89310000-8932d000 r--s 0014f000 08:10 280467     /media/user/Harddisk/Double-MAC/tools/cooja/lib/swingx-all-1.6.4.jar
8932d000-89330000 ---p 00000000 00:00 0 
89330000-8937e000 rw-p 00000000 00:00 0          [stack:16864]
8937e000-89381000 ---p 00000000 00:00 0 
89381000-893cf000 rw-p 00000000 00:00 0          [stack:16863]
893cf000-89580000 r--s 01d29000 08:01 136944     /usr/lib/jvm/java-7-openjdk-i386/jre/lib/rt.jar
89580000-8ac00000 rw-p 00000000 00:00 0 
8ac00000-8acfb000 rw-p 00000000 00:00 0 
8acfb000-8ad00000 ---p 00000000 00:00 0 
8ad00000-8ad02000 r-xp 00000000 08:01 5352       /usr/lib/i386-linux-gnu/libXau.so.6.0.0
8ad02000-8ad03000 r--p 00001000 08:01 5352       /usr/lib/i386-linux-gnu/libXau.so.6.0.0
8ad03000-8ad04000 rw-p 00002000 08:01 5352       /usr/lib/i386-linux-gnu/libXau.so.6.0.0
8ad04000-8ad07000 r-xp 00000000 08:01 1675       /usr/lib/i386-linux-gnu/libgmodule-2.0.so.0.4002.0
8ad07000-8ad08000 r--p 00002000 08:01 1675       /usr/lib/i386-linux-gnu/libgmodule-2.0.so.0.4002.0
8ad08000-8ad09000 rw-p 00003000 08:01 1675       /usr/lib/i386-linux-gnu/libgmodule-2.0.so.0.4002.0
8ad09000-8ad13000 r--s 000ae000 08:01 136954     /usr/lib/jvm/java-7-openjdk-i386/jre/lib/resources.jar
8ad13000-8ad1a000 r--s 0005b000 08:10 280465     /media/user/Harddisk/Double-MAC/tools/cooja/lib/jsyntaxpane.jar
8ad1a000-8ad21000 r--s 0004f000 08:10 280466     /media/user/Harddisk/Double-MAC/tools/cooja/lib/log4j.jar
8ad21000-8ad24000 r--s 00022000 08:10 280464     /media/user/Harddisk/Double-MAC/tools/cooja/lib/jdom.jar
8ad24000-8ad25000 ---p 00000000 00:00 0 
8ad25000-8ae00000 rw-p 00000000 00:00 0          [stack:16844]
8ae00000-8ae79000 rw-p 00000000 00:00 0 
8ae79000-8af00000 ---p 00000000 00:00 0 
8af00000-8af01000 r--s 00000000 08:01 394716     /var/cache/fontconfig/0c9eb80ebd1c36541ebe2852d3bb0c49-le32d4.cache-4
8af01000-8af05000 r--s 00085000 08:01 144112     /usr/lib/jvm/java-7-openjdk-i386/jre/lib/ext/localedata.jar
8af05000-8af09000 r--s 00034000 08:01 144116     /usr/lib/jvm/java-7-openjdk-i386/jre/lib/ext/sunjce_provider.jar
8af09000-8af52000 rw-p 00000000 00:00 0 
8af52000-8af53000 ---p 00000000 00:00 0 
8af53000-8afd3000 rw-p 00000000 00:00 0          [stack:16735]
8afd3000-8afd4000 ---p 00000000 00:00 0 
8afd4000-8b0cf000 rw-p 00000000 00:00 0          [stack:16734]
8b0cf000-8b0ff000 rw-p 00000000 00:00 0 
8b0ff000-8b10b000 rw-p 00000000 00:00 0 
8b10b000-8b110000 ---p 00000000 00:00 0 
8b110000-8b13f000 rw-p 00000000 00:00 0 
8b13f000-8b1ba000 rw-p 00000000 00:00 0 
8b1ba000-8b1e9000 rw-p 00000000 00:00 0 
8b1e9000-8b23f000 rw-p 00000000 00:00 0 
8b23f000-8c980000 rw-p 00000000 00:00 0 
8c980000-8d280000 ---p 00000000 00:00 0 
8d280000-93240000 rw-p 00000000 00:00 0 
93240000-a27c0000 rw-p 00000000 00:00 0 
a27c0000-a8780000 rw-p 00000000 00:00 0 
a8780000-b3240000 rw-p 00000000 00:00 0 
b3240000-b3258000 rw-p 00000000 00:00 0 
b3258000-b3300000 rw-p 00000000 00:00 0 
b3300000-b38e8000 rwxp 00000000 00:00 0 
b38e8000-b63fd000 rw-p 00000000 00:00 0 
b63fd000-b6400000 ---p 00000000 00:00 0 
b6400000-b6403000 r--s 0000f000 08:01 144120     /usr/lib/jvm/java-7-openjdk-i386/jre/lib/ext/icedtea-sound.jar
b6403000-b641e000 rw-p 00000000 00:00 0 
b641e000-b6423000 ---p 00000000 00:00 0 
b6423000-b6452000 rw-p 00000000 00:00 0 
b6452000-b645d000 r-xp 00000000 08:01 159744     /lib/i386-linux-gnu/libnss_files-2.19.so
b645d000-b645e000 r--p 0000a000 08:01 159744     /lib/i386-linux-gnu/libnss_files-2.19.so
b645e000-b645f000 rw-p 0000b000 08:01 159744     /lib/i386-linux-gnu/libnss_files-2.19.so
b645f000-b6469000 r-xp 00000000 08:01 159715     /lib/i386-linux-gnu/libnss_nis-2.19.so
b6469000-b646a000 r--p 00009000 08:01 159715     /lib/i386-linux-gnu/libnss_nis-2.19.so
b646a000-b646b000 rw-p 0000a000 08:01 159715     /lib/i386-linux-gnu/libnss_nis-2.19.so
b646b000-b6480000 r-xp 00000000 08:01 159717     /lib/i386-linux-gnu/libnsl-2.19.so
b6480000-b6481000 r--p 00015000 08:01 159717     /lib/i386-linux-gnu/libnsl-2.19.so
b6481000-b6482000 rw-p 00016000 08:01 159717     /lib/i386-linux-gnu/libnsl-2.19.so
b6482000-b6484000 rw-p 00000000 00:00 0 
b6484000-b648b000 r-xp 00000000 08:01 159727     /lib/i386-linux-gnu/libnss_compat-2.19.so
b648b000-b648c000 r--p 00006000 08:01 159727     /lib/i386-linux-gnu/libnss_compat-2.19.so
b648c000-b648d000 rw-p 00007000 08:01 159727     /lib/i386-linux-gnu/libnss_compat-2.19.so
b648d000-b648e000 r--s 00002000 08:01 144114     /usr/lib/jvm/java-7-openjdk-i386/jre/lib/ext/dnsns.jar
b648e000-b6492000 r--s 0003c000 08:01 144118     /usr/lib/jvm/java-7-openjdk-i386/jre/lib/ext/sunpkcs11.jar
b6492000-b649a000 r-xp 00000000 08:01 138893     /usr/lib/jvm/java-7-openjdk-i386/jre/lib/i386/libzip.so
b649a000-b649b000 r--p 00007000 08:01 138893     /usr/lib/jvm/java-7-openjdk-i386/jre/lib/i386/libzip.so
b649b000-b649c000 rw-p 00008000 08:01 138893     /usr/lib/jvm/java-7-openjdk-i386/jre/lib/i386/libzip.so
b649c000-b64a4000 rw-s 00000000 08:01 239416     /tmp/hsperfdata_user/16635
b64a4000-b64cb000 r-xp 00000000 08:01 144073     /usr/lib/jvm/java-7-openjdk-i386/jre/lib/i386/libjava.so
b64cb000-b64cc000 r--p 00026000 08:01 144073     /usr/lib/jvm/java-7-openjdk-i386/jre/lib/i386/libjava.so
b64cc000-b64cd000 rw-p 00027000 08:01 144073     /usr/lib/jvm/java-7-openjdk-i386/jre/lib/i386/libjava.so
b64cd000-b64d4000 r-xp 00000000 08:01 159746     /lib/i386-linux-gnu/librt-2.19.so
b64d4000-b64d5000 r--p 00006000 08:01 159746     /lib/i386-linux-gnu/librt-2.19.so
b64d5000-b64d6000 rw-p 00007000 08:01 159746     /lib/i386-linux-gnu/librt-2.19.so
b64d6000-b64d9000 ---p 00000000 00:00 0 
b64d9000-b6527000 rw-p 00000000 00:00 0          [stack:16724]
b6527000-b6543000 r-xp 00000000 08:01 131544     /lib/i386-linux-gnu/libgcc_s.so.1
b6543000-b6544000 rw-p 0001b000 08:01 131544     /lib/i386-linux-gnu/libgcc_s.so.1
b6544000-b6588000 r-xp 00000000 08:01 159725     /lib/i386-linux-gnu/libm-2.19.so
b6588000-b6589000 r--p 00043000 08:01 159725     /lib/i386-linux-gnu/libm-2.19.so
b6589000-b658a000 rw-p 00044000 08:01 159725     /lib/i386-linux-gnu/libm-2.19.so
b658a000-b6666000 r-xp 00000000 08:01 540        /usr/lib/i386-linux-gnu/libstdc++.so.6.0.19
b6666000-b666a000 r--p 000dc000 08:01 540        /usr/lib/i386-linux-gnu/libstdc++.so.6.0.19
b666a000-b666b000 rw-p 000e0000 08:01 540        /usr/lib/i386-linux-gnu/libstdc++.so.6.0.19
b666b000-b6672000 rw-p 00000000 00:00 0 
b6672000-b7061000 r-xp 00000000 08:01 138935     /usr/lib/jvm/java-7-openjdk-i386/jre/lib/i386/server/libjvm.so
b7061000-b70b3000 r--p 009ee000 08:01 138935     /usr/lib/jvm/java-7-openjdk-i386/jre/lib/i386/server/libjvm.so
b70b3000-b70c7000 rw-p 00a40000 08:01 138935     /usr/lib/jvm/java-7-openjdk-i386/jre/lib/i386/server/libjvm.so
b70c7000-b74e5000 rw-p 00000000 00:00 0 
b74e5000-b74fd000 r-xp 00000000 08:01 158556     /lib/i386-linux-gnu/libz.so.1.2.8
b74fd000-b74fe000 r--p 00017000 08:01 158556     /lib/i386-linux-gnu/libz.so.1.2.8
b74fe000-b74ff000 rw-p 00018000 08:01 158556     /lib/i386-linux-gnu/libz.so.1.2.8
b74ff000-b7517000 r-xp 00000000 08:01 159736     /lib/i386-linux-gnu/libpthread-2.19.so
b7517000-b7518000 r--p 00018000 08:01 159736     /lib/i386-linux-gnu/libpthread-2.19.so
b7518000-b7519000 rw-p 00019000 08:01 159736     /lib/i386-linux-gnu/libpthread-2.19.so
b7519000-b751b000 rw-p 00000000 00:00 0 
b751b000-b751e000 r-xp 00000000 08:01 159003     /lib/i386-linux-gnu/libdl-2.19.so
b751e000-b751f000 r--p 00002000 08:01 159003     /lib/i386-linux-gnu/libdl-2.19.so
b751f000-b7520000 rw-p 00003000 08:01 159003     /lib/i386-linux-gnu/libdl-2.19.so
b7520000-b76c8000 r-xp 00000000 08:01 159001     /lib/i386-linux-gnu/libc-2.19.so
b76c8000-b76ca000 r--p 001a8000 08:01 159001     /lib/i386-linux-gnu/libc-2.19.so
b76ca000-b76cb000 rw-p 001aa000 08:01 159001     /lib/i386-linux-gnu/libc-2.19.so
b76cb000-b76ce000 rw-p 00000000 00:00 0 
b76ce000-b76d0000 r--s 00006000 08:01 276693     /usr/share/java/java-atk-wrapper.jar
b76d0000-b76d2000 r--s 00012000 08:01 144121     /usr/lib/jvm/java-7-openjdk-i386/jre/lib/ext/zipfs.jar
b76d2000-b76d3000 r--p 002c5000 08:01 369        /usr/lib/locale/locale-archive
b76d3000-b76d4000 rw-p 00000000 00:00 0 
b76d4000-b76d5000 r--p 00000000 00:00 0 
b76d5000-b76e3000 r-xp 00000000 08:01 138970     /usr/lib/jvm/java-7-openjdk-i386/jre/lib/i386/libverify.so
b76e3000-b76e4000 r--p 0000d000 08:01 138970     /usr/lib/jvm/java-7-openjdk-i386/jre/lib/i386/libverify.so
b76e4000-b76e5000 rw-p 0000e000 08:01 138970     /usr/lib/jvm/java-7-openjdk-i386/jre/lib/i386/libverify.so
b76e5000-b76f1000 r-xp 00000000 08:01 138927     /usr/lib/jvm/java-7-openjdk-i386/jre/lib/i386/jli/libjli.so
b76f1000-b76f2000 r--p 0000c000 08:01 138927     /usr/lib/jvm/java-7-openjdk-i386/jre/lib/i386/jli/libjli.so
b76f2000-b76f3000 rw-p 0000d000 08:01 138927     /usr/lib/jvm/java-7-openjdk-i386/jre/lib/i386/jli/libjli.so
b76f3000-b76f6000 rw-p 00000000 00:00 0 
b76f6000-b76f7000 r-xp 00000000 00:00 0          [vdso]
b76f7000-b7717000 r-xp 00000000 08:01 159713     /lib/i386-linux-gnu/ld-2.19.so
b7717000-b7718000 r--p 0001f000 08:01 159713     /lib/i386-linux-gnu/ld-2.19.so
b7718000-b7719000 rw-p 00020000 08:01 159713     /lib/i386-linux-gnu/ld-2.19.so
bf8be000-bf8bf000 rwxp 00000000 00:00 0 
bf8f1000-bf912000 rw-p 00000000 00:00 0          [stack]

VM Arguments:
jvm_args: -Xmx512m -Duser.language=en 
java_command: org.contikios.cooja.Cooja
Launcher Type: SUN_STANDARD

Environment Variables:
JAVA_HOME=/usr/lib/jvm/java-7-openjdk-i386
PATH=/usr/local/sdcc/bin:/usr/local/sbin:/usr/local/bin:/usr/sbin:/usr/bin:/sbin:/bin:/usr/games:/usr/local/games:/home/user/CodeSourcery/Sourcery_G++_Lite/bin:/usr/local/msp430/bin:/home/user/CodeSourcery/Sourcery_G++_Lite/bin
LD_LIBRARY_PATH=.
SHELL=/bin/bash
DISPLAY=:0

Signal Handlers:
SIGSEGV: [libjvm.so+0x80cb90], sa_mask[0]=0x7ffbfeff, sa_flags=0x10000004
SIGBUS: [libjvm.so+0x80cb90], sa_mask[0]=0x7ffbfeff, sa_flags=0x10000004
SIGFPE: [libjvm.so+0x684e30], sa_mask[0]=0x7ffbfeff, sa_flags=0x10000004
SIGPIPE: [libjvm.so+0x684e30], sa_mask[0]=0x7ffbfeff, sa_flags=0x10000004
SIGXFSZ: [libjvm.so+0x684e30], sa_mask[0]=0x7ffbfeff, sa_flags=0x10000004
SIGILL: [libjvm.so+0x684e30], sa_mask[0]=0x7ffbfeff, sa_flags=0x10000004
SIGUSR1: SIG_DFL, sa_mask[0]=0x00000000, sa_flags=0x00000000
SIGUSR2: [libjvm.so+0x684cc0], sa_mask[0]=0x00000004, sa_flags=0x10000004
SIGHUP: [libjvm.so+0x684ef0], sa_mask[0]=0x7ffbfeff, sa_flags=0x10000004
SIGINT: [libjvm.so+0x684ef0], sa_mask[0]=0x7ffbfeff, sa_flags=0x10000004
SIGTERM: [libjvm.so+0x684ef0], sa_mask[0]=0x7ffbfeff, sa_flags=0x10000004
SIGQUIT: [libjvm.so+0x684ef0], sa_mask[0]=0x7ffbfeff, sa_flags=0x10000004
SIGTRAP: SIG_DFL, sa_mask[0]=0x00000000, sa_flags=0x00000000


---------------  S Y S T E M  ---------------

OS:Ubuntu 14.04 (trusty)
uname:Linux 3.13.0-62-generic #102-Ubuntu SMP Tue Aug 11 14:28:35 UTC 2015 i686
libc:glibc 2.19 NPTL 2.19 
rlimit: STACK 8192k, CORE 0k, NPROC 32159, NOFILE 4096, AS infinity
load average:5.54 4.63 3.08

/proc/meminfo:
MemTotal:        4135720 kB
MemFree:          626016 kB
Buffers:          224556 kB
Cached:          1918472 kB
SwapCached:            0 kB
Active:          2016016 kB
Inactive:        1336524 kB
Active(anon):    1210380 kB
Inactive(anon):    29672 kB
Active(file):     805636 kB
Inactive(file):  1306852 kB
Unevictable:          32 kB
Mlocked:              32 kB
HighTotal:       3280840 kB
HighFree:         444316 kB
LowTotal:         854880 kB
LowFree:          181700 kB
SwapTotal:       1046524 kB
SwapFree:        1046524 kB
Dirty:               172 kB
Writeback:             0 kB
AnonPages:       1209608 kB
Mapped:           127132 kB
Shmem:             30548 kB
Slab:             130232 kB
SReclaimable:     113084 kB
SUnreclaim:        17148 kB
KernelStack:        4336 kB
PageTables:         9792 kB
NFS_Unstable:          0 kB
Bounce:                0 kB
WritebackTmp:          0 kB
CommitLimit:     3114384 kB
Committed_AS:    3550552 kB
VmallocTotal:     122880 kB
VmallocUsed:        9204 kB
VmallocChunk:     109928 kB
HardwareCorrupted:     0 kB
AnonHugePages:    917504 kB
HugePages_Total:       0
HugePages_Free:        0
HugePages_Rsvd:        0
HugePages_Surp:        0
Hugepagesize:       2048 kB
DirectMap4k:       22520 kB
DirectMap2M:      890880 kB


CPU:total 2 (2 cores per cpu, 1 threads per core) family 6 model 158 stepping 9, cmov, cx8, fxsr, mmx, sse, sse2, sse3, ssse3, sse4.1, sse4.2, popcnt, avx, aes, tsc, tscinvbit

/proc/cpuinfo:
processor	: 0
vendor_id	: GenuineIntel
cpu family	: 6
model		: 158
model name	: Intel(R) Core(TM) i5-7500 CPU @ 3.40GHz
stepping	: 9
cpu MHz		: 3407.998
cache size	: 6144 KB
physical id	: 0
siblings	: 2
core id		: 0
cpu cores	: 2
apicid		: 0
initial apicid	: 0
fdiv_bug	: no
f00f_bug	: no
coma_bug	: no
fpu		: yes
fpu_exception	: yes
cpuid level	: 22
wp		: yes
flags		: fpu vme de pse tsc msr pae mce cx8 apic sep mtrr pge mca cmov pat pse36 clflush mmx fxsr sse sse2 ht nx rdtscp constant_tsc xtopology nonstop_tsc pni pclmulqdq ssse3 cx16 sse4_1 sse4_2 x2apic movbe popcnt aes xsave avx rdrand hypervisor lahf_lm abm 3dnowprefetch rdseed
bogomips	: 6815.99
clflush size	: 64
cache_alignment	: 64
address sizes	: 39 bits physical, 48 bits virtual
power management:

processor	: 1
vendor_id	: GenuineIntel
cpu family	: 6
model		: 158
model name	: Intel(R) Core(TM) i5-7500 CPU @ 3.40GHz
stepping	: 9
cpu MHz		: 3407.998
cache size	: 6144 KB
physical id	: 0
siblings	: 2
core id		: 1
cpu cores	: 2
apicid		: 1
initial apicid	: 1
fdiv_bug	: no
f00f_bug	: no
coma_bug	: no
fpu		: yes
fpu_exception	: yes
cpuid level	: 22
wp		: yes
flags		: fpu vme de pse tsc msr pae mce cx8 apic sep mtrr pge mca cmov pat pse36 clflush mmx fxsr sse sse2 ht nx rdtscp constant_tsc xtopology nonstop_tsc pni pclmulqdq ssse3 cx16 sse4_1 sse4_2 x2apic movbe popcnt aes xsave avx rdrand hypervisor lahf_lm abm 3dnowprefetch rdseed
bogomips	: 6815.99
clflush size	: 64
cache_alignment	: 64
address sizes	: 39 bits physical, 48 bits virtual
power management:



Memory: 4k page, physical 4135720k(626016k free), swap 1046524k(1046524k free)

vm_info: OpenJDK Server VM (24.79-b02) for linux-x86 JRE (1.7.0_79-b14), built on Jul 24 2015 08:25:15 by "buildd" with gcc 4.8.2

time: Thu Aug 10 20:10:58 2017
elapsed time: 12050 seconds

