#
# A fatal error has been detected by the Java Runtime Environment:
#
#  SIGSEGV (0xb) at pc=0x41ea8bd9, pid=10616, tid=1105759040
#
# JRE version: OpenJDK Runtime Environment (7.0_79-b14) (build 1.7.0_79-b14)
# Java VM: OpenJDK Server VM (24.79-b02 mixed mode linux-x86 )
# Derivative: IcedTea 2.5.6
# Distribution: Ubuntu 14.04 LTS, package 7u79-2.5.6-0ubuntu1.14.04.1
# Problematic frame:
# C  [mtype825.cooja+0x1fbd9]  dio_output+0x6f1
#
# Failed to write core dump. Core dumps have been disabled. To enable core dumping, try "ulimit -c unlimited" before starting Java again
#
# If you would like to submit a bug report, please include
# instructions on how to reproduce the bug and visit:
#   http://icedtea.classpath.org/bugzilla
# The crash happened outside the Java Virtual Machine in native code.
# See problematic frame for where to report the bug.
#

---------------  T H R E A D  ---------------

Current thread (0x454cac00):  JavaThread "Thread-156" [_thread_in_native, id=14974, stack(0x41e38000,0x41e89000)]

siginfo:si_signo=SIGSEGV: si_errno=0, si_code=1 (SEGV_MAPERR), si_addr=0x00000010

Registers:
EAX=0x00000000, EBX=0x41eb90e4, ECX=0x000000fd, EDX=0x41ec25f6
ESP=0x41ebbabc, EBP=0x41ebbb14, ESI=0x00000000, EDI=0x00000000
EIP=0x41ea8bd9, EFLAGS=0x00010216, CR2=0x00000010

Top of Stack: (sp=0x41ebbabc)
0x41ebbabc:   41ec25e4 41ec2dd4 00000010 00000081
0x41ebbacc:   00000000 b764474f 00000000 41ec2da0
0x41ebbadc:   41ec2f26 41ebbb40 0000004b 000000a5
0x41ebbaec:   41ec2db0 41ec25ac 41ebbb14 41eab600
0x41ebbafc:   41ec2f26 41ebbb40 00010000 0ad8c100
0x41ebbb0c:   41eb0063 41eb90e4 41ebbb44 41e9bb50
0x41ebbb1c:   41ec2da0 00000000 41ebbb38 41e9cb81
0x41ebbb2c:   41eb9220 00000081 0000000f 0100ffff 

Instructions: (pc=0x41ea8bd9)
0x41ea8bb9:   8b 45 dc 01 d0 c6 00 00 eb 51 8b 45 d0 8d 50 01
0x41ea8bc9:   89 55 d0 89 c2 8b 45 dc 01 c2 8b 45 d8 8b 40 18
0x41ea8bd9:   0f b6 40 10 88 02 8b 45 d0 8d 50 01 89 55 d0 89
0x41ea8be9:   c2 8b 45 dc 01 c2 a1 58 0c ec 41 0f b6 80 c0 94 

Register to memory mapping:

EAX=0x00000000 is an unknown value
EBX=0x41eb90e4: dual_dio_broadcast+0xc in /media/user/Harddisk/Double-MAC/lanada/obj_cooja/mtype825.cooja at 0x41e89000
ECX=0x000000fd is an unknown value
EDX=0x41ec25f6: uip_aligned_buf+0x76 in /media/user/Harddisk/Double-MAC/lanada/obj_cooja/mtype825.cooja at 0x41e89000
ESP=0x41ebbabc: <offset 0x32abc> in /media/user/Harddisk/Double-MAC/lanada/obj_cooja/mtype825.cooja at 0x41e89000
EBP=0x41ebbb14: <offset 0x32b14> in /media/user/Harddisk/Double-MAC/lanada/obj_cooja/mtype825.cooja at 0x41e89000
ESI=0x00000000 is an unknown value
EDI=0x00000000 is an unknown value


Stack: [0x41e38000,0x41e89000],  sp=0x41ebbabc,  free space=526k
Native frames: (J=compiled Java code, j=interpreted, Vv=VM code, C=native code)
C  [mtype825.cooja+0x1fbd9]  dio_output+0x6f1
C  [mtype825.cooja+0x12b50]  process_thread_dual_dio_broadcast+0x49
C  [mtype825.cooja+0x13823]  call_process+0x57
C  [mtype825.cooja+0x13b71]  process_post_synch+0x2e
C  [mtype825.cooja+0x136e0]  process_start+0x6d
C  [mtype825.cooja+0x12c44]  dio_broadcast+0x22
C  [mtype825.cooja+0x212d0]  handle_dio_timer+0x9c
C  [mtype825.cooja+0x12de1]  process_thread_ctimer_process+0xe7
C  [mtype825.cooja+0x13823]  call_process+0x57
C  [mtype825.cooja+0x13a47]  do_event+0x141
C  [mtype825.cooja+0x13a64]  process_run+0x1b
C  [mtype825.cooja+0x10ebb]  process_run_thread_loop+0x1f

Java frames: (J=compiled Java code, j=interpreted, Vv=VM code)
j  org.contikios.cooja.corecomm.Lib39.tick()V+0
J 2394 C2 org.contikios.cooja.Simulation.run()V (432 bytes) @ 0xb35020b4 [0xb3501ca0+0x414]

[error occurred during error reporting (printing Java stack), id 0xb]


---------------  P R O C E S S  ---------------

Java Threads: ( => current thread )
=>0x454cac00 JavaThread "Thread-156" [_thread_in_native, id=14974, stack(0x41e38000,0x41e89000)]
  0x4abf0400 JavaThread "Thread-155" [_thread_blocked, id=14969, stack(0x42202000,0x42253000)]
  0x4aba2800 JavaThread "Thread-153" [_thread_blocked, id=14958, stack(0x41de7000,0x41e38000)]
  0x4abb4c00 JavaThread "Thread-151" [_thread_blocked, id=14910, stack(0x42253000,0x422a4000)]
  0x4aba1000 JavaThread "Thread-147" [_thread_blocked, id=14695, stack(0x41eff000,0x41f50000)]
  0x4ab8ac00 JavaThread "Thread-145" [_thread_blocked, id=14647, stack(0x42c32000,0x42c83000)]
  0x4ab94000 JavaThread "Thread-140" [_thread_blocked, id=14091, stack(0x421b1000,0x42202000)]
  0x4ab75800 JavaThread "Thread-138" [_thread_blocked, id=14043, stack(0x4248c000,0x424dd000)]
  0x4657cc00 JavaThread "Thread-137" [_thread_blocked, id=13977, stack(0x422a4000,0x422f5000)]
  0x454db800 JavaThread "Thread-136" [_thread_blocked, id=13834, stack(0x42374000,0x423c5000)]
  0x4ab8c000 JavaThread "Thread-131" [_thread_blocked, id=13591, stack(0x423c5000,0x42416000)]
  0x4ab5ac00 JavaThread "Thread-129" [_thread_blocked, id=13543, stack(0x42553000,0x425a4000)]
  0x4ab7dc00 JavaThread "Thread-124" [_thread_blocked, id=13471, stack(0x4293b000,0x4298c000)]
  0x4ab71c00 JavaThread "Thread-122" [_thread_blocked, id=13423, stack(0x42680000,0x426d1000)]
  0x4ab92400 JavaThread "Thread-117" [_thread_blocked, id=13336, stack(0x425a4000,0x425f5000)]
  0x4ab73000 JavaThread "Thread-115" [_thread_blocked, id=13288, stack(0x4262f000,0x42680000)]
  0x454c7c00 JavaThread "Thread-114" [_thread_blocked, id=13250, stack(0x4285f000,0x428b0000)]
  0x4ab71800 JavaThread "Thread-112" [_thread_blocked, id=13239, stack(0x44075000,0x440c6000)]
  0x4ab75000 JavaThread "Thread-106" [_thread_blocked, id=13151, stack(0x42f19000,0x42f6a000)]
  0x4ab55c00 JavaThread "Thread-104" [_thread_blocked, id=13103, stack(0x42b90000,0x42be1000)]
  0x44aea800 JavaThread "Thread-99" [_thread_blocked, id=12420, stack(0x4280e000,0x4285f000)]
  0x456f5000 JavaThread "Thread-97" [_thread_blocked, id=12372, stack(0x428ea000,0x4293b000)]
  0x454fe800 JavaThread "Thread-96" [_thread_blocked, id=12334, stack(0x42dec000,0x42e3d000)]
  0x45628000 JavaThread "Thread-94" [_thread_blocked, id=12323, stack(0x42cbf000,0x42d10000)]
  0x456eb800 JavaThread "Thread-92" [_thread_blocked, id=12280, stack(0x42b05000,0x42b56000)]
  0x44aaf400 JavaThread "Thread-87" [_thread_blocked, id=12214, stack(0x43048000,0x43099000)]
  0x45627c00 JavaThread "Thread-85" [_thread_blocked, id=12166, stack(0x45524000,0x45575000)]
  0x4ab6c000 JavaThread "Thread-73" [_thread_blocked, id=12080, stack(0x42ab4000,0x42b05000)]
  0x4ab66c00 JavaThread "Thread-71" [_thread_blocked, id=12032, stack(0x42be1000,0x42c32000)]
  0x46582000 JavaThread "Thread-70" [_thread_blocked, id=11992, stack(0x42e3d000,0x42e8e000)]
  0x4ab60400 JavaThread "Thread-68" [_thread_blocked, id=11981, stack(0x42d10000,0x42d61000)]
  0x4ab5cc00 JavaThread "Thread-66" [_thread_blocked, id=11938, stack(0x42d9b000,0x42dec000)]
  0x4657d800 JavaThread "Thread-65" [_thread_blocked, id=11900, stack(0x42ec8000,0x42f19000)]
  0x4ab43400 JavaThread "Thread-63" [_thread_blocked, id=11889, stack(0x42f6a000,0x42fbb000)]
  0x4657f800 JavaThread "Thread-62" [_thread_blocked, id=11856, stack(0x43160000,0x431b1000)]
  0x4ab52800 JavaThread "Thread-60" [_thread_blocked, id=11845, stack(0x42ff7000,0x43048000)]
  0x4ab46400 JavaThread "Thread-58" [_thread_blocked, id=11802, stack(0x4340d000,0x4345e000)]
  0x45629800 JavaThread "Thread-53" [_thread_blocked, id=11718, stack(0x4310f000,0x43160000)]
  0x44aae000 JavaThread "Thread-51" [_thread_blocked, id=11670, stack(0x43f5d000,0x43fae000)]
  0x44ab1400 JavaThread "Thread-46" [_thread_blocked, id=11584, stack(0x432e0000,0x43331000)]
  0x456f9c00 JavaThread "Thread-44" [_thread_blocked, id=11536, stack(0x43331000,0x43382000)]
  0x4ab4b400 JavaThread "Thread-40" [_thread_blocked, id=11417, stack(0x4345e000,0x434af000)]
  0x4ab47c00 JavaThread "Thread-38" [_thread_blocked, id=11369, stack(0x433bc000,0x4340d000)]
  0x454a4000 JavaThread "Thread-37" [_thread_blocked, id=11328, stack(0x434af000,0x43500000)]
  0x4ab3e800 JavaThread "Thread-35" [_thread_blocked, id=11317, stack(0x43e45000,0x43e96000)]
  0x4ab2c400 JavaThread "Thread-33" [_thread_blocked, id=11274, stack(0x442af000,0x44300000)]
  0x44312800 JavaThread "Thread-29" [_thread_blocked, id=11204, stack(0x43f0c000,0x43f5d000)]
  0x44cddc00 JavaThread "Thread-27" [_thread_blocked, id=11156, stack(0x44baf000,0x44c00000)]
  0x4ab39000 JavaThread "Thread-23" [_thread_blocked, id=11093, stack(0x44024000,0x44075000)]
  0x4ab35400 JavaThread "Thread-21" [_thread_blocked, id=11045, stack(0x446af000,0x44700000)]
  0x4ab36400 JavaThread "Thread-18" [_thread_blocked, id=10996, stack(0x4425e000,0x442af000)]
  0x4ab34800 JavaThread "Thread-16" [_thread_blocked, id=10948, stack(0x44897000,0x448e8000)]
  0x4ab27800 JavaThread "Thread-11" [_thread_blocked, id=10885, stack(0x44b0d000,0x44b5e000)]
  0x4ab24000 JavaThread "Thread-9" [_thread_blocked, id=10837, stack(0x44975000,0x449c6000)]
  0x44c50c00 JavaThread "Thread-3" [_thread_blocked, id=10724, stack(0x44924000,0x44975000)]
  0x456ca400 JavaThread "Thread-1" [_thread_blocked, id=10676, stack(0x44b5e000,0x44baf000)]
  0x459a7c00 JavaThread "TimerQueue" daemon [_thread_blocked, id=10636, stack(0x455af000,0x45600000)]
  0xb6307800 JavaThread "DestroyJavaVM" [_thread_blocked, id=10618, stack(0xb64c7000,0xb6518000)]
  0x45955c00 JavaThread "AWT-EventQueue-0" [_thread_in_native, id=10635, stack(0x45748000,0x45799000)]
  0x4594b800 JavaThread "AWT-Shutdown" [_thread_blocked, id=10634, stack(0x45799000,0x457ea000)]
  0x4590c400 JavaThread "AWT-XAWT" daemon [_thread_in_native, id=10633, stack(0x4585e000,0x458af000)]
  0x465fc800 JavaThread "Java2D Disposer" daemon [_thread_blocked, id=10632, stack(0x458af000,0x45900000)]
  0x46b2c400 JavaThread "Service Thread" daemon [_thread_blocked, id=10630, stack(0x466ba000,0x4670b000)]
  0x46b2a800 JavaThread "C2 CompilerThread1" daemon [_thread_blocked, id=10629, stack(0x4670b000,0x4678c000)]
  0x46b28800 JavaThread "C2 CompilerThread0" daemon [_thread_blocked, id=10628, stack(0x4678c000,0x4680d000)]
  0x46b26c00 JavaThread "Signal Dispatcher" daemon [_thread_blocked, id=10627, stack(0x4680d000,0x4685e000)]
  0x46b14000 JavaThread "Finalizer" daemon [_thread_blocked, id=10626, stack(0x46a5e000,0x46aaf000)]
  0x46b12800 JavaThread "Reference Handler" daemon [_thread_blocked, id=10625, stack(0x46aaf000,0x46b00000)]

Other Threads:
  0x46b10400 VMThread [stack: 0x46c4e000,0x46ccf000] [id=10624]
  0x46b2e000 WatcherThread [stack: 0x46639000,0x466ba000] [id=10631]

VM state:not at safepoint (normal execution)

VM Mutex/Monitor currently owned by a thread: None

Heap
 PSYoungGen      total 520960K, used 293921K [0x93240000, 0xb3200000, 0xb3240000)
  eden space 518400K, 56% used [0x93240000,0xa503a370,0xb2c80000)
  from space 2560K, 42% used [0xb2f80000,0xb308e350,0xb3200000)
  to   space 2816K, 0% used [0xb2c80000,0xb2c80000,0xb2f40000)
 ParOldGen       total 697088K, used 647435K [0x53240000, 0x7db00000, 0x93240000)
  object space 697088K, 92% used [0x53240000,0x7aa82c20,0x7db00000)
 PSPermGen       total 20224K, used 20133K [0x4b240000, 0x4c600000, 0x53240000)
  object space 20224K, 99% used [0x4b240000,0x4c5e9420,0x4c600000)

Card table byte_map: [0x4aeff000,0x4b240000] byte_map_base: 0x4aca5e00

Polling page: 0xb76c5000

Code Cache  [0xb3300000, 0xb3a80000, 0xb6300000)
 total_blobs=2984 nmethods=2684 adapters=251 free_code_cache=41576Kb largest_free_block=42489664

Compilation events (10 events):
Event: 46022.445 Thread 0x46b28800 nmethod 2963 0xb3505ec8 code [0xb3506020, 0xb3506410]
Event: 46022.518 Thread 0x46b2a800 nmethod 2962 0xb3a69188 code [0xb3a696e0, 0xb3a6cbf8]
Event: 46022.553 Thread 0x46b28800 2964 %           javax.swing.text.html.CSSBorder::getWidths @ 6 (28 bytes)
Event: 46022.556 Thread 0x46b28800 nmethod 2964% 0xb387d708 code [0xb387d860, 0xb387dbb0]
Event: 46022.574 Thread 0x46b2a800 2965             sun.misc.URLClassPath::findResource (38 bytes)
Event: 46022.599 Thread 0x46b2a800 nmethod 2965 0xb38d5d08 code [0xb38d60a0, 0xb38d78e4]
Event: 46209.986 Thread 0x46b28800 2966             java.lang.Class::privateGetPublicMethods (247 bytes)
Event: 46210.001 Thread 0x46b28800 nmethod 2966 0xb38d41c8 code [0xb38d4420, 0xb38d4e84]
Event: 46210.075 Thread 0x46b2a800 2967             java.lang.Class$MethodArray::compactAndTrim (69 bytes)
Event: 46210.077 Thread 0x46b2a800 nmethod 2967 0xb3505a88 code [0xb3505ba0, 0xb3505d7c]

GC Heap History (10 events):
Event: 46072.014 GC heap before
{Heap before GC invocations=24458 (full 44):
 PSYoungGen      total 523264K, used 523259K [0x93240000, 0xb3240000, 0xb3240000)
  eden space 522240K, 100% used [0x93240000,0xb3040000,0xb3040000)
  from space 1024K, 99% used [0xb3040000,0xb313ec10,0xb3140000)
  to   space 1024K, 0% used [0xb3140000,0xb3140000,0xb3240000)
 ParOldGen       total 697088K, used 646935K [0x53240000, 0x7db00000, 0x93240000)
  object space 697088K, 92% used [0x53240000,0x7aa05ff0,0x7db00000)
 PSPermGen       total 20224K, used 20122K [0x4b240000, 0x4c600000, 0x53240000)
  object space 20224K, 99% used [0x4b240000,0x4c5e69b8,0x4c600000)
Event: 46072.018 GC heap after
Heap after GC invocations=24458 (full 44):
 PSYoungGen      total 518144K, used 1017K [0x93240000, 0xb3240000, 0xb3240000)
  eden space 517120K, 0% used [0x93240000,0x93240000,0xb2b40000)
  from space 1024K, 99% used [0xb3140000,0xb323e7c0,0xb3240000)
  to   space 3584K, 0% used [0xb2b40000,0xb2b40000,0xb2ec0000)
 ParOldGen       total 697088K, used 647435K [0x53240000, 0x7db00000, 0x93240000)
  object space 697088K, 92% used [0x53240000,0x7aa82c20,0x7db00000)
 PSPermGen       total 20224K, used 20122K [0x4b240000, 0x4c600000, 0x53240000)
  object space 20224K, 99% used [0x4b240000,0x4c5e69b8,0x4c600000)
}
Event: 46104.601 GC heap before
{Heap before GC invocations=24459 (full 44):
 PSYoungGen      total 518144K, used 518137K [0x93240000, 0xb3240000, 0xb3240000)
  eden space 517120K, 100% used [0x93240000,0xb2b40000,0xb2b40000)
  from space 1024K, 99% used [0xb3140000,0xb323e7c0,0xb3240000)
  to   space 3584K, 0% used [0xb2b40000,0xb2b40000,0xb2ec0000)
 ParOldGen       total 697088K, used 647435K [0x53240000, 0x7db00000, 0x93240000)
  object space 697088K, 92% used [0x53240000,0x7aa82c20,0x7db00000)
 PSPermGen       total 20224K, used 20122K [0x4b240000, 0x4c600000, 0x53240000)
  object space 20224K, 99% used [0x4b240000,0x4c5e69b8,0x4c600000)
Event: 46104.605 GC heap after
Heap after GC invocations=24459 (full 44):
 PSYoungGen      total 520704K, used 1080K [0x93240000, 0xb3240000, 0xb3240000)
  eden space 517120K, 0% used [0x93240000,0x93240000,0xb2b40000)
  from space 3584K, 30% used [0xb2b40000,0xb2c4e350,0xb2ec0000)
  to   space 3328K, 0% used [0xb2f00000,0xb2f00000,0xb3240000)
 ParOldGen       total 697088K, used 647435K [0x53240000, 0x7db00000, 0x93240000)
  object space 697088K, 92% used [0x53240000,0x7aa82c20,0x7db00000)
 PSPermGen       total 20224K, used 20122K [0x4b240000, 0x4c600000, 0x53240000)
  object space 20224K, 99% used [0x4b240000,0x4c5e69b8,0x4c600000)
}
Event: 46136.982 GC heap before
{Heap before GC invocations=24460 (full 44):
 PSYoungGen      total 520704K, used 518200K [0x93240000, 0xb3240000, 0xb3240000)
  eden space 517120K, 100% used [0x93240000,0xb2b40000,0xb2b40000)
  from space 3584K, 30% used [0xb2b40000,0xb2c4e350,0xb2ec0000)
  to   space 3328K, 0% used [0xb2f00000,0xb2f00000,0xb3240000)
 ParOldGen       total 697088K, used 647435K [0x53240000, 0x7db00000, 0x93240000)
  object space 697088K, 92% used [0x53240000,0x7aa82c20,0x7db00000)
 PSPermGen       total 20224K, used 20122K [0x4b240000, 0x4c600000, 0x53240000)
  object space 20224K, 99% used [0x4b240000,0x4c5e69b8,0x4c600000)
Event: 46136.985 GC heap after
Heap after GC invocations=24460 (full 44):
 PSYoungGen      total 519936K, used 1088K [0x93240000, 0xb3180000, 0xb3240000)
  eden space 517376K, 0% used [0x93240000,0x93240000,0xb2b80000)
  from space 2560K, 42% used [0xb2f00000,0xb3010360,0xb3180000)
  to   space 3072K, 0% used [0xb2b80000,0xb2b80000,0xb2e80000)
 ParOldGen       total 697088K, used 647435K [0x53240000, 0x7db00000, 0x93240000)
  object space 697088K, 92% used [0x53240000,0x7aa82c20,0x7db00000)
 PSPermGen       total 20224K, used 20122K [0x4b240000, 0x4c600000, 0x53240000)
  object space 20224K, 99% used [0x4b240000,0x4c5e69b8,0x4c600000)
}
Event: 46169.084 GC heap before
{Heap before GC invocations=24461 (full 44):
 PSYoungGen      total 519936K, used 518464K [0x93240000, 0xb3180000, 0xb3240000)
  eden space 517376K, 100% used [0x93240000,0xb2b80000,0xb2b80000)
  from space 2560K, 42% used [0xb2f00000,0xb3010360,0xb3180000)
  to   space 3072K, 0% used [0xb2b80000,0xb2b80000,0xb2e80000)
 ParOldGen       total 697088K, used 647435K [0x53240000, 0x7db00000, 0x93240000)
  object space 697088K, 92% used [0x53240000,0x7aa82c20,0x7db00000)
 PSPermGen       total 20224K, used 20122K [0x4b240000, 0x4c600000, 0x53240000)
  object space 20224K, 99% used [0x4b240000,0x4c5e69b8,0x4c600000)
Event: 46169.087 GC heap after
Heap after GC invocations=24461 (full 44):
 PSYoungGen      total 520448K, used 1088K [0x93240000, 0xb3240000, 0xb3240000)
  eden space 517376K, 0% used [0x93240000,0x93240000,0xb2b80000)
  from space 3072K, 35% used [0xb2b80000,0xb2c90360,0xb2e80000)
  to   space 2816K, 0% used [0xb2f80000,0xb2f80000,0xb3240000)
 ParOldGen       total 697088K, used 647435K [0x53240000, 0x7db00000, 0x93240000)
  object space 697088K, 92% used [0x53240000,0x7aa82c20,0x7db00000)
 PSPermGen       total 20224K, used 20122K [0x4b240000, 0x4c600000, 0x53240000)
  object space 20224K, 99% used [0x4b240000,0x4c5e69b8,0x4c600000)
}
Event: 46201.533 GC heap before
{Heap before GC invocations=24462 (full 44):
 PSYoungGen      total 520448K, used 518464K [0x93240000, 0xb3240000, 0xb3240000)
  eden space 517376K, 100% used [0x93240000,0xb2b80000,0xb2b80000)
  from space 3072K, 35% used [0xb2b80000,0xb2c90360,0xb2e80000)
  to   space 2816K, 0% used [0xb2f80000,0xb2f80000,0xb3240000)
 ParOldGen       total 697088K, used 647435K [0x53240000, 0x7db00000, 0x93240000)
  object space 697088K, 92% used [0x53240000,0x7aa82c20,0x7db00000)
 PSPermGen       total 20224K, used 20122K [0x4b240000, 0x4c600000, 0x53240000)
  object space 20224K, 99% used [0x4b240000,0x4c5e69b8,0x4c600000)
Event: 46201.539 GC heap after
Heap after GC invocations=24462 (full 44):
 PSYoungGen      total 520960K, used 1080K [0x93240000, 0xb3200000, 0xb3240000)
  eden space 518400K, 0% used [0x93240000,0x93240000,0xb2c80000)
  from space 2560K, 42% used [0xb2f80000,0xb308e350,0xb3200000)
  to   space 2816K, 0% used [0xb2c80000,0xb2c80000,0xb2f40000)
 ParOldGen       total 697088K, used 647435K [0x53240000, 0x7db00000, 0x93240000)
  object space 697088K, 92% used [0x53240000,0x7aa82c20,0x7db00000)
 PSPermGen       total 20224K, used 20122K [0x4b240000, 0x4c600000, 0x53240000)
  object space 20224K, 99% used [0x4b240000,0x4c5e69b8,0x4c600000)
}

Deoptimization events (10 events):
Event: 40375.256 Thread 0x4590c400 Uncommon trap: reason=bimorphic action=maybe_recompile pc=0xb37ed2e4 method=sun.awt.X11.XWindow.handleMotionNotify(Lsun/awt/X11/XEvent;)V @ 12
Event: 40375.256 Thread 0x45955c00 Uncommon trap: reason=class_check action=maybe_recompile pc=0xb381bac8 method=java.awt.Container.getMouseEventTargetImpl(IIZLjava/awt/Container$EventTargetFilter;ZZ)Ljava/awt/Component; @ 64
Event: 40375.264 Thread 0x4590c400 Uncommon trap: reason=bimorphic action=maybe_recompile pc=0xb37ed2e4 method=sun.awt.X11.XWindow.handleMotionNotify(Lsun/awt/X11/XEvent;)V @ 12
Event: 40375.275 Thread 0x4590c400 Uncommon trap: reason=bimorphic action=maybe_recompile pc=0xb37ed2e4 method=sun.awt.X11.XWindow.handleMotionNotify(Lsun/awt/X11/XEvent;)V @ 12
Event: 40375.286 Thread 0x4590c400 Uncommon trap: reason=bimorphic action=maybe_recompile pc=0xb37ed2e4 method=sun.awt.X11.XWindow.handleMotionNotify(Lsun/awt/X11/XEvent;)V @ 12
Event: 40375.332 Thread 0x45955c00 Uncommon trap: reason=class_check action=maybe_recompile pc=0xb381bac8 method=java.awt.Container.getMouseEventTargetImpl(IIZLjava/awt/Container$EventTargetFilter;ZZ)Ljava/awt/Component; @ 64
Event: 40375.332 Thread 0x45955c00 Uncommon trap: reason=class_check action=maybe_recompile pc=0xb381bac8 method=java.awt.Container.getMouseEventTargetImpl(IIZLjava/awt/Container$EventTargetFilter;ZZ)Ljava/awt/Component; @ 64
Event: 40375.345 Thread 0x45955c00 Uncommon trap: reason=class_check action=maybe_recompile pc=0xb381bac8 method=java.awt.Container.getMouseEventTargetImpl(IIZLjava/awt/Container$EventTargetFilter;ZZ)Ljava/awt/Component; @ 64
Event: 40435.252 Thread 0x45955c00 Uncommon trap: reason=class_check action=maybe_recompile pc=0xb3a54614 method=java.awt.Component.removeNotify()V @ 209
Event: 46210.073 Thread 0x4abf0400 Uncommon trap: reason=null_check action=make_not_entrant pc=0xb38d4d00 method=java.lang.Class.reflectionData()Ljava/lang/Class$ReflectionData; @ 24

Internal exceptions (10 events):
Event: 46022.446 Thread 0x454cac00 Threw 0xa01a9180 at /build/openjdk-7-OXg_HK/openjdk-7-7u79-2.5.6/build/openjdk/hotspot/src/share/vm/prims/jvm.cpp:1284
Event: 46209.984 Thread 0x4abf0400 Threw 0x9c8e1d30 at /build/openjdk-7-OXg_HK/openjdk-7-7u79-2.5.6/build/openjdk/hotspot/src/share/vm/prims/jvm.cpp:1284
Event: 46209.984 Thread 0x4abf0400 Threw 0x9c8e37a0 at /build/openjdk-7-OXg_HK/openjdk-7-7u79-2.5.6/build/openjdk/hotspot/src/share/vm/prims/jvm.cpp:1284
Event: 46209.984 Thread 0x4abf0400 Threw 0x9c8e3f20 at /build/openjdk-7-OXg_HK/openjdk-7-7u79-2.5.6/build/openjdk/hotspot/src/share/vm/prims/jvm.cpp:1284
Event: 46209.984 Thread 0x4abf0400 Threw 0x9c8e58f8 at /build/openjdk-7-OXg_HK/openjdk-7-7u79-2.5.6/build/openjdk/hotspot/src/share/vm/prims/jvm.cpp:1284
Event: 46209.984 Thread 0x4abf0400 Threw 0x9c8e60d0 at /build/openjdk-7-OXg_HK/openjdk-7-7u79-2.5.6/build/openjdk/hotspot/src/share/vm/prims/jvm.cpp:1284
Event: 46209.984 Thread 0x4abf0400 Threw 0x9c8e7aa8 at /build/openjdk-7-OXg_HK/openjdk-7-7u79-2.5.6/build/openjdk/hotspot/src/share/vm/prims/jvm.cpp:1284
Event: 46209.984 Thread 0x4abf0400 Threw 0x9c8e8228 at /build/openjdk-7-OXg_HK/openjdk-7-7u79-2.5.6/build/openjdk/hotspot/src/share/vm/prims/jvm.cpp:1284
Event: 46209.984 Thread 0x4abf0400 Threw 0x9c8e9c00 at /build/openjdk-7-OXg_HK/openjdk-7-7u79-2.5.6/build/openjdk/hotspot/src/share/vm/prims/jvm.cpp:1284
Event: 46210.073 Thread 0x4abf0400 Implicit null exception at 0xb38d44a8 to 0xb38d4ced

Events (10 events):
Event: 46210.034 Executing VM operation: RevokeBias done
Event: 46210.073 Thread 0x4abf0400 Uncommon trap: trap_request=0xfffffff4 fr.pc=0xb38d4d00
Event: 46210.073 Thread 0x4abf0400 DEOPT PACKING pc=0xb38d4d00 sp=0x42251590
Event: 46210.073 Thread 0x4abf0400 DEOPT UNPACKING pc=0xb332cbc8 sp=0x42251538 mode 2
Event: 46210.096 Executing VM operation: BulkRevokeBias
Event: 46210.096 Executing VM operation: BulkRevokeBias done
Event: 46210.239 Executing VM operation: BulkRevokeBias
Event: 46210.240 Executing VM operation: BulkRevokeBias done
Event: 46210.259 Executing VM operation: BulkRevokeBias
Event: 46210.259 Executing VM operation: BulkRevokeBias done


Dynamic libraries:
08048000-08049000 r-xp 00000000 08:01 282989     /usr/lib/jvm/java-7-openjdk-i386/jre/bin/java
08049000-0804a000 r--p 00000000 08:01 282989     /usr/lib/jvm/java-7-openjdk-i386/jre/bin/java
0804a000-0804b000 rw-p 00001000 08:01 282989     /usr/lib/jvm/java-7-openjdk-i386/jre/bin/java
09185000-0a9fd000 rw-p 00000000 00:00 0          [heap]
41dab000-41ddb000 r-xp 00000000 08:10 143668     /media/user/Harddisk/Double-MAC/lanada/obj_cooja/mtype354.cooja
41ddb000-41ddc000 r--p 0002f000 08:10 143668     /media/user/Harddisk/Double-MAC/lanada/obj_cooja/mtype354.cooja
41ddc000-41ddd000 rw-p 00030000 08:10 143668     /media/user/Harddisk/Double-MAC/lanada/obj_cooja/mtype354.cooja
41ddd000-41de7000 rw-p 00000000 00:00 0 
41de7000-41dea000 ---p 00000000 00:00 0 
41dea000-41e38000 rw-p 00000000 00:00 0          [stack:14958]
41e38000-41e3b000 ---p 00000000 00:00 0 
41e3b000-41e89000 rw-p 00000000 00:00 0 
41e89000-41eb8000 r-xp 00000000 08:10 143664     /media/user/Harddisk/Double-MAC/lanada/obj_cooja/mtype825.cooja
41eb8000-41eb9000 r--p 0002e000 08:10 143664     /media/user/Harddisk/Double-MAC/lanada/obj_cooja/mtype825.cooja
41eb9000-41eba000 rw-p 0002f000 08:10 143664     /media/user/Harddisk/Double-MAC/lanada/obj_cooja/mtype825.cooja
41eba000-41ec3000 rw-p 00000000 00:00 0          [stack:14974]
41ec3000-41ef3000 r-xp 00000000 08:10 143660     /media/user/Harddisk/Double-MAC/lanada/obj_cooja/mtype580.cooja
41ef3000-41ef4000 r--p 0002f000 08:10 143660     /media/user/Harddisk/Double-MAC/lanada/obj_cooja/mtype580.cooja
41ef4000-41ef5000 rw-p 00030000 08:10 143660     /media/user/Harddisk/Double-MAC/lanada/obj_cooja/mtype580.cooja
41ef5000-41eff000 rw-p 00000000 00:00 0 
41eff000-41f02000 ---p 00000000 00:00 0 
41f02000-41f50000 rw-p 00000000 00:00 0          [stack:14695]
41f50000-41f53000 ---p 00000000 00:00 0 
41f53000-41fa1000 rw-p 00000000 00:00 0 
41fa1000-41fd0000 r-xp 00000000 08:10 143656     /media/user/Harddisk/Double-MAC/lanada/obj_cooja/mtype845.cooja
41fd0000-41fd1000 r--p 0002e000 08:10 143656     /media/user/Harddisk/Double-MAC/lanada/obj_cooja/mtype845.cooja
41fd1000-41fd2000 rw-p 0002f000 08:10 143656     /media/user/Harddisk/Double-MAC/lanada/obj_cooja/mtype845.cooja
41fd2000-41fdb000 rw-p 00000000 00:00 0 
42000000-42031000 rw-p 00000000 00:00 0 
42031000-42100000 ---p 00000000 00:00 0 
4210d000-42132000 rw-s 00000000 00:04 127500316  /SYSV00000000 (deleted)
42175000-421a5000 r-xp 00000000 08:10 143652     /media/user/Harddisk/Double-MAC/lanada/obj_cooja/mtype905.cooja
421a5000-421a6000 r--p 0002f000 08:10 143652     /media/user/Harddisk/Double-MAC/lanada/obj_cooja/mtype905.cooja
421a6000-421a7000 rw-p 00030000 08:10 143652     /media/user/Harddisk/Double-MAC/lanada/obj_cooja/mtype905.cooja
421a7000-421b1000 rw-p 00000000 00:00 0 
421b1000-421b4000 ---p 00000000 00:00 0 
421b4000-42202000 rw-p 00000000 00:00 0          [stack:14091]
42202000-42205000 ---p 00000000 00:00 0 
42205000-42253000 rw-p 00000000 00:00 0          [stack:14969]
42253000-42256000 ---p 00000000 00:00 0 
42256000-422a4000 rw-p 00000000 00:00 0          [stack:14910]
422a4000-422a7000 ---p 00000000 00:00 0 
422a7000-422f5000 rw-p 00000000 00:00 0          [stack:13977]
42305000-42312000 rw-p 00000000 00:00 0 
42312000-42337000 rw-s 00000000 00:04 127270938  /SYSV00000000 (deleted)
42337000-42338000 rw-p 00000000 00:00 0 
42338000-42368000 r-xp 00000000 08:10 143642     /media/user/Harddisk/Double-MAC/lanada/obj_cooja/mtype195.cooja
42368000-42369000 r--p 0002f000 08:10 143642     /media/user/Harddisk/Double-MAC/lanada/obj_cooja/mtype195.cooja
42369000-4236a000 rw-p 00030000 08:10 143642     /media/user/Harddisk/Double-MAC/lanada/obj_cooja/mtype195.cooja
4236a000-42374000 rw-p 00000000 00:00 0 
42374000-42377000 ---p 00000000 00:00 0 
42377000-423c5000 rw-p 00000000 00:00 0          [stack:13834]
423c5000-423c8000 ---p 00000000 00:00 0 
423c8000-42416000 rw-p 00000000 00:00 0          [stack:13591]
42416000-42445000 r-xp 00000000 08:10 143638     /media/user/Harddisk/Double-MAC/lanada/obj_cooja/mtype64.cooja
42445000-42446000 r--p 0002e000 08:10 143638     /media/user/Harddisk/Double-MAC/lanada/obj_cooja/mtype64.cooja
42446000-42447000 rw-p 0002f000 08:10 143638     /media/user/Harddisk/Double-MAC/lanada/obj_cooja/mtype64.cooja
42447000-42450000 rw-p 00000000 00:00 0 
42450000-42480000 r-xp 00000000 08:10 143634     /media/user/Harddisk/Double-MAC/lanada/obj_cooja/mtype588.cooja
42480000-42481000 r--p 0002f000 08:10 143634     /media/user/Harddisk/Double-MAC/lanada/obj_cooja/mtype588.cooja
42481000-42482000 rw-p 00030000 08:10 143634     /media/user/Harddisk/Double-MAC/lanada/obj_cooja/mtype588.cooja
42482000-4248c000 rw-p 00000000 00:00 0 
4248c000-4248f000 ---p 00000000 00:00 0 
4248f000-424dd000 rw-p 00000000 00:00 0          [stack:14043]
424dd000-4250c000 r-xp 00000000 08:10 143630     /media/user/Harddisk/Double-MAC/lanada/obj_cooja/mtype761.cooja
4250c000-4250d000 r--p 0002e000 08:10 143630     /media/user/Harddisk/Double-MAC/lanada/obj_cooja/mtype761.cooja
4250d000-4250e000 rw-p 0002f000 08:10 143630     /media/user/Harddisk/Double-MAC/lanada/obj_cooja/mtype761.cooja
4250e000-42517000 rw-p 00000000 00:00 0 
42517000-42547000 r-xp 00000000 08:10 143626     /media/user/Harddisk/Double-MAC/lanada/obj_cooja/mtype508.cooja
42547000-42548000 r--p 0002f000 08:10 143626     /media/user/Harddisk/Double-MAC/lanada/obj_cooja/mtype508.cooja
42548000-42549000 rw-p 00030000 08:10 143626     /media/user/Harddisk/Double-MAC/lanada/obj_cooja/mtype508.cooja
42549000-42553000 rw-p 00000000 00:00 0 
42553000-42556000 ---p 00000000 00:00 0 
42556000-425a4000 rw-p 00000000 00:00 0          [stack:13543]
425a4000-425a7000 ---p 00000000 00:00 0 
425a7000-425f5000 rw-p 00000000 00:00 0          [stack:13336]
425f5000-42624000 r-xp 00000000 08:10 143622     /media/user/Harddisk/Double-MAC/lanada/obj_cooja/mtype392.cooja
42624000-42625000 r--p 0002e000 08:10 143622     /media/user/Harddisk/Double-MAC/lanada/obj_cooja/mtype392.cooja
42625000-42626000 rw-p 0002f000 08:10 143622     /media/user/Harddisk/Double-MAC/lanada/obj_cooja/mtype392.cooja
42626000-4262f000 rw-p 00000000 00:00 0 
4262f000-42632000 ---p 00000000 00:00 0 
42632000-42680000 rw-p 00000000 00:00 0          [stack:13288]
42680000-42683000 ---p 00000000 00:00 0 
42683000-426d1000 rw-p 00000000 00:00 0          [stack:13423]
426d1000-426d4000 ---p 00000000 00:00 0 
426d4000-42722000 rw-p 00000000 00:00 0 
42722000-42751000 r-xp 00000000 08:10 143615     /media/user/Harddisk/Double-MAC/lanada/obj_cooja/mtype650.cooja
42751000-42752000 r--p 0002e000 08:10 143615     /media/user/Harddisk/Double-MAC/lanada/obj_cooja/mtype650.cooja
42752000-42753000 rw-p 0002f000 08:10 143615     /media/user/Harddisk/Double-MAC/lanada/obj_cooja/mtype650.cooja
42753000-4275c000 rw-p 00000000 00:00 0 
4275c000-4278c000 r-xp 00000000 08:10 143618     /media/user/Harddisk/Double-MAC/lanada/obj_cooja/mtype985.cooja
4278c000-4278d000 r--p 0002f000 08:10 143618     /media/user/Harddisk/Double-MAC/lanada/obj_cooja/mtype985.cooja
4278d000-4278e000 rw-p 00030000 08:10 143618     /media/user/Harddisk/Double-MAC/lanada/obj_cooja/mtype985.cooja
4278e000-42798000 rw-p 00000000 00:00 0 
42798000-427c7000 r-xp 00000000 08:10 143614     /media/user/Harddisk/Double-MAC/lanada/obj_cooja/mtype251.cooja
427c7000-427c8000 r--p 0002e000 08:10 143614     /media/user/Harddisk/Double-MAC/lanada/obj_cooja/mtype251.cooja
427c8000-427c9000 rw-p 0002f000 08:10 143614     /media/user/Harddisk/Double-MAC/lanada/obj_cooja/mtype251.cooja
427c9000-427d2000 rw-p 00000000 00:00 0 
427d2000-42802000 r-xp 00000000 08:10 143610     /media/user/Harddisk/Double-MAC/lanada/obj_cooja/mtype305.cooja
42802000-42803000 r--p 0002f000 08:10 143610     /media/user/Harddisk/Double-MAC/lanada/obj_cooja/mtype305.cooja
42803000-42804000 rw-p 00030000 08:10 143610     /media/user/Harddisk/Double-MAC/lanada/obj_cooja/mtype305.cooja
42804000-4280e000 rw-p 00000000 00:00 0 
4280e000-42811000 ---p 00000000 00:00 0 
42811000-4285f000 rw-p 00000000 00:00 0          [stack:12420]
4285f000-42862000 ---p 00000000 00:00 0 
42862000-428b0000 rw-p 00000000 00:00 0          [stack:13250]
428b0000-428df000 r-xp 00000000 08:10 143606     /media/user/Harddisk/Double-MAC/lanada/obj_cooja/mtype654.cooja
428df000-428e0000 r--p 0002e000 08:10 143606     /media/user/Harddisk/Double-MAC/lanada/obj_cooja/mtype654.cooja
428e0000-428e1000 rw-p 0002f000 08:10 143606     /media/user/Harddisk/Double-MAC/lanada/obj_cooja/mtype654.cooja
428e1000-428ea000 rw-p 00000000 00:00 0 
428ea000-428ed000 ---p 00000000 00:00 0 
428ed000-4293b000 rw-p 00000000 00:00 0          [stack:12372]
4293b000-4293e000 ---p 00000000 00:00 0 
4293e000-4298c000 rw-p 00000000 00:00 0          [stack:13471]
4298c000-429bc000 r-xp 00000000 08:10 143599     /media/user/Harddisk/Double-MAC/lanada/obj_cooja/mtype166.cooja
429bc000-429bd000 r--p 0002f000 08:10 143599     /media/user/Harddisk/Double-MAC/lanada/obj_cooja/mtype166.cooja
429bd000-429be000 rw-p 00030000 08:10 143599     /media/user/Harddisk/Double-MAC/lanada/obj_cooja/mtype166.cooja
429be000-429c8000 rw-p 00000000 00:00 0 
429c8000-429f7000 r-xp 00000000 08:10 143602     /media/user/Harddisk/Double-MAC/lanada/obj_cooja/mtype249.cooja
429f7000-429f8000 r--p 0002e000 08:10 143602     /media/user/Harddisk/Double-MAC/lanada/obj_cooja/mtype249.cooja
429f8000-429f9000 rw-p 0002f000 08:10 143602     /media/user/Harddisk/Double-MAC/lanada/obj_cooja/mtype249.cooja
429f9000-42a02000 rw-p 00000000 00:00 0 
42a02000-42a32000 r-xp 00000000 08:10 143598     /media/user/Harddisk/Double-MAC/lanada/obj_cooja/mtype973.cooja
42a32000-42a33000 r--p 0002f000 08:10 143598     /media/user/Harddisk/Double-MAC/lanada/obj_cooja/mtype973.cooja
42a33000-42a34000 rw-p 00030000 08:10 143598     /media/user/Harddisk/Double-MAC/lanada/obj_cooja/mtype973.cooja
42a34000-42a3e000 rw-p 00000000 00:00 0 
42a3e000-42a6d000 r-xp 00000000 08:10 143594     /media/user/Harddisk/Double-MAC/lanada/obj_cooja/mtype0.cooja
42a6d000-42a6e000 r--p 0002e000 08:10 143594     /media/user/Harddisk/Double-MAC/lanada/obj_cooja/mtype0.cooja
42a6e000-42a6f000 rw-p 0002f000 08:10 143594     /media/user/Harddisk/Double-MAC/lanada/obj_cooja/mtype0.cooja
42a6f000-42a78000 rw-p 00000000 00:00 0 
42a78000-42aa8000 r-xp 00000000 08:10 143590     /media/user/Harddisk/Double-MAC/lanada/obj_cooja/mtype160.cooja
42aa8000-42aa9000 r--p 0002f000 08:10 143590     /media/user/Harddisk/Double-MAC/lanada/obj_cooja/mtype160.cooja
42aa9000-42aaa000 rw-p 00030000 08:10 143590     /media/user/Harddisk/Double-MAC/lanada/obj_cooja/mtype160.cooja
42aaa000-42ab4000 rw-p 00000000 00:00 0 
42ab4000-42ab7000 ---p 00000000 00:00 0 
42ab7000-42b05000 rw-p 00000000 00:00 0          [stack:12080]
42b05000-42b08000 ---p 00000000 00:00 0 
42b08000-42b56000 rw-p 00000000 00:00 0          [stack:12280]
42b56000-42b85000 r-xp 00000000 08:10 143586     /media/user/Harddisk/Double-MAC/lanada/obj_cooja/mtype673.cooja
42b85000-42b86000 r--p 0002e000 08:10 143586     /media/user/Harddisk/Double-MAC/lanada/obj_cooja/mtype673.cooja
42b86000-42b87000 rw-p 0002f000 08:10 143586     /media/user/Harddisk/Double-MAC/lanada/obj_cooja/mtype673.cooja
42b87000-42b90000 rw-p 00000000 00:00 0 
42b90000-42b93000 ---p 00000000 00:00 0 
42b93000-42be1000 rw-p 00000000 00:00 0          [stack:13103]
42be1000-42be4000 ---p 00000000 00:00 0 
42be4000-42c32000 rw-p 00000000 00:00 0          [stack:12032]
42c32000-42c35000 ---p 00000000 00:00 0 
42c35000-42c83000 rw-p 00000000 00:00 0          [stack:14647]
42c83000-42cb3000 r-xp 00000000 08:10 143579     /media/user/Harddisk/Double-MAC/lanada/obj_cooja/mtype604.cooja
42cb3000-42cb4000 r--p 0002f000 08:10 143579     /media/user/Harddisk/Double-MAC/lanada/obj_cooja/mtype604.cooja
42cb4000-42cb5000 rw-p 00030000 08:10 143579     /media/user/Harddisk/Double-MAC/lanada/obj_cooja/mtype604.cooja
42cb5000-42cbf000 rw-p 00000000 00:00 0 
42cbf000-42cc2000 ---p 00000000 00:00 0 
42cc2000-42d10000 rw-p 00000000 00:00 0          [stack:12323]
42d10000-42d13000 ---p 00000000 00:00 0 
42d13000-42d61000 rw-p 00000000 00:00 0          [stack:11981]
42d61000-42d90000 r-xp 00000000 08:10 143582     /media/user/Harddisk/Double-MAC/lanada/obj_cooja/mtype420.cooja
42d90000-42d91000 r--p 0002e000 08:10 143582     /media/user/Harddisk/Double-MAC/lanada/obj_cooja/mtype420.cooja
42d91000-42d92000 rw-p 0002f000 08:10 143582     /media/user/Harddisk/Double-MAC/lanada/obj_cooja/mtype420.cooja
42d92000-42d9b000 rw-p 00000000 00:00 0 
42d9b000-42d9e000 ---p 00000000 00:00 0 
42d9e000-42dec000 rw-p 00000000 00:00 0          [stack:11938]
42dec000-42def000 ---p 00000000 00:00 0 
42def000-42e3d000 rw-p 00000000 00:00 0          [stack:12334]
42e3d000-42e40000 ---p 00000000 00:00 0 
42e40000-42e8e000 rw-p 00000000 00:00 0          [stack:11992]
42e8e000-42ebd000 r-xp 00000000 08:10 143198     /media/user/Harddisk/Double-MAC/lanada/obj_cooja/mtype183.cooja
42ebd000-42ebe000 r--p 0002e000 08:10 143198     /media/user/Harddisk/Double-MAC/lanada/obj_cooja/mtype183.cooja
42ebe000-42ebf000 rw-p 0002f000 08:10 143198     /media/user/Harddisk/Double-MAC/lanada/obj_cooja/mtype183.cooja
42ebf000-42ec8000 rw-p 00000000 00:00 0 
42ec8000-42ecb000 ---p 00000000 00:00 0 
42ecb000-42f19000 rw-p 00000000 00:00 0          [stack:11900]
42f19000-42f1c000 ---p 00000000 00:00 0 
42f1c000-42f6a000 rw-p 00000000 00:00 0          [stack:13151]
42f6a000-42f6d000 ---p 00000000 00:00 0 
42f6d000-42fbb000 rw-p 00000000 00:00 0          [stack:11889]
42fbb000-42feb000 r-xp 00000000 08:10 143575     /media/user/Harddisk/Double-MAC/lanada/obj_cooja/mtype740.cooja
42feb000-42fec000 r--p 0002f000 08:10 143575     /media/user/Harddisk/Double-MAC/lanada/obj_cooja/mtype740.cooja
42fec000-42fed000 rw-p 00030000 08:10 143575     /media/user/Harddisk/Double-MAC/lanada/obj_cooja/mtype740.cooja
42fed000-42ff7000 rw-p 00000000 00:00 0 
42ff7000-42ffa000 ---p 00000000 00:00 0 
42ffa000-43048000 rw-p 00000000 00:00 0          [stack:11845]
43048000-4304b000 ---p 00000000 00:00 0 
4304b000-43099000 rw-p 00000000 00:00 0          [stack:12214]
43099000-430c8000 r-xp 00000000 08:10 143578     /media/user/Harddisk/Double-MAC/lanada/obj_cooja/mtype10.cooja
430c8000-430c9000 r--p 0002e000 08:10 143578     /media/user/Harddisk/Double-MAC/lanada/obj_cooja/mtype10.cooja
430c9000-430ca000 rw-p 0002f000 08:10 143578     /media/user/Harddisk/Double-MAC/lanada/obj_cooja/mtype10.cooja
430ca000-430d3000 rw-p 00000000 00:00 0 
430d3000-43103000 r-xp 00000000 08:10 143574     /media/user/Harddisk/Double-MAC/lanada/obj_cooja/mtype791.cooja
43103000-43104000 r--p 0002f000 08:10 143574     /media/user/Harddisk/Double-MAC/lanada/obj_cooja/mtype791.cooja
43104000-43105000 rw-p 00030000 08:10 143574     /media/user/Harddisk/Double-MAC/lanada/obj_cooja/mtype791.cooja
43105000-4310f000 rw-p 00000000 00:00 0 
4310f000-43112000 ---p 00000000 00:00 0 
43112000-43160000 rw-p 00000000 00:00 0          [stack:11718]
43160000-43163000 ---p 00000000 00:00 0 
43163000-431b1000 rw-p 00000000 00:00 0          [stack:11856]
431b1000-431e0000 r-xp 00000000 08:10 143570     /media/user/Harddisk/Double-MAC/lanada/obj_cooja/mtype356.cooja
431e0000-431e1000 r--p 0002e000 08:10 143570     /media/user/Harddisk/Double-MAC/lanada/obj_cooja/mtype356.cooja
431e1000-431e2000 rw-p 0002f000 08:10 143570     /media/user/Harddisk/Double-MAC/lanada/obj_cooja/mtype356.cooja
431e2000-431eb000 rw-p 00000000 00:00 0 
431eb000-4321b000 r-xp 00000000 08:10 143566     /media/user/Harddisk/Double-MAC/lanada/obj_cooja/mtype443.cooja
4321b000-4321c000 r--p 0002f000 08:10 143566     /media/user/Harddisk/Double-MAC/lanada/obj_cooja/mtype443.cooja
4321c000-4321d000 rw-p 00030000 08:10 143566     /media/user/Harddisk/Double-MAC/lanada/obj_cooja/mtype443.cooja
4321d000-43227000 rw-p 00000000 00:00 0 
43227000-43256000 r-xp 00000000 08:10 143562     /media/user/Harddisk/Double-MAC/lanada/obj_cooja/mtype670.cooja
43256000-43257000 r--p 0002e000 08:10 143562     /media/user/Harddisk/Double-MAC/lanada/obj_cooja/mtype670.cooja
43257000-43258000 rw-p 0002f000 08:10 143562     /media/user/Harddisk/Double-MAC/lanada/obj_cooja/mtype670.cooja
43258000-43262000 rw-p 00000000 00:00 0 
43262000-43268000 rw-p 00000000 00:00 0 
43268000-43297000 r-xp 00000000 08:10 143648     /media/user/Harddisk/Double-MAC/lanada/obj_cooja/mtype72.cooja
43297000-43298000 r--p 0002e000 08:10 143648     /media/user/Harddisk/Double-MAC/lanada/obj_cooja/mtype72.cooja
43298000-43299000 rw-p 0002f000 08:10 143648     /media/user/Harddisk/Double-MAC/lanada/obj_cooja/mtype72.cooja
43299000-432a4000 rw-p 00000000 00:00 0 
432a4000-432d4000 r-xp 00000000 08:10 143558     /media/user/Harddisk/Double-MAC/lanada/obj_cooja/mtype19.cooja
432d4000-432d5000 r--p 0002f000 08:10 143558     /media/user/Harddisk/Double-MAC/lanada/obj_cooja/mtype19.cooja
432d5000-432d6000 rw-p 00030000 08:10 143558     /media/user/Harddisk/Double-MAC/lanada/obj_cooja/mtype19.cooja
432d6000-432e0000 rw-p 00000000 00:00 0 
432e0000-432e3000 ---p 00000000 00:00 0 
432e3000-43331000 rw-p 00000000 00:00 0          [stack:11584]
43331000-43334000 ---p 00000000 00:00 0 
43334000-43382000 rw-p 00000000 00:00 0          [stack:11536]
43382000-433b1000 r-xp 00000000 08:10 143554     /media/user/Harddisk/Double-MAC/lanada/obj_cooja/mtype657.cooja
433b1000-433b2000 r--p 0002e000 08:10 143554     /media/user/Harddisk/Double-MAC/lanada/obj_cooja/mtype657.cooja
433b2000-433b3000 rw-p 0002f000 08:10 143554     /media/user/Harddisk/Double-MAC/lanada/obj_cooja/mtype657.cooja
433b3000-433bc000 rw-p 00000000 00:00 0 
433bc000-433bf000 ---p 00000000 00:00 0 
433bf000-4340d000 rw-p 00000000 00:00 0          [stack:11369]
4340d000-43410000 ---p 00000000 00:00 0 
43410000-4345e000 rw-p 00000000 00:00 0          [stack:11802]
4345e000-43461000 ---p 00000000 00:00 0 
43461000-434af000 rw-p 00000000 00:00 0          [stack:11417]
434af000-434b2000 ---p 00000000 00:00 0 
434b2000-43500000 rw-p 00000000 00:00 0          [stack:11328]
43500000-435f8000 rw-p 00000000 00:00 0 
435f8000-43600000 ---p 00000000 00:00 0 
43600000-436ff000 rw-p 00000000 00:00 0 
436ff000-43700000 ---p 00000000 00:00 0 
43700000-437e4000 rw-p 00000000 00:00 0 
437e4000-43800000 ---p 00000000 00:00 0 
43800000-43900000 rw-p 00000000 00:00 0 
43900000-439fe000 rw-p 00000000 00:00 0 
439fe000-43a00000 ---p 00000000 00:00 0 
43a00000-43afd000 rw-p 00000000 00:00 0 
43afd000-43b00000 ---p 00000000 00:00 0 
43b00000-43bfd000 rw-p 00000000 00:00 0 
43bfd000-43c00000 ---p 00000000 00:00 0 
43c00000-43cfb000 rw-p 00000000 00:00 0 
43cfb000-43d00000 ---p 00000000 00:00 0 
43d00000-43dfc000 rw-p 00000000 00:00 0 
43dfc000-43e00000 ---p 00000000 00:00 0 
43e00000-43e09000 rw-p 00000000 00:00 0 
43e09000-43e39000 r-xp 00000000 08:10 143547     /media/user/Harddisk/Double-MAC/lanada/obj_cooja/mtype623.cooja
43e39000-43e3a000 r--p 0002f000 08:10 143547     /media/user/Harddisk/Double-MAC/lanada/obj_cooja/mtype623.cooja
43e3a000-43e3b000 rw-p 00030000 08:10 143547     /media/user/Harddisk/Double-MAC/lanada/obj_cooja/mtype623.cooja
43e3b000-43e45000 rw-p 00000000 00:00 0 
43e45000-43e48000 ---p 00000000 00:00 0 
43e48000-43e96000 rw-p 00000000 00:00 0          [stack:11317]
43e96000-43ec5000 r-xp 00000000 08:10 143550     /media/user/Harddisk/Double-MAC/lanada/obj_cooja/mtype17.cooja
43ec5000-43ec6000 r--p 0002e000 08:10 143550     /media/user/Harddisk/Double-MAC/lanada/obj_cooja/mtype17.cooja
43ec6000-43ec7000 rw-p 0002f000 08:10 143550     /media/user/Harddisk/Double-MAC/lanada/obj_cooja/mtype17.cooja
43ec7000-43ed0000 rw-p 00000000 00:00 0 
43ed0000-43f00000 r-xp 00000000 08:10 143546     /media/user/Harddisk/Double-MAC/lanada/obj_cooja/mtype404.cooja
43f00000-43f01000 r--p 0002f000 08:10 143546     /media/user/Harddisk/Double-MAC/lanada/obj_cooja/mtype404.cooja
43f01000-43f02000 rw-p 00030000 08:10 143546     /media/user/Harddisk/Double-MAC/lanada/obj_cooja/mtype404.cooja
43f02000-43f0c000 rw-p 00000000 00:00 0 
43f0c000-43f0f000 ---p 00000000 00:00 0 
43f0f000-43f5d000 rw-p 00000000 00:00 0          [stack:11204]
43f5d000-43f60000 ---p 00000000 00:00 0 
43f60000-43fae000 rw-p 00000000 00:00 0          [stack:11670]
43fae000-43fdd000 r-xp 00000000 08:10 143542     /media/user/Harddisk/Double-MAC/lanada/obj_cooja/mtype628.cooja
43fdd000-43fde000 r--p 0002e000 08:10 143542     /media/user/Harddisk/Double-MAC/lanada/obj_cooja/mtype628.cooja
43fde000-43fdf000 rw-p 0002f000 08:10 143542     /media/user/Harddisk/Double-MAC/lanada/obj_cooja/mtype628.cooja
43fdf000-43fe8000 rw-p 00000000 00:00 0 
43fe8000-44018000 r-xp 00000000 08:10 143538     /media/user/Harddisk/Double-MAC/lanada/obj_cooja/mtype738.cooja
44018000-44019000 r--p 0002f000 08:10 143538     /media/user/Harddisk/Double-MAC/lanada/obj_cooja/mtype738.cooja
44019000-4401a000 rw-p 00030000 08:10 143538     /media/user/Harddisk/Double-MAC/lanada/obj_cooja/mtype738.cooja
4401a000-44024000 rw-p 00000000 00:00 0 
44024000-44027000 ---p 00000000 00:00 0 
44027000-44075000 rw-p 00000000 00:00 0          [stack:11093]
44075000-44078000 ---p 00000000 00:00 0 
44078000-440c6000 rw-p 00000000 00:00 0          [stack:13239]
440c6000-440f5000 r-xp 00000000 08:10 143534     /media/user/Harddisk/Double-MAC/lanada/obj_cooja/mtype71.cooja
440f5000-440f6000 r--p 0002e000 08:10 143534     /media/user/Harddisk/Double-MAC/lanada/obj_cooja/mtype71.cooja
440f6000-440f7000 rw-p 0002f000 08:10 143534     /media/user/Harddisk/Double-MAC/lanada/obj_cooja/mtype71.cooja
440f7000-44100000 rw-p 00000000 00:00 0 
44100000-441fe000 rw-p 00000000 00:00 0 
441fe000-44200000 ---p 00000000 00:00 0 
44200000-44222000 rw-p 00000000 00:00 0 
44222000-44252000 r-xp 00000000 08:10 143530     /media/user/Harddisk/Double-MAC/lanada/obj_cooja/mtype693.cooja
44252000-44253000 r--p 0002f000 08:10 143530     /media/user/Harddisk/Double-MAC/lanada/obj_cooja/mtype693.cooja
44253000-44254000 rw-p 00030000 08:10 143530     /media/user/Harddisk/Double-MAC/lanada/obj_cooja/mtype693.cooja
44254000-4425e000 rw-p 00000000 00:00 0 
4425e000-44261000 ---p 00000000 00:00 0 
44261000-442af000 rw-p 00000000 00:00 0          [stack:10996]
442af000-442b2000 ---p 00000000 00:00 0 
442b2000-44300000 rw-p 00000000 00:00 0          [stack:11274]
44300000-443ed000 rw-p 00000000 00:00 0 
443ed000-44400000 ---p 00000000 00:00 0 
44400000-444ff000 rw-p 00000000 00:00 0 
444ff000-44500000 ---p 00000000 00:00 0 
44500000-445eb000 rw-p 00000000 00:00 0 
445eb000-44600000 ---p 00000000 00:00 0 
44600000-44615000 rw-p 00000000 00:00 0 
44615000-44625000 rw-p 00000000 00:00 0 
44625000-44639000 rw-p 00000000 00:00 0 
44639000-44668000 r-xp 00000000 08:10 143526     /media/user/Harddisk/Double-MAC/lanada/obj_cooja/mtype164.cooja
44668000-44669000 r--p 0002e000 08:10 143526     /media/user/Harddisk/Double-MAC/lanada/obj_cooja/mtype164.cooja
44669000-4466a000 rw-p 0002f000 08:10 143526     /media/user/Harddisk/Double-MAC/lanada/obj_cooja/mtype164.cooja
4466a000-44673000 rw-p 00000000 00:00 0 
44673000-446a3000 r-xp 00000000 08:10 143522     /media/user/Harddisk/Double-MAC/lanada/obj_cooja/mtype341.cooja
446a3000-446a4000 r--p 0002f000 08:10 143522     /media/user/Harddisk/Double-MAC/lanada/obj_cooja/mtype341.cooja
446a4000-446a5000 rw-p 00030000 08:10 143522     /media/user/Harddisk/Double-MAC/lanada/obj_cooja/mtype341.cooja
446a5000-446af000 rw-p 00000000 00:00 0 
446af000-446b2000 ---p 00000000 00:00 0 
446b2000-44700000 rw-p 00000000 00:00 0          [stack:11045]
44700000-447fd000 rw-p 00000000 00:00 0 
447fd000-44800000 ---p 00000000 00:00 0 
44800000-44838000 rw-p 00000000 00:00 0 
44838000-44867000 r-xp 00000000 08:10 143518     /media/user/Harddisk/Double-MAC/lanada/obj_cooja/mtype205.cooja
44867000-44868000 r--p 0002e000 08:10 143518     /media/user/Harddisk/Double-MAC/lanada/obj_cooja/mtype205.cooja
44868000-44869000 rw-p 0002f000 08:10 143518     /media/user/Harddisk/Double-MAC/lanada/obj_cooja/mtype205.cooja
44869000-44873000 rw-p 00000000 00:00 0 
44873000-44897000 rw-p 00000000 00:00 0 
44897000-4489a000 ---p 00000000 00:00 0 
4489a000-448e8000 rw-p 00000000 00:00 0          [stack:10948]
448e8000-44918000 r-xp 00000000 08:10 143514     /media/user/Harddisk/Double-MAC/lanada/obj_cooja/mtype773.cooja
44918000-44919000 r--p 0002f000 08:10 143514     /media/user/Harddisk/Double-MAC/lanada/obj_cooja/mtype773.cooja
44919000-4491a000 rw-p 00030000 08:10 143514     /media/user/Harddisk/Double-MAC/lanada/obj_cooja/mtype773.cooja
4491a000-44924000 rw-p 00000000 00:00 0 
44924000-44927000 ---p 00000000 00:00 0 
44927000-44975000 rw-p 00000000 00:00 0          [stack:10724]
44975000-44978000 ---p 00000000 00:00 0 
44978000-449c6000 rw-p 00000000 00:00 0          [stack:10837]
449c6000-449f5000 r-xp 00000000 08:10 143510     /media/user/Harddisk/Double-MAC/lanada/obj_cooja/mtype8.cooja
449f5000-449f6000 r--p 0002e000 08:10 143510     /media/user/Harddisk/Double-MAC/lanada/obj_cooja/mtype8.cooja
449f6000-449f7000 rw-p 0002f000 08:10 143510     /media/user/Harddisk/Double-MAC/lanada/obj_cooja/mtype8.cooja
449f7000-44a00000 rw-p 00000000 00:00 0 
44a00000-44aee000 rw-p 00000000 00:00 0 
44aee000-44b00000 ---p 00000000 00:00 0 
44b00000-44b0d000 rw-p 00000000 00:00 0 
44b0d000-44b10000 ---p 00000000 00:00 0 
44b10000-44b5e000 rw-p 00000000 00:00 0          [stack:10885]
44b5e000-44b61000 ---p 00000000 00:00 0 
44b61000-44baf000 rw-p 00000000 00:00 0          [stack:10676]
44baf000-44bb2000 ---p 00000000 00:00 0 
44bb2000-44c00000 rw-p 00000000 00:00 0          [stack:11156]
44c00000-44cf8000 rw-p 00000000 00:00 0 
44cf8000-44d00000 ---p 00000000 00:00 0 
44d00000-44d19000 rw-p 00000000 00:00 0 
44d19000-44d78000 rw-p 00000000 00:00 0 
44d78000-44d86000 rw-p 00000000 00:00 0 
44d86000-45400000 rw-s 00000000 00:04 121045017  /SYSV00000000 (deleted)
45400000-454ff000 rw-p 00000000 00:00 0 
454ff000-45500000 ---p 00000000 00:00 0 
45500000-45516000 rw-p 00000000 00:00 0 
45516000-45524000 r--s 0010f000 08:01 138889     /usr/lib/jvm/java-7-openjdk-i386/jre/lib/rhino.jar
45524000-45527000 ---p 00000000 00:00 0 
45527000-45575000 rw-p 00000000 00:00 0          [stack:12166]
45575000-455af000 r--s 001e1000 08:10 279313     /media/user/Harddisk/Double-MAC/tools/cooja/apps/avrora/lib/avrora-small.jar
455af000-455b2000 ---p 00000000 00:00 0 
455b2000-45600000 rw-p 00000000 00:00 0          [stack:10636]
45600000-456fb000 rw-p 00000000 00:00 0 
456fb000-45700000 ---p 00000000 00:00 0 
45700000-4570d000 rw-p 00000000 00:00 0 
4570d000-45712000 rw-p 00000000 00:00 0 
45712000-45715000 ---p 00000000 00:00 0 
45715000-4572d000 rw-p 00000000 00:00 0 
4572d000-4572f000 r--s 00003000 08:10 276594     /media/user/Harddisk/Double-MAC/tools/cooja/apps/powertracker/lib/powertracker.jar
4572f000-45730000 r--s 00002000 08:10 262276     /media/user/Harddisk/Double-MAC/tools/cooja/apps/collect-view/cooja-collect-view.jar
45730000-45732000 r--s 00008000 08:10 276593     /media/user/Harddisk/Double-MAC/tools/cooja/apps/serial_socket/lib/serial_socket.jar
45732000-45733000 r--s 00008000 08:10 262269     /media/user/Harddisk/Double-MAC/tools/cooja/apps/avrora/lib/cooja_avrora.jar
45733000-45735000 r--s 00010000 08:10 279672     /media/user/Harddisk/Double-MAC/tools/cooja/apps/mspsim/lib/jipv6.jar
45735000-45736000 r--s 00004000 08:10 276595     /media/user/Harddisk/Double-MAC/tools/cooja/apps/mspsim/lib/coffee.jar
45736000-45742000 r--s 000eb000 08:10 276575     /media/user/Harddisk/Double-MAC/tools/cooja/apps/mspsim/lib/mspsim.jar
45742000-45748000 r--s 00062000 08:10 276574     /media/user/Harddisk/Double-MAC/tools/cooja/apps/mspsim/lib/cooja_mspsim.jar
45748000-4574b000 ---p 00000000 00:00 0 
4574b000-45799000 rw-p 00000000 00:00 0          [stack:10635]
45799000-4579c000 ---p 00000000 00:00 0 
4579c000-457ea000 rw-p 00000000 00:00 0          [stack:10634]
457ea000-457eb000 r--s 00000000 08:01 395215     /var/cache/fontconfig/c05880de57d1f5e948fdfacc138775d9-le32d4.cache-4
457eb000-457f3000 r--s 00000000 08:01 395167     /var/cache/fontconfig/945677eb7aeaf62f1d50efc3fb3ec7d8-le32d4.cache-4
457f3000-457f7000 r--s 00000000 08:01 395159     /var/cache/fontconfig/2cd17615ca594fa2959ae173292e504c-le32d4.cache-4
457f7000-457fc000 r--s 00000000 08:01 394968     /var/cache/fontconfig/a755afe4a08bf5b97852ceb7400b47bc-le32d4.cache-4
457fc000-4580b000 r--s 00000000 08:01 394955     /var/cache/fontconfig/04aabc0a78ac019cf9454389977116d2-le32d4.cache-4
4580b000-4585b000 r-xp 00000000 08:01 138960     /usr/lib/jvm/java-7-openjdk-i386/jre/lib/i386/libfontmanager.so
4585b000-4585d000 r--p 0004f000 08:01 138960     /usr/lib/jvm/java-7-openjdk-i386/jre/lib/i386/libfontmanager.so
4585d000-4585e000 rw-p 00051000 08:01 138960     /usr/lib/jvm/java-7-openjdk-i386/jre/lib/i386/libfontmanager.so
4585e000-45861000 ---p 00000000 00:00 0 
45861000-458af000 rw-p 00000000 00:00 0          [stack:10633]
458af000-458b2000 ---p 00000000 00:00 0 
458b2000-45900000 rw-p 00000000 00:00 0          [stack:10632]
45900000-45a00000 rw-p 00000000 00:00 0 
45a00000-45a02000 r--s 00000000 08:01 395164     /var/cache/fontconfig/99e8ed0e538f840c565b6ed5dad60d56-le32d4.cache-4
45a02000-45a03000 r--s 00000000 08:01 395064     /var/cache/fontconfig/e7071f4a29fa870f4323321c154eba04-le32d4.cache-4
45a03000-45a04000 r--s 00000000 08:01 394991     /var/cache/fontconfig/0d8c3b2ac0904cb8a57a757ad11a4a08-le32d4.cache-4
45a04000-45a0d000 r--s 00000000 08:01 394962     /var/cache/fontconfig/6d41288fd70b0be22e8c3a91e032eec0-le32d4.cache-4
45a0d000-45a10000 r--s 00000000 08:01 394928     /var/cache/fontconfig/385c0604a188198f04d133e54aba7fe7-le32d4.cache-4
45a10000-45a14000 r--s 00000000 08:01 394858     /var/cache/fontconfig/8801497958630a81b71ace7c5f9b32a8-le32d4.cache-4
45a14000-45a19000 r--s 00000000 08:01 394798     /var/cache/fontconfig/3047814df9a2f067bd2d96a2b9c36e5a-le32d4.cache-4
45a19000-45a29000 r--s 00000000 08:01 394737     /var/cache/fontconfig/d52a8644073d54c13679302ca1180695-le32d4.cache-4
45a29000-45a2d000 r-xp 00000000 08:01 7640       /usr/lib/i386-linux-gnu/libXfixes.so.3.1.0
45a2d000-45a2e000 r--p 00003000 08:01 7640       /usr/lib/i386-linux-gnu/libXfixes.so.3.1.0
45a2e000-45a2f000 rw-p 00004000 08:01 7640       /usr/lib/i386-linux-gnu/libXfixes.so.3.1.0
45a2f000-45a38000 r-xp 00000000 08:01 9790       /usr/lib/i386-linux-gnu/libXcursor.so.1.0.2
45a38000-45a39000 r--p 00008000 08:01 9790       /usr/lib/i386-linux-gnu/libXcursor.so.1.0.2
45a39000-45a3a000 rw-p 00009000 08:01 9790       /usr/lib/i386-linux-gnu/libXcursor.so.1.0.2
45a3a000-45a3d000 r-xp 00000000 08:01 131371     /lib/i386-linux-gnu/libgpg-error.so.0.10.0
45a3d000-45a3e000 r--p 00002000 08:01 131371     /lib/i386-linux-gnu/libgpg-error.so.0.10.0
45a3e000-45a3f000 rw-p 00003000 08:01 131371     /lib/i386-linux-gnu/libgpg-error.so.0.10.0
45a3f000-45a41000 r-xp 00000000 08:01 132278     /lib/i386-linux-gnu/libkeyutils.so.1.4
45a41000-45a42000 r--p 00002000 08:01 132278     /lib/i386-linux-gnu/libkeyutils.so.1.4
45a42000-45a43000 rw-p 00003000 08:01 132278     /lib/i386-linux-gnu/libkeyutils.so.1.4
45a43000-45a69000 r-xp 00000000 08:01 158418     /lib/i386-linux-gnu/libpng12.so.0.50.0
45a69000-45a6a000 r--p 00025000 08:01 158418     /lib/i386-linux-gnu/libpng12.so.0.50.0
45a6a000-45a6b000 rw-p 00026000 08:01 158418     /lib/i386-linux-gnu/libpng12.so.0.50.0
45a6b000-45ab4000 r-xp 00000000 08:01 131443     /lib/i386-linux-gnu/libdbus-1.so.3.7.6
45ab4000-45ab5000 r--p 00048000 08:01 131443     /lib/i386-linux-gnu/libdbus-1.so.3.7.6
45ab5000-45ab6000 rw-p 00049000 08:01 131443     /lib/i386-linux-gnu/libdbus-1.so.3.7.6
45ab6000-45aed000 r-xp 00000000 08:01 712        /usr/lib/i386-linux-gnu/libp11-kit.so.0.0.0
45aed000-45aee000 ---p 00037000 08:01 712        /usr/lib/i386-linux-gnu/libp11-kit.so.0.0.0
45aee000-45af1000 r--p 00037000 08:01 712        /usr/lib/i386-linux-gnu/libp11-kit.so.0.0.0
45af1000-45af2000 rw-p 0003a000 08:01 712        /usr/lib/i386-linux-gnu/libp11-kit.so.0.0.0
45af2000-45b04000 r-xp 00000000 08:01 38286      /usr/lib/i386-linux-gnu/libtasn1.so.6.2.0
45b04000-45b05000 r--p 00011000 08:01 38286      /usr/lib/i386-linux-gnu/libtasn1.so.6.2.0
45b05000-45b06000 rw-p 00012000 08:01 38286      /usr/lib/i386-linux-gnu/libtasn1.so.6.2.0
45b06000-45b88000 r-xp 00000000 08:01 131206     /lib/i386-linux-gnu/libgcrypt.so.11.8.2
45b88000-45b89000 r--p 00082000 08:01 131206     /lib/i386-linux-gnu/libgcrypt.so.11.8.2
45b89000-45b8b000 rw-p 00083000 08:01 131206     /lib/i386-linux-gnu/libgcrypt.so.11.8.2
45b8b000-45b8c000 rw-p 00000000 00:00 0 
45b8c000-45b96000 r-xp 00000000 08:01 56557      /usr/lib/i386-linux-gnu/libkrb5support.so.0.1
45b96000-45b97000 r--p 00009000 08:01 56557      /usr/lib/i386-linux-gnu/libkrb5support.so.0.1
45b97000-45b98000 rw-p 0000a000 08:01 56557      /usr/lib/i386-linux-gnu/libkrb5support.so.0.1
45b98000-45b9b000 r-xp 00000000 08:01 138844     /lib/i386-linux-gnu/libcom_err.so.2.1
45b9b000-45b9c000 r--p 00002000 08:01 138844     /lib/i386-linux-gnu/libcom_err.so.2.1
45b9c000-45b9d000 rw-p 00003000 08:01 138844     /lib/i386-linux-gnu/libcom_err.so.2.1
45b9d000-45bcb000 r-xp 00000000 08:01 56585      /usr/lib/i386-linux-gnu/libk5crypto.so.3.1
45bcb000-45bcc000 r--p 0002d000 08:01 56585      /usr/lib/i386-linux-gnu/libk5crypto.so.3.1
45bcc000-45bcd000 rw-p 0002e000 08:01 56585      /usr/lib/i386-linux-gnu/libk5crypto.so.3.1
45bcd000-45c84000 r-xp 00000000 08:01 56629      /usr/lib/i386-linux-gnu/libkrb5.so.3.3
45c84000-45c8a000 r--p 000b7000 08:01 56629      /usr/lib/i386-linux-gnu/libkrb5.so.3.3
45c8a000-45c8b000 rw-p 000bd000 08:01 56629      /usr/lib/i386-linux-gnu/libkrb5.so.3.3
45c8b000-45c90000 r-xp 00000000 08:01 5406       /usr/lib/i386-linux-gnu/libXdmcp.so.6.0.0
45c90000-45c91000 r--p 00004000 08:01 5406       /usr/lib/i386-linux-gnu/libXdmcp.so.6.0.0
45c91000-45c92000 rw-p 00005000 08:01 5406       /usr/lib/i386-linux-gnu/libXdmcp.so.6.0.0
45c92000-45cb7000 r-xp 00000000 08:01 131422     /lib/i386-linux-gnu/libexpat.so.1.6.0
45cb7000-45cb8000 ---p 00025000 08:01 131422     /lib/i386-linux-gnu/libexpat.so.1.6.0
45cb8000-45cba000 r--p 00025000 08:01 131422     /lib/i386-linux-gnu/libexpat.so.1.6.0
45cba000-45cbb000 rw-p 00027000 08:01 131422     /lib/i386-linux-gnu/libexpat.so.1.6.0
45cbb000-45d56000 r-xp 00000000 08:01 5308       /usr/lib/i386-linux-gnu/libfreetype.so.6.11.1
45d56000-45d5a000 r--p 0009a000 08:01 5308       /usr/lib/i386-linux-gnu/libfreetype.so.6.11.1
45d5a000-45d5b000 rw-p 0009e000 08:01 5308       /usr/lib/i386-linux-gnu/libfreetype.so.6.11.1
45d5b000-45d6b000 r-xp 00000000 08:01 10788      /usr/lib/i386-linux-gnu/libavahi-client.so.3.2.9
45d6b000-45d6c000 r--p 0000f000 08:01 10788      /usr/lib/i386-linux-gnu/libavahi-client.so.3.2.9
45d6c000-45d6d000 rw-p 00010000 08:01 10788      /usr/lib/i386-linux-gnu/libavahi-client.so.3.2.9
45d6d000-45d79000 r-xp 00000000 08:01 8766       /usr/lib/i386-linux-gnu/libavahi-common.so.3.5.3
45d79000-45d7a000 r--p 0000b000 08:01 8766       /usr/lib/i386-linux-gnu/libavahi-common.so.3.5.3
45d7a000-45d7b000 rw-p 0000c000 08:01 8766       /usr/lib/i386-linux-gnu/libavahi-common.so.3.5.3
45d7b000-45e3c000 r-xp 00000000 08:01 43756      /usr/lib/i386-linux-gnu/libgnutls.so.26.22.6
45e3c000-45e40000 r--p 000c0000 08:01 43756      /usr/lib/i386-linux-gnu/libgnutls.so.26.22.6
45e40000-45e41000 rw-p 000c4000 08:01 43756      /usr/lib/i386-linux-gnu/libgnutls.so.26.22.6
45e41000-45e84000 r-xp 00000000 08:01 56613      /usr/lib/i386-linux-gnu/libgssapi_krb5.so.2.2
45e84000-45e85000 r--p 00042000 08:01 56613      /usr/lib/i386-linux-gnu/libgssapi_krb5.so.2.2
45e85000-45e86000 rw-p 00043000 08:01 56613      /usr/lib/i386-linux-gnu/libgssapi_krb5.so.2.2
45e86000-45ea6000 r-xp 00000000 08:01 66655      /usr/lib/i386-linux-gnu/libxcb.so.1.1.0
45ea6000-45ea7000 r--p 0001f000 08:01 66655      /usr/lib/i386-linux-gnu/libxcb.so.1.1.0
45ea7000-45ea8000 rw-p 00020000 08:01 66655      /usr/lib/i386-linux-gnu/libxcb.so.1.1.0
45ea8000-45ee1000 r-xp 00000000 08:01 10898      /usr/lib/i386-linux-gnu/libfontconfig.so.1.8.0
45ee1000-45ee2000 r--p 00039000 08:01 10898      /usr/lib/i386-linux-gnu/libfontconfig.so.1.8.0
45ee2000-45ee3000 rw-p 0003a000 08:01 10898      /usr/lib/i386-linux-gnu/libfontconfig.so.1.8.0
45ee3000-45f4a000 r-xp 00000000 08:01 6693       /usr/lib/i386-linux-gnu/libcups.so.2
45f4a000-45f4b000 ---p 00067000 08:01 6693       /usr/lib/i386-linux-gnu/libcups.so.2
45f4b000-45f4f000 r--p 00067000 08:01 6693       /usr/lib/i386-linux-gnu/libcups.so.2
45f4f000-45f50000 rw-p 0006b000 08:01 6693       /usr/lib/i386-linux-gnu/libcups.so.2
45f50000-45f5e000 r-xp 00000000 08:01 7577       /usr/lib/i386-linux-gnu/libXi.so.6.1.0
45f5e000-45f5f000 r--p 0000e000 08:01 7577       /usr/lib/i386-linux-gnu/libXi.so.6.1.0
45f5f000-45f60000 rw-p 0000f000 08:01 7577       /usr/lib/i386-linux-gnu/libXi.so.6.1.0
45f60000-45f65000 r-xp 00000000 08:01 10292      /usr/lib/i386-linux-gnu/libXtst.so.6.1.0
45f65000-45f66000 r--p 00004000 08:01 10292      /usr/lib/i386-linux-gnu/libXtst.so.6.1.0
45f66000-45f67000 rw-p 00005000 08:01 10292      /usr/lib/i386-linux-gnu/libXtst.so.6.1.0
45f67000-45f70000 r-xp 00000000 08:01 6199       /usr/lib/i386-linux-gnu/libXrender.so.1.3.0
45f70000-45f71000 r--p 00008000 08:01 6199       /usr/lib/i386-linux-gnu/libXrender.so.1.3.0
45f71000-45f72000 rw-p 00009000 08:01 6199       /usr/lib/i386-linux-gnu/libXrender.so.1.3.0
45f72000-460a2000 r-xp 00000000 08:01 10842      /usr/lib/i386-linux-gnu/libX11.so.6.3.0
460a2000-460a3000 r--p 00130000 08:01 10842      /usr/lib/i386-linux-gnu/libX11.so.6.3.0
460a3000-460a5000 rw-p 00131000 08:01 10842      /usr/lib/i386-linux-gnu/libX11.so.6.3.0
460a5000-460a6000 rw-p 00000000 00:00 0 
460a6000-460b7000 r-xp 00000000 08:01 6183       /usr/lib/i386-linux-gnu/libXext.so.6.4.0
460b7000-460b8000 r--p 00010000 08:01 6183       /usr/lib/i386-linux-gnu/libXext.so.6.4.0
460b8000-460b9000 rw-p 00011000 08:01 6183       /usr/lib/i386-linux-gnu/libXext.so.6.4.0
460b9000-46101000 r-xp 00000000 08:01 136828     /usr/lib/jvm/java-7-openjdk-i386/jre/lib/i386/xawt/libmawt.so
46101000-46102000 r--p 00047000 08:01 136828     /usr/lib/jvm/java-7-openjdk-i386/jre/lib/i386/xawt/libmawt.so
46102000-46104000 rw-p 00048000 08:01 136828     /usr/lib/jvm/java-7-openjdk-i386/jre/lib/i386/xawt/libmawt.so
46104000-46105000 rw-p 00000000 00:00 0 
46105000-46194000 r-xp 00000000 08:01 138964     /usr/lib/jvm/java-7-openjdk-i386/jre/lib/i386/libawt.so
46194000-46195000 r--p 0008f000 08:01 138964     /usr/lib/jvm/java-7-openjdk-i386/jre/lib/i386/libawt.so
46195000-4619c000 rw-p 00090000 08:01 138964     /usr/lib/jvm/java-7-openjdk-i386/jre/lib/i386/libawt.so
4619c000-461c0000 rw-p 00000000 00:00 0 
461c0000-461fc000 r-xp 00000000 08:01 136082     /lib/i386-linux-gnu/libpcre.so.3.13.1
461fc000-461fd000 r--p 0003b000 08:01 136082     /lib/i386-linux-gnu/libpcre.so.3.13.1
461fd000-461fe000 rw-p 0003c000 08:01 136082     /lib/i386-linux-gnu/libpcre.so.3.13.1
461fe000-4621e000 r-xp 00000000 08:01 131406     /lib/i386-linux-gnu/libselinux.so.1
4621e000-4621f000 r--p 0001f000 08:01 131406     /lib/i386-linux-gnu/libselinux.so.1
4621f000-46220000 rw-p 00020000 08:01 131406     /lib/i386-linux-gnu/libselinux.so.1
46220000-46221000 rw-p 00000000 00:00 0 
46221000-4632b000 r-xp 00000000 08:01 136564     /lib/i386-linux-gnu/libglib-2.0.so.0.4002.0
4632b000-4632c000 r--p 00109000 08:01 136564     /lib/i386-linux-gnu/libglib-2.0.so.0.4002.0
4632c000-4632d000 rw-p 0010a000 08:01 136564     /lib/i386-linux-gnu/libglib-2.0.so.0.4002.0
4632d000-4637d000 r-xp 00000000 08:01 1672       /usr/lib/i386-linux-gnu/libgobject-2.0.so.0.4002.0
4637d000-4637e000 r--p 0004f000 08:01 1672       /usr/lib/i386-linux-gnu/libgobject-2.0.so.0.4002.0
4637e000-4637f000 rw-p 00050000 08:01 1672       /usr/lib/i386-linux-gnu/libgobject-2.0.so.0.4002.0
4637f000-464fc000 r-xp 00000000 08:01 1674       /usr/lib/i386-linux-gnu/libgio-2.0.so.0.4002.0
464fc000-464fe000 r--p 0017d000 08:01 1674       /usr/lib/i386-linux-gnu/libgio-2.0.so.0.4002.0
464fe000-464ff000 rw-p 0017f000 08:01 1674       /usr/lib/i386-linux-gnu/libgio-2.0.so.0.4002.0
464ff000-46500000 rw-p 00000000 00:00 0 
46500000-46600000 rw-p 00000000 00:00 0 
46600000-46601000 r--s 00000000 08:01 394954     /var/cache/fontconfig/1ac9eb803944fde146138c791f5cc56a-le32d4.cache-4
46601000-46603000 r--s 00000000 08:01 394921     /var/cache/fontconfig/767a8244fc0220cfb567a839d0392e0b-le32d4.cache-4
46603000-46608000 r-xp 00000000 08:01 1818       /usr/lib/i386-linux-gnu/libffi.so.6.0.1
46608000-46609000 r--p 00005000 08:01 1818       /usr/lib/i386-linux-gnu/libffi.so.6.0.1
46609000-4660a000 rw-p 00006000 08:01 1818       /usr/lib/i386-linux-gnu/libffi.so.6.0.1
4660a000-4661d000 r-xp 00000000 08:01 159740     /lib/i386-linux-gnu/libresolv-2.19.so
4661d000-4661e000 ---p 00013000 08:01 159740     /lib/i386-linux-gnu/libresolv-2.19.so
4661e000-4661f000 r--p 00013000 08:01 159740     /lib/i386-linux-gnu/libresolv-2.19.so
4661f000-46620000 rw-p 00014000 08:01 159740     /lib/i386-linux-gnu/libresolv-2.19.so
46620000-46622000 rw-p 00000000 00:00 0 
46622000-46623000 r--s 00000000 08:01 394926     /var/cache/fontconfig/dc05db6664285cc2f12bf69c139ae4c3-le32d4.cache-4
46623000-46624000 r--s 00000000 08:01 394913     /var/cache/fontconfig/4794a0821666d79190d59a36cb4f44b5-le32d4.cache-4
46624000-46625000 r--s 00000000 08:01 394797     /var/cache/fontconfig/56cf4f4769d0f4abc89a4895d7bd3ae1-le32d4.cache-4
46625000-46629000 r--s 00000000 08:01 394795     /var/cache/fontconfig/b47c4e1ecd0709278f4910c18777a504-le32d4.cache-4
46629000-46630000 r--s 00000000 08:01 394735     /var/cache/fontconfig/3f7329c5293ffd510edef78f73874cfd-le32d4.cache-4
46630000-46639000 r--s 00000000 08:01 394733     /var/cache/fontconfig/d589a48862398ed80a3d6066f4f56f4c-le32d4.cache-4
46639000-4663a000 ---p 00000000 00:00 0 
4663a000-466ba000 rw-p 00000000 00:00 0          [stack:10631]
466ba000-466bd000 ---p 00000000 00:00 0 
466bd000-4670b000 rw-p 00000000 00:00 0          [stack:10630]
4670b000-4670e000 ---p 00000000 00:00 0 
4670e000-4678c000 rw-p 00000000 00:00 0          [stack:10629]
4678c000-4678f000 ---p 00000000 00:00 0 
4678f000-4680d000 rw-p 00000000 00:00 0          [stack:10628]
4680d000-46810000 ---p 00000000 00:00 0 
46810000-4685e000 rw-p 00000000 00:00 0          [stack:10627]
4685e000-46a5e000 r--p 00000000 08:01 369        /usr/lib/locale/locale-archive
46a5e000-46a61000 ---p 00000000 00:00 0 
46a61000-46aaf000 rw-p 00000000 00:00 0          [stack:10626]
46aaf000-46ab2000 ---p 00000000 00:00 0 
46ab2000-46b00000 rw-p 00000000 00:00 0          [stack:10625]
46b00000-46bff000 rw-p 00000000 00:00 0 
46bff000-46c00000 ---p 00000000 00:00 0 
46c00000-46c01000 r--s 00000000 08:01 394796     /var/cache/fontconfig/b9d506c9ac06c20b433354fa67a72993-le32d4.cache-4
46c01000-46c03000 r-xp 00000000 08:01 5352       /usr/lib/i386-linux-gnu/libXau.so.6.0.0
46c03000-46c04000 r--p 00001000 08:01 5352       /usr/lib/i386-linux-gnu/libXau.so.6.0.0
46c04000-46c05000 rw-p 00002000 08:01 5352       /usr/lib/i386-linux-gnu/libXau.so.6.0.0
46c05000-46c1c000 r-xp 00000000 08:01 138987     /usr/lib/jvm/java-7-openjdk-i386/jre/lib/i386/libnet.so
46c1c000-46c1d000 r--p 00017000 08:01 138987     /usr/lib/jvm/java-7-openjdk-i386/jre/lib/i386/libnet.so
46c1d000-46c1e000 rw-p 00018000 08:01 138987     /usr/lib/jvm/java-7-openjdk-i386/jre/lib/i386/libnet.so
46c1e000-46c2f000 r-xp 00000000 08:01 138994     /usr/lib/jvm/java-7-openjdk-i386/jre/lib/i386/libnio.so
46c2f000-46c30000 r--p 00010000 08:01 138994     /usr/lib/jvm/java-7-openjdk-i386/jre/lib/i386/libnio.so
46c30000-46c31000 rw-p 00011000 08:01 138994     /usr/lib/jvm/java-7-openjdk-i386/jre/lib/i386/libnio.so
46c31000-46c4e000 r--s 0014f000 08:10 280467     /media/user/Harddisk/Double-MAC/tools/cooja/lib/swingx-all-1.6.4.jar
46c4e000-46c4f000 ---p 00000000 00:00 0 
46c4f000-46ccf000 rw-p 00000000 00:00 0          [stack:10624]
46ccf000-46e80000 r--s 01d29000 08:01 136944     /usr/lib/jvm/java-7-openjdk-i386/jre/lib/rt.jar
46e80000-4a900000 rw-p 00000000 00:00 0 
4a900000-4a9fd000 rw-p 00000000 00:00 0 
4a9fd000-4aa00000 ---p 00000000 00:00 0 
4aa00000-4aa01000 r--s 00000000 08:01 394716     /var/cache/fontconfig/0c9eb80ebd1c36541ebe2852d3bb0c49-le32d4.cache-4
4aa01000-4aa03000 r--s 00000000 08:01 393797     /var/cache/fontconfig/e13b20fdb08344e0e664864cc2ede53d-le32d4.cache-4
4aa03000-4aa06000 r-xp 00000000 08:01 1675       /usr/lib/i386-linux-gnu/libgmodule-2.0.so.0.4002.0
4aa06000-4aa07000 r--p 00002000 08:01 1675       /usr/lib/i386-linux-gnu/libgmodule-2.0.so.0.4002.0
4aa07000-4aa08000 rw-p 00003000 08:01 1675       /usr/lib/i386-linux-gnu/libgmodule-2.0.so.0.4002.0
4aa08000-4aa12000 r--s 000ae000 08:01 136954     /usr/lib/jvm/java-7-openjdk-i386/jre/lib/resources.jar
4aa12000-4aa16000 r--s 00035000 08:10 276573     /media/user/Harddisk/Double-MAC/tools/cooja/apps/mrm/lib/mrm.jar
4aa16000-4aa1d000 r--s 0005b000 08:10 280465     /media/user/Harddisk/Double-MAC/tools/cooja/lib/jsyntaxpane.jar
4aa1d000-4aa24000 r--s 0004f000 08:10 280466     /media/user/Harddisk/Double-MAC/tools/cooja/lib/log4j.jar
4aa24000-4aa7f000 rw-p 00000000 00:00 0 
4aa7f000-4aa80000 ---p 00000000 00:00 0 
4aa80000-4ab00000 rw-p 00000000 00:00 0          [stack:10623]
4ab00000-4abf3000 rw-p 00000000 00:00 0 
4abf3000-4ac00000 ---p 00000000 00:00 0 
4ac00000-4ac03000 r--s 00000000 08:01 394715     /var/cache/fontconfig/7ef2298fde41cc6eeb7af42e48b7d293-le32d4.cache-4
4ac03000-4ac06000 r--s 00022000 08:10 280464     /media/user/Harddisk/Double-MAC/tools/cooja/lib/jdom.jar
4ac06000-4ac0a000 r--s 00085000 08:01 144112     /usr/lib/jvm/java-7-openjdk-i386/jre/lib/ext/localedata.jar
4ac0a000-4ac0e000 r--s 00034000 08:01 144116     /usr/lib/jvm/java-7-openjdk-i386/jre/lib/ext/sunjce_provider.jar
4ac0e000-4ac7e000 rw-p 00000000 00:00 0 
4ac7e000-4ac7f000 ---p 00000000 00:00 0 
4ac7f000-4ae54000 rw-p 00000000 00:00 0          [stack:10622]
4ae54000-4aeff000 rw-p 00000000 00:00 0 
4aeff000-4af09000 rw-p 00000000 00:00 0 
4af09000-4af11000 ---p 00000000 00:00 0 
4af11000-4af3f000 rw-p 00000000 00:00 0 
4af3f000-4b094000 rw-p 00000000 00:00 0 
4b094000-4b13f000 rw-p 00000000 00:00 0 
4b13f000-4b23f000 rw-p 00000000 00:00 0 
4b23f000-4c600000 rw-p 00000000 00:00 0 
4c600000-4d500000 ---p 00000000 00:00 0 
4d500000-53240000 rw-p 00000000 00:00 0 
53240000-7db00000 rw-p 00000000 00:00 0 
7db00000-93240000 rw-p 00000000 00:00 0 
93240000-b3200000 rw-p 00000000 00:00 0 
b3200000-b3240000 ---p 00000000 00:00 0 
b3240000-b325e000 rw-p 00000000 00:00 0 
b325e000-b3300000 rw-p 00000000 00:00 0 
b3300000-b3a80000 rwxp 00000000 00:00 0 
b3a80000-b63fd000 rw-p 00000000 00:00 0 
b63fd000-b6400000 ---p 00000000 00:00 0 
b6400000-b6403000 r--s 0000f000 08:01 144120     /usr/lib/jvm/java-7-openjdk-i386/jre/lib/ext/icedtea-sound.jar
b6403000-b640d000 rw-p 00000000 00:00 0 
b640d000-b6415000 ---p 00000000 00:00 0 
b6415000-b6443000 rw-p 00000000 00:00 0 
b6443000-b644e000 r-xp 00000000 08:01 159744     /lib/i386-linux-gnu/libnss_files-2.19.so
b644e000-b644f000 r--p 0000a000 08:01 159744     /lib/i386-linux-gnu/libnss_files-2.19.so
b644f000-b6450000 rw-p 0000b000 08:01 159744     /lib/i386-linux-gnu/libnss_files-2.19.so
b6450000-b645a000 r-xp 00000000 08:01 159715     /lib/i386-linux-gnu/libnss_nis-2.19.so
b645a000-b645b000 r--p 00009000 08:01 159715     /lib/i386-linux-gnu/libnss_nis-2.19.so
b645b000-b645c000 rw-p 0000a000 08:01 159715     /lib/i386-linux-gnu/libnss_nis-2.19.so
b645c000-b6471000 r-xp 00000000 08:01 159717     /lib/i386-linux-gnu/libnsl-2.19.so
b6471000-b6472000 r--p 00015000 08:01 159717     /lib/i386-linux-gnu/libnsl-2.19.so
b6472000-b6473000 rw-p 00016000 08:01 159717     /lib/i386-linux-gnu/libnsl-2.19.so
b6473000-b6475000 rw-p 00000000 00:00 0 
b6475000-b647c000 r-xp 00000000 08:01 159727     /lib/i386-linux-gnu/libnss_compat-2.19.so
b647c000-b647d000 r--p 00006000 08:01 159727     /lib/i386-linux-gnu/libnss_compat-2.19.so
b647d000-b647e000 rw-p 00007000 08:01 159727     /lib/i386-linux-gnu/libnss_compat-2.19.so
b647e000-b647f000 r--s 00002000 08:01 144114     /usr/lib/jvm/java-7-openjdk-i386/jre/lib/ext/dnsns.jar
b647f000-b6483000 r--s 0003c000 08:01 144118     /usr/lib/jvm/java-7-openjdk-i386/jre/lib/ext/sunpkcs11.jar
b6483000-b648b000 r-xp 00000000 08:01 138893     /usr/lib/jvm/java-7-openjdk-i386/jre/lib/i386/libzip.so
b648b000-b648c000 r--p 00007000 08:01 138893     /usr/lib/jvm/java-7-openjdk-i386/jre/lib/i386/libzip.so
b648c000-b648d000 rw-p 00008000 08:01 138893     /usr/lib/jvm/java-7-openjdk-i386/jre/lib/i386/libzip.so
b648d000-b6495000 rw-s 00000000 08:01 137504     /tmp/hsperfdata_user/10616
b6495000-b64bc000 r-xp 00000000 08:01 144073     /usr/lib/jvm/java-7-openjdk-i386/jre/lib/i386/libjava.so
b64bc000-b64bd000 r--p 00026000 08:01 144073     /usr/lib/jvm/java-7-openjdk-i386/jre/lib/i386/libjava.so
b64bd000-b64be000 rw-p 00027000 08:01 144073     /usr/lib/jvm/java-7-openjdk-i386/jre/lib/i386/libjava.so
b64be000-b64c5000 r-xp 00000000 08:01 159746     /lib/i386-linux-gnu/librt-2.19.so
b64c5000-b64c6000 r--p 00006000 08:01 159746     /lib/i386-linux-gnu/librt-2.19.so
b64c6000-b64c7000 rw-p 00007000 08:01 159746     /lib/i386-linux-gnu/librt-2.19.so
b64c7000-b64ca000 ---p 00000000 00:00 0 
b64ca000-b6518000 rw-p 00000000 00:00 0          [stack:10618]
b6518000-b6534000 r-xp 00000000 08:01 131544     /lib/i386-linux-gnu/libgcc_s.so.1
b6534000-b6535000 rw-p 0001b000 08:01 131544     /lib/i386-linux-gnu/libgcc_s.so.1
b6535000-b6579000 r-xp 00000000 08:01 159725     /lib/i386-linux-gnu/libm-2.19.so
b6579000-b657a000 r--p 00043000 08:01 159725     /lib/i386-linux-gnu/libm-2.19.so
b657a000-b657b000 rw-p 00044000 08:01 159725     /lib/i386-linux-gnu/libm-2.19.so
b657b000-b6657000 r-xp 00000000 08:01 540        /usr/lib/i386-linux-gnu/libstdc++.so.6.0.19
b6657000-b665b000 r--p 000dc000 08:01 540        /usr/lib/i386-linux-gnu/libstdc++.so.6.0.19
b665b000-b665c000 rw-p 000e0000 08:01 540        /usr/lib/i386-linux-gnu/libstdc++.so.6.0.19
b665c000-b6663000 rw-p 00000000 00:00 0 
b6663000-b7052000 r-xp 00000000 08:01 138935     /usr/lib/jvm/java-7-openjdk-i386/jre/lib/i386/server/libjvm.so
b7052000-b70a4000 r--p 009ee000 08:01 138935     /usr/lib/jvm/java-7-openjdk-i386/jre/lib/i386/server/libjvm.so
b70a4000-b70b8000 rw-p 00a40000 08:01 138935     /usr/lib/jvm/java-7-openjdk-i386/jre/lib/i386/server/libjvm.so
b70b8000-b74d6000 rw-p 00000000 00:00 0 
b74d6000-b74ee000 r-xp 00000000 08:01 158556     /lib/i386-linux-gnu/libz.so.1.2.8
b74ee000-b74ef000 r--p 00017000 08:01 158556     /lib/i386-linux-gnu/libz.so.1.2.8
b74ef000-b74f0000 rw-p 00018000 08:01 158556     /lib/i386-linux-gnu/libz.so.1.2.8
b74f0000-b7508000 r-xp 00000000 08:01 159736     /lib/i386-linux-gnu/libpthread-2.19.so
b7508000-b7509000 r--p 00018000 08:01 159736     /lib/i386-linux-gnu/libpthread-2.19.so
b7509000-b750a000 rw-p 00019000 08:01 159736     /lib/i386-linux-gnu/libpthread-2.19.so
b750a000-b750c000 rw-p 00000000 00:00 0 
b750c000-b750f000 r-xp 00000000 08:01 159003     /lib/i386-linux-gnu/libdl-2.19.so
b750f000-b7510000 r--p 00002000 08:01 159003     /lib/i386-linux-gnu/libdl-2.19.so
b7510000-b7511000 rw-p 00003000 08:01 159003     /lib/i386-linux-gnu/libdl-2.19.so
b7511000-b76b9000 r-xp 00000000 08:01 159001     /lib/i386-linux-gnu/libc-2.19.so
b76b9000-b76bb000 r--p 001a8000 08:01 159001     /lib/i386-linux-gnu/libc-2.19.so
b76bb000-b76bc000 rw-p 001aa000 08:01 159001     /lib/i386-linux-gnu/libc-2.19.so
b76bc000-b76bf000 rw-p 00000000 00:00 0 
b76bf000-b76c1000 r--s 00006000 08:01 276693     /usr/share/java/java-atk-wrapper.jar
b76c1000-b76c3000 r--s 00012000 08:01 144121     /usr/lib/jvm/java-7-openjdk-i386/jre/lib/ext/zipfs.jar
b76c3000-b76c4000 r--p 002c5000 08:01 369        /usr/lib/locale/locale-archive
b76c4000-b76c5000 rw-p 00000000 00:00 0 
b76c5000-b76c6000 r--p 00000000 00:00 0 
b76c6000-b76d4000 r-xp 00000000 08:01 138970     /usr/lib/jvm/java-7-openjdk-i386/jre/lib/i386/libverify.so
b76d4000-b76d5000 r--p 0000d000 08:01 138970     /usr/lib/jvm/java-7-openjdk-i386/jre/lib/i386/libverify.so
b76d5000-b76d6000 rw-p 0000e000 08:01 138970     /usr/lib/jvm/java-7-openjdk-i386/jre/lib/i386/libverify.so
b76d6000-b76e2000 r-xp 00000000 08:01 138927     /usr/lib/jvm/java-7-openjdk-i386/jre/lib/i386/jli/libjli.so
b76e2000-b76e3000 r--p 0000c000 08:01 138927     /usr/lib/jvm/java-7-openjdk-i386/jre/lib/i386/jli/libjli.so
b76e3000-b76e4000 rw-p 0000d000 08:01 138927     /usr/lib/jvm/java-7-openjdk-i386/jre/lib/i386/jli/libjli.so
b76e4000-b76e7000 rw-p 00000000 00:00 0 
b76e7000-b76e8000 r-xp 00000000 00:00 0          [vdso]
b76e8000-b7708000 r-xp 00000000 08:01 159713     /lib/i386-linux-gnu/ld-2.19.so
b7708000-b7709000 r--p 0001f000 08:01 159713     /lib/i386-linux-gnu/ld-2.19.so
b7709000-b770a000 rw-p 00020000 08:01 159713     /lib/i386-linux-gnu/ld-2.19.so
bfc05000-bfc06000 rwxp 00000000 00:00 0 
bfc38000-bfc59000 rw-p 00000000 00:00 0          [stack]

VM Arguments:
jvm_args: -Xmx1536m 
java_command: org.contikios.cooja.Cooja
Launcher Type: SUN_STANDARD

Environment Variables:
JAVA_HOME=/usr/lib/jvm/java-7-openjdk-i386
PATH=/usr/local/sdcc/bin:/usr/local/sbin:/usr/local/bin:/usr/sbin:/usr/bin:/sbin:/bin:/usr/games:/usr/local/games:/home/user/CodeSourcery/Sourcery_G++_Lite/bin:/usr/local/msp430/bin:/home/user/CodeSourcery/Sourcery_G++_Lite/bin
LD_LIBRARY_PATH=.
SHELL=/bin/bash
DISPLAY=:0

Signal Handlers:
SIGSEGV: [libjvm.so+0x80cb90], sa_mask[0]=0x7ffbfeff, sa_flags=0x10000004
SIGBUS: [libjvm.so+0x80cb90], sa_mask[0]=0x7ffbfeff, sa_flags=0x10000004
SIGFPE: [libjvm.so+0x684e30], sa_mask[0]=0x7ffbfeff, sa_flags=0x10000004
SIGPIPE: [libjvm.so+0x684e30], sa_mask[0]=0x7ffbfeff, sa_flags=0x10000004
SIGXFSZ: [libjvm.so+0x684e30], sa_mask[0]=0x7ffbfeff, sa_flags=0x10000004
SIGILL: [libjvm.so+0x684e30], sa_mask[0]=0x7ffbfeff, sa_flags=0x10000004
SIGUSR1: SIG_DFL, sa_mask[0]=0x00000000, sa_flags=0x00000000
SIGUSR2: [libjvm.so+0x684cc0], sa_mask[0]=0x00000004, sa_flags=0x10000004
SIGHUP: [libjvm.so+0x684ef0], sa_mask[0]=0x7ffbfeff, sa_flags=0x10000004
SIGINT: [libjvm.so+0x684ef0], sa_mask[0]=0x7ffbfeff, sa_flags=0x10000004
SIGTERM: [libjvm.so+0x684ef0], sa_mask[0]=0x7ffbfeff, sa_flags=0x10000004
SIGQUIT: [libjvm.so+0x684ef0], sa_mask[0]=0x7ffbfeff, sa_flags=0x10000004
SIGTRAP: SIG_DFL, sa_mask[0]=0x00000000, sa_flags=0x00000000


---------------  S Y S T E M  ---------------

OS:Ubuntu 14.04 (trusty)
uname:Linux 3.13.0-62-generic #102-Ubuntu SMP Tue Aug 11 14:28:35 UTC 2015 i686
libc:glibc 2.19 NPTL 2.19 
rlimit: STACK 8192k, CORE 0k, NPROC 32159, NOFILE 4096, AS infinity
load average:4.49 4.55 4.50

/proc/meminfo:
MemTotal:        4135720 kB
MemFree:          489272 kB
Buffers:           97112 kB
Cached:           994696 kB
SwapCached:         6040 kB
Active:          2416028 kB
Inactive:        1061024 kB
Active(anon):    1807884 kB
Inactive(anon):   607848 kB
Active(file):     608144 kB
Inactive(file):   453176 kB
Unevictable:          32 kB
Mlocked:              32 kB
HighTotal:       3280840 kB
HighFree:         329248 kB
LowTotal:         854880 kB
LowFree:          160024 kB
SwapTotal:       1046524 kB
SwapFree:         985920 kB
Dirty:               188 kB
Writeback:             0 kB
AnonPages:       2380100 kB
Mapped:            92240 kB
Shmem:             30480 kB
Slab:             139324 kB
SReclaimable:     121004 kB
SUnreclaim:        18320 kB
KernelStack:        4312 kB
PageTables:        11964 kB
NFS_Unstable:          0 kB
Bounce:                0 kB
WritebackTmp:          0 kB
CommitLimit:     3114384 kB
Committed_AS:    4713400 kB
VmallocTotal:     122880 kB
VmallocUsed:        9204 kB
VmallocChunk:     108036 kB
HardwareCorrupted:     0 kB
AnonHugePages:   2037760 kB
HugePages_Total:       0
HugePages_Free:        0
HugePages_Rsvd:        0
HugePages_Surp:        0
Hugepagesize:       2048 kB
DirectMap4k:       22520 kB
DirectMap2M:      890880 kB


CPU:total 2 (2 cores per cpu, 1 threads per core) family 6 model 158 stepping 9, cmov, cx8, fxsr, mmx, sse, sse2, sse3, ssse3, sse4.1, sse4.2, popcnt, avx, aes, tsc, tscinvbit

/proc/cpuinfo:
processor	: 0
vendor_id	: GenuineIntel
cpu family	: 6
model		: 158
model name	: Intel(R) Core(TM) i5-7500 CPU @ 3.40GHz
stepping	: 9
cpu MHz		: 3407.998
cache size	: 6144 KB
physical id	: 0
siblings	: 2
core id		: 0
cpu cores	: 2
apicid		: 0
initial apicid	: 0
fdiv_bug	: no
f00f_bug	: no
coma_bug	: no
fpu		: yes
fpu_exception	: yes
cpuid level	: 22
wp		: yes
flags		: fpu vme de pse tsc msr pae mce cx8 apic sep mtrr pge mca cmov pat pse36 clflush mmx fxsr sse sse2 ht nx rdtscp constant_tsc xtopology nonstop_tsc pni pclmulqdq ssse3 cx16 sse4_1 sse4_2 x2apic movbe popcnt aes xsave avx rdrand hypervisor lahf_lm abm 3dnowprefetch rdseed
bogomips	: 6815.99
clflush size	: 64
cache_alignment	: 64
address sizes	: 39 bits physical, 48 bits virtual
power management:

processor	: 1
vendor_id	: GenuineIntel
cpu family	: 6
model		: 158
model name	: Intel(R) Core(TM) i5-7500 CPU @ 3.40GHz
stepping	: 9
cpu MHz		: 3407.998
cache size	: 6144 KB
physical id	: 0
siblings	: 2
core id		: 1
cpu cores	: 2
apicid		: 1
initial apicid	: 1
fdiv_bug	: no
f00f_bug	: no
coma_bug	: no
fpu		: yes
fpu_exception	: yes
cpuid level	: 22
wp		: yes
flags		: fpu vme de pse tsc msr pae mce cx8 apic sep mtrr pge mca cmov pat pse36 clflush mmx fxsr sse sse2 ht nx rdtscp constant_tsc xtopology nonstop_tsc pni pclmulqdq ssse3 cx16 sse4_1 sse4_2 x2apic movbe popcnt aes xsave avx rdrand hypervisor lahf_lm abm 3dnowprefetch rdseed
bogomips	: 6815.99
clflush size	: 64
cache_alignment	: 64
address sizes	: 39 bits physical, 48 bits virtual
power management:



Memory: 4k page, physical 4135720k(489272k free), swap 1046524k(985920k free)

vm_info: OpenJDK Server VM (24.79-b02) for linux-x86 JRE (1.7.0_79-b14), built on Jul 24 2015 08:25:15 by "buildd" with gcc 4.8.2

time: Wed Sep 13 05:04:46 2017
elapsed time: 46210 seconds

